#
# A fatal error has been detected by the Java Runtime Environment:
#
#  EXCEPTION_UNCAUGHT_CXX_EXCEPTION (0xe06d7363) at pc=0x000007fefcfeaaad, pid=5852, tid=5964
#
# JRE version: Java(TM) SE Runtime Environment (8.0_73-b02) (build 1.8.0_73-b02)
# Java VM: Java HotSpot(TM) 64-Bit Server VM (25.73-b02 mixed mode windows-amd64 compressed oops)
# Problematic frame:
# C  [KERNELBASE.dll+0x1aaad]
#
# Failed to write core dump. Minidumps are not enabled by default on client versions of Windows
#
# If you would like to submit a bug report, please visit:
#   http://bugreport.java.com/bugreport/crash.jsp
# The crash happened outside the Java Virtual Machine in native code.
# See problematic frame for where to report the bug.
#

---------------  T H R E A D  ---------------

Current thread (0x0000000056cc4800):  JavaThread "Thread-4" [_thread_in_native, id=5964, stack(0x000000005cc60000,0x000000005cd60000)]

siginfo: ExceptionCode=0xe06d7363, ExceptionInformation=0x0000000019930520 0x000000005cd5f210 0x000007fedfab7690 0x000007fedf7c0000 

Registers:
RAX=0x000000002b5f48e7, RBX=0x000007fedfab7690, RCX=0x000000005cd5ea40, RDX=0x00000000000000d0
RSP=0x000000005cd5f050, RBP=0x000000005cd5f180, RSI=0x000000005cd5f320, RDI=0x000000005cd5f210
R8 =0x0000000000000000, R9 =0x0000000000000000, R10=0x000007fedf7c0000, R11=0x000000005cd5f090
R12=0x0000000000000000, R13=0x0000000054bb4500, R14=0x000000005cd5f420, R15=0x0000000058ce12f0
RIP=0x000007fefcfeaaad, EFLAGS=0x0000000000000206

Top of Stack: (sp=0x000000005cd5f050)
0x000000005cd5f050:   000007fedfab7690 000000005cd5f320
0x000000005cd5f060:   000000005cd5f210 0000000000500cc0
0x000000005cd5f070:   00000001e06d7363 0000000000000000
0x000000005cd5f080:   000007fefcfeaaad 000007fe00000004
0x000000005cd5f090:   0000000019930520 000000005cd5f210
0x000000005cd5f0a0:   000007fedfab7690 000007fedf7c0000
0x000000005cd5f0b0:   69746365723f0000 000000005cd5f138
0x000000005cd5f0c0:   5140407061654c40 655655413f414245
0x000000005cd5f0d0:   0000000000500cc0 5a40403233554245
0x000000005cd5f0e0:   00000000678d8600 0000000000000000
0x000000005cd5f0f0:   000000005cd5f420 0000000054bb4500
0x000000005cd5f100:   0000000000000000 000000005cd5f210
0x000000005cd5f110:   000000005cd5f320 000007fee095ef63
0x000000005cd5f120:   000007fedfab7690 000000005cd5f190
0x000000005cd5f130:   000007fe00000001 000007fedf7c0120
0x000000005cd5f140:   00000001e06d7363 0000000000000000 

Instructions: (pc=0x000007fefcfeaaad)
0x000007fefcfeaa8d:   54 24 24 48 89 4c 24 28 4d 85 c9 0f 85 3a 0a 00
0x000007fefcfeaa9d:   00 89 4c 24 38 48 8d 4c 24 20 ff 15 f3 07 03 00
0x000007fefcfeaaad:   48 81 c4 c8 00 00 00 c3 90 90 90 90 90 90 90 90
0x000007fefcfeaabd:   90 90 90 48 89 5c 24 08 57 48 83 ec 20 48 8b d9 


Register to memory mapping:

RAX=0x000000002b5f48e7 is an unknown value
RBX=0x000007fedfab7690 is an unknown value
RCX=0x000000005cd5ea40 is pointing into the stack for thread: 0x0000000056cc4800
RDX=0x00000000000000d0 is an unknown value
RSP=0x000000005cd5f050 is pointing into the stack for thread: 0x0000000056cc4800
RBP=0x000000005cd5f180 is pointing into the stack for thread: 0x0000000056cc4800
RSI=0x000000005cd5f320 is pointing into the stack for thread: 0x0000000056cc4800
RDI=0x000000005cd5f210 is pointing into the stack for thread: 0x0000000056cc4800
R8 =0x0000000000000000 is an unknown value
R9 =0x0000000000000000 is an unknown value
R10=0x000007fedf7c0000 is an unknown value
R11=0x000000005cd5f090 is pointing into the stack for thread: 0x0000000056cc4800
R12=0x0000000000000000 is an unknown value
R13={method} {0x0000000054bb4508} 'Image_rectify' '(JLcom/leapmotion/leap/Image;JLcom/leapmotion/leap/Vector;)J' in 'com/leapmotion/leap/LeapJNI'
R14=0x000000005cd5f420 is pointing into the stack for thread: 0x0000000056cc4800
R15=0x0000000058ce12f0 is an unknown value


Stack: [0x000000005cc60000,0x000000005cd60000],  sp=0x000000005cd5f050,  free space=1020k
Native frames: (J=compiled Java code, j=interpreted, Vv=VM code, C=native code)
C  [KERNELBASE.dll+0x1aaad]
C  [msvcr120.dll+0x5ef63]
C  [Leap.dll+0x7bf38]
C  [Leap.dll+0x7b5ed]
C  [Leap.dll+0x7ad53]
C  [LeapJava.dll+0x8be1]
C  0x000000000298da0c

Java frames: (J=compiled Java code, j=interpreted, Vv=VM code)
j  com.leapmotion.leap.LeapJNI.Image_rectify(JLcom/leapmotion/leap/Image;JLcom/leapmotion/leap/Vector;)J+0
j  com.leapmotion.leap.Image.rectify(Lcom/leapmotion/leap/Vector;)Lcom/leapmotion/leap/Vector;+14
j  sample.FXController$1.run()V+125
j  java.lang.Thread.run()V+11
v  ~StubRoutines::call_stub

---------------  P R O C E S S  ---------------

Java Threads: ( => current thread )
=>0x0000000056cc4800 JavaThread "Thread-4" [_thread_in_native, id=5964, stack(0x000000005cc60000,0x000000005cd60000)]
  0x0000000056cc4000 JavaThread "Prism Font Disposer" daemon [_thread_blocked, id=5288, stack(0x000000005c000000,0x000000005c100000)]
  0x0000000056cc2000 JavaThread "JavaFX-Launcher" [_thread_blocked, id=1516, stack(0x0000000059460000,0x0000000059560000)]
  0x0000000056954000 JavaThread "Thread-2" daemon [_thread_in_native, id=5312, stack(0x0000000059270000,0x0000000059370000)]
  0x0000000056935000 JavaThread "JavaFX Application Thread" [_thread_in_native, id=3844, stack(0x0000000057a40000,0x0000000057b40000)]
  0x000000005697f800 JavaThread "Thread-1" daemon [_thread_blocked, id=3084, stack(0x00000000577d0000,0x00000000578d0000)]
  0x00000000568b9800 JavaThread "QuantumRenderer-0" daemon [_thread_blocked, id=5652, stack(0x00000000574b0000,0x00000000575b0000)]
  0x0000000054da0000 JavaThread "Service Thread" daemon [_thread_blocked, id=5408, stack(0x0000000056a00000,0x0000000056b00000)]
  0x0000000054d98000 JavaThread "C1 CompilerThread1" daemon [_thread_blocked, id=5296, stack(0x0000000056280000,0x0000000056380000)]
  0x0000000054d9c000 JavaThread "C2 CompilerThread0" daemon [_thread_blocked, id=4212, stack(0x0000000056480000,0x0000000056580000)]
  0x0000000054d84000 JavaThread "JDWP Command Reader" daemon [_thread_in_native, id=6108, stack(0x0000000056380000,0x0000000056480000)]
  0x0000000054d7e000 JavaThread "JDWP Event Helper Thread" daemon [_thread_blocked, id=5492, stack(0x0000000056170000,0x0000000056270000)]
  0x0000000054d70000 JavaThread "JDWP Transport Listener: dt_socket" daemon [_thread_blocked, id=5648, stack(0x0000000056020000,0x0000000056120000)]
  0x0000000054d69800 JavaThread "Attach Listener" daemon [_thread_blocked, id=5708, stack(0x0000000055e00000,0x0000000055f00000)]
  0x0000000054d68000 JavaThread "Signal Dispatcher" daemon [_thread_blocked, id=4932, stack(0x0000000055bc0000,0x0000000055cc0000)]
  0x0000000054d07000 JavaThread "Finalizer" daemon [_thread_blocked, id=5264, stack(0x0000000055a40000,0x0000000055b40000)]
  0x0000000054d03800 JavaThread "Reference Handler" daemon [_thread_blocked, id=3512, stack(0x00000000557c0000,0x00000000558c0000)]
  0x00000000021a0000 JavaThread "main" [_thread_blocked, id=5488, stack(0x00000000025a0000,0x00000000026a0000)]

Other Threads:
  0x0000000054cfe000 VMThread [stack: 0x00000000556a0000,0x00000000557a0000] [id=4156]
  0x00000000565c4000 WatcherThread [stack: 0x0000000056bb0000,0x0000000056cb0000] [id=3888]

VM state:not at safepoint (normal execution)

VM Mutex/Monitor currently owned by a thread: None

Heap:
 PSYoungGen      total 18944K, used 15717K [0x00000000eb400000, 0x00000000ec900000, 0x0000000100000000)
  eden space 16384K, 80% used [0x00000000eb400000,0x00000000ec0e1510,0x00000000ec400000)
  from space 2560K, 98% used [0x00000000ec400000,0x00000000ec678040,0x00000000ec680000)
  to   space 2560K, 0% used [0x00000000ec680000,0x00000000ec680000,0x00000000ec900000)
 ParOldGen       total 44032K, used 428K [0x00000000c1c00000, 0x00000000c4700000, 0x00000000eb400000)
  object space 44032K, 0% used [0x00000000c1c00000,0x00000000c1c6b040,0x00000000c4700000)
 Metaspace       used 14905K, capacity 15504K, committed 15744K, reserved 1062912K
  class space    used 1946K, capacity 2117K, committed 2176K, reserved 1048576K

Card table byte_map: [0x0000000011d30000,0x0000000011f30000] byte_map_base: 0x0000000011722000

Marking Bits: (ParMarkBitMap*) 0x0000000067b10600
 Begin Bits: [0x00000000122b0000, 0x0000000013240000)
 End Bits:   [0x0000000013240000, 0x00000000141d0000)

Polling page: 0x0000000000140000

CodeCache: size=245760Kb used=3877Kb max_used=3889Kb free=241882Kb
 bounds [0x0000000002970000, 0x0000000002d40000, 0x0000000011970000]
 total_blobs=1687 nmethods=1065 adapters=544
 compilation: enabled

Compilation events (10 events):
Event: 12.584 Thread 0x0000000054d98000 nmethod 1060 0x0000000002d39650 code [0x0000000002d397a0, 0x0000000002d398b0]
Event: 12.584 Thread 0x0000000054d98000 1061       1       com.sun.prism.impl.BaseGraphics::isDepthTest (5 bytes)
Event: 12.584 Thread 0x0000000054d98000 nmethod 1061 0x0000000002d39910 code [0x0000000002d39a60, 0x0000000002d39b70]
Event: 12.584 Thread 0x0000000054d98000 1062       1       com.sun.prism.impl.ps.BaseShaderContext$State::access$1100 (5 bytes)
Event: 12.585 Thread 0x0000000054d98000 nmethod 1062 0x0000000002d39bd0 code [0x0000000002d39d20, 0x0000000002d39e10]
Event: 12.588 Thread 0x0000000054d98000 1063       3       java.lang.Math::round (70 bytes)
Event: 12.588 Thread 0x0000000054d98000 nmethod 1063 0x0000000002d39e90 code [0x0000000002d39fe0, 0x0000000002d3a250]
Event: 12.614 Thread 0x0000000054d9c000 1064  s    4       sun.misc.PerfCounter::add (18 bytes)
Event: 12.614 Thread 0x0000000054d98000 1065  s    2       sun.misc.PerfCounter::get (9 bytes)
Event: 12.615 Thread 0x0000000054d98000 nmethod 1065 0x0000000002d3a2d0 code [0x0000000002d3a440, 0x0000000002d3a728]

GC Heap History (2 events):
Event: 5.436 GC heap before
{Heap before GC invocations=1 (full 0):
 PSYoungGen      total 18944K, used 16384K [0x00000000eb400000, 0x00000000ec900000, 0x0000000100000000)
  eden space 16384K, 100% used [0x00000000eb400000,0x00000000ec400000,0x00000000ec400000)
  from space 2560K, 0% used [0x00000000ec680000,0x00000000ec680000,0x00000000ec900000)
  to   space 2560K, 0% used [0x00000000ec400000,0x00000000ec400000,0x00000000ec680000)
 ParOldGen       total 44032K, used 0K [0x00000000c1c00000, 0x00000000c4700000, 0x00000000eb400000)
  object space 44032K, 0% used [0x00000000c1c00000,0x00000000c1c00000,0x00000000c4700000)
 Metaspace       used 10660K, capacity 11012K, committed 11136K, reserved 1058816K
  class space    used 1279K, capacity 1403K, committed 1408K, reserved 1048576K
Event: 5.449 GC heap after
Heap after GC invocations=1 (full 0):
 PSYoungGen      total 18944K, used 2528K [0x00000000eb400000, 0x00000000ec900000, 0x0000000100000000)
  eden space 16384K, 0% used [0x00000000eb400000,0x00000000eb400000,0x00000000ec400000)
  from space 2560K, 98% used [0x00000000ec400000,0x00000000ec678040,0x00000000ec680000)
  to   space 2560K, 0% used [0x00000000ec680000,0x00000000ec680000,0x00000000ec900000)
 ParOldGen       total 44032K, used 428K [0x00000000c1c00000, 0x00000000c4700000, 0x00000000eb400000)
  object space 44032K, 0% used [0x00000000c1c00000,0x00000000c1c6b040,0x00000000c4700000)
 Metaspace       used 10660K, capacity 11012K, committed 11136K, reserved 1058816K
  class space    used 1279K, capacity 1403K, committed 1408K, reserved 1048576K
}

Deoptimization events (10 events):
Event: 7.218 Thread 0x0000000056935000 Uncommon trap: reason=class_check action=maybe_recompile pc=0x0000000002c0ab84 method=java.io.DataInputStream.readShort()S @ 4
Event: 7.219 Thread 0x0000000056935000 Uncommon trap: reason=class_check action=maybe_recompile pc=0x0000000002c0ab84 method=java.io.DataInputStream.readShort()S @ 4
Event: 7.226 Thread 0x0000000056935000 Uncommon trap: reason=class_check action=maybe_recompile pc=0x0000000002c0ab84 method=java.io.DataInputStream.readShort()S @ 4
Event: 7.229 Thread 0x0000000056935000 Uncommon trap: reason=class_check action=maybe_recompile pc=0x0000000002c0ab84 method=java.io.DataInputStream.readShort()S @ 4
Event: 7.264 Thread 0x0000000056935000 Uncommon trap: reason=class_check action=maybe_recompile pc=0x0000000002a92f44 method=java.lang.String.equals(Ljava/lang/Object;)Z @ 8
Event: 7.264 Thread 0x0000000056935000 Uncommon trap: reason=class_check action=maybe_recompile pc=0x0000000002a92f44 method=java.lang.String.equals(Ljava/lang/Object;)Z @ 8
Event: 7.264 Thread 0x0000000056935000 Uncommon trap: reason=class_check action=maybe_recompile pc=0x0000000002a92f44 method=java.lang.String.equals(Ljava/lang/Object;)Z @ 8
Event: 7.271 Thread 0x0000000056935000 Uncommon trap: reason=class_check action=maybe_recompile pc=0x0000000002a92f44 method=java.lang.String.equals(Ljava/lang/Object;)Z @ 8
Event: 7.445 Thread 0x0000000056935000 Uncommon trap: reason=unstable_if action=reinterpret pc=0x0000000002c9cfec method=java.lang.String.regionMatches(ZILjava/lang/String;II)Z @ 123
Event: 7.612 Thread 0x0000000056935000 Uncommon trap: reason=unstable_if action=reinterpret pc=0x0000000002c713f8 method=sun.net.www.ParseUtil.encodePath(Ljava/lang/String;Z)Ljava/lang/String; @ 109

Internal exceptions (10 events):
Event: 1.772 Thread 0x00000000021a0000 Exception <a 'java/security/PrivilegedActionException'> (0x00000000eb72acc8) thrown at [D:\re\puppet\workspace\8-2-build-windows-amd64-cygwin\jdk8u73\6086\hotspot\src\share\vm\prims\jvm.cpp, line 1386]
Event: 1.775 Thread 0x00000000021a0000 Exception <a 'java/security/PrivilegedActionException'> (0x00000000eb72eb10) thrown at [D:\re\puppet\workspace\8-2-build-windows-amd64-cygwin\jdk8u73\6086\hotspot\src\share\vm\prims\jvm.cpp, line 1386]
Event: 1.775 Thread 0x00000000021a0000 Exception <a 'java/security/PrivilegedActionException'> (0x00000000eb72ed20) thrown at [D:\re\puppet\workspace\8-2-build-windows-amd64-cygwin\jdk8u73\6086\hotspot\src\share\vm\prims\jvm.cpp, line 1386]
Event: 1.784 Thread 0x00000000021a0000 Exception <a 'java/lang/NullPointerException'> (0x00000000eb72f2f8) thrown at [D:\re\puppet\workspace\8-2-build-windows-amd64-cygwin\jdk8u73\6086\hotspot\src\share\vm\interpreter\linkResolver.cpp, line 1178]
Event: 4.982 Thread 0x0000000056935000 Exception <a 'java/lang/NullPointerException'> (0x00000000ec0e24e0) thrown at [D:\re\puppet\workspace\8-2-build-windows-amd64-cygwin\jdk8u73\6086\hotspot\src\share\vm\interpreter\linkResolver.cpp, line 1178]
Event: 4.982 Thread 0x0000000056935000 Exception <a 'java/lang/NullPointerException'> (0x00000000ec0e24e0) thrown at [D:\re\puppet\workspace\8-2-build-windows-amd64-cygwin\jdk8u73\6086\hotspot\src\share\vm\prims\jvm.cpp, line 1390]
Event: 5.525 Thread 0x0000000056935000 Exception <a 'java/lang/ArrayIndexOutOfBoundsException'> (0x00000000eb4edd90) thrown at [D:\re\puppet\workspace\8-2-build-windows-amd64-cygwin\jdk8u73\6086\hotspot\src\share\vm\runtime\sharedRuntime.cpp, line 605]
Event: 5.528 Thread 0x0000000056935000 Exception <a 'java/lang/ArrayIndexOutOfBoundsException'> (0x00000000eb4eea90) thrown at [D:\re\puppet\workspace\8-2-build-windows-amd64-cygwin\jdk8u73\6086\hotspot\src\share\vm\runtime\sharedRuntime.cpp, line 605]
Event: 5.531 Thread 0x0000000056935000 Exception <a 'java/lang/ArrayIndexOutOfBoundsException'> (0x00000000eb4efe38) thrown at [D:\re\puppet\workspace\8-2-build-windows-amd64-cygwin\jdk8u73\6086\hotspot\src\share\vm\runtime\sharedRuntime.cpp, line 605]
Event: 6.032 Thread 0x0000000056935000 Implicit null exception at 0x0000000002c305e4 to 0x0000000002c3082d

Events (10 events):
Event: 12.605 Thread 0x0000000056cc4800 DEOPT UNPACKING pc=0x00000000029b747f sp=0x000000005cd5de90 mode 1
Event: 12.610 Executing VM operation: RevokeBias
Event: 12.611 Executing VM operation: RevokeBias done
Event: 12.611 Thread 0x0000000056cc4800 DEOPT PACKING pc=0x0000000002afe7bc sp=0x000000005cd5e1c0
Event: 12.611 Thread 0x0000000056cc4800 DEOPT UNPACKING pc=0x00000000029b747f sp=0x000000005cd5dfe0 mode 1
Event: 12.611 Executing VM operation: RevokeBias
Event: 12.612 Executing VM operation: RevokeBias done
Event: 12.612 Thread 0x0000000056cc4800 DEOPT PACKING pc=0x0000000002afe554 sp=0x000000005cd5e350
Event: 12.612 Thread 0x0000000056cc4800 DEOPT UNPACKING pc=0x00000000029b747f sp=0x000000005cd5e188 mode 1
Event: 12.613 Thread 0x0000000056cc5800 Thread added: 0x0000000056cc5800


Dynamic libraries:
0x000000013f5f0000 - 0x000000013f627000 	C:\Program Files\Java\jdk1.8.0_73\bin\java.exe
0x00000000771e0000 - 0x0000000077389000 	C:\Windows\SYSTEM32\ntdll.dll
0x00000000770c0000 - 0x00000000771df000 	C:\Windows\system32\kernel32.dll
0x000007fefcfd0000 - 0x000007fefd03c000 	C:\Windows\system32\KERNELBASE.dll
0x000007fefef40000 - 0x000007feff01b000 	C:\Windows\system32\ADVAPI32.dll
0x000007fefe520000 - 0x000007fefe5bf000 	C:\Windows\system32\msvcrt.dll
0x000007fefe270000 - 0x000007fefe28f000 	C:\Windows\SYSTEM32\sechost.dll
0x000007feff070000 - 0x000007feff19d000 	C:\Windows\system32\RPCRT4.dll
0x0000000076fc0000 - 0x00000000770ba000 	C:\Windows\system32\USER32.dll
0x000007fefead0000 - 0x000007fefeb37000 	C:\Windows\system32\GDI32.dll
0x000007fefe5c0000 - 0x000007fefe5ce000 	C:\Windows\system32\LPK.dll
0x000007fefec60000 - 0x000007fefed29000 	C:\Windows\system32\USP10.dll
0x000007fefba00000 - 0x000007fefbbf4000 	C:\Windows\WinSxS\amd64_microsoft.windows.common-controls_6595b64144ccf1df_6.0.7601.18807_none_fa381d5f175bfb52\COMCTL32.dll
0x000007feff470000 - 0x000007feff4e1000 	C:\Windows\system32\SHLWAPI.dll
0x000007fefe310000 - 0x000007fefe33e000 	C:\Windows\system32\IMM32.DLL
0x000007fefeb40000 - 0x000007fefec49000 	C:\Windows\system32\MSCTF.dll
0x0000000067b90000 - 0x0000000067c62000 	C:\Program Files\Java\jdk1.8.0_73\jre\bin\msvcr100.dll
0x0000000067300000 - 0x0000000067b90000 	C:\Program Files\Java\jdk1.8.0_73\jre\bin\server\jvm.dll
0x000007feece50000 - 0x000007feece59000 	C:\Windows\system32\WSOCK32.dll
0x000007feff020000 - 0x000007feff06d000 	C:\Windows\system32\WS2_32.dll
0x000007fefec50000 - 0x000007fefec58000 	C:\Windows\system32\NSI.dll
0x000007fef8f30000 - 0x000007fef8f6b000 	C:\Windows\system32\WINMM.dll
0x000007fefc210000 - 0x000007fefc21c000 	C:\Windows\system32\VERSION.dll
0x00000000773b0000 - 0x00000000773b7000 	C:\Windows\system32\PSAPI.DLL
0x0000000067d40000 - 0x0000000067d4f000 	C:\Program Files\Java\jdk1.8.0_73\jre\bin\verify.dll
0x0000000067d10000 - 0x0000000067d39000 	C:\Program Files\Java\jdk1.8.0_73\jre\bin\java.dll
0x0000000066e60000 - 0x0000000066e95000 	C:\Program Files\Java\jdk1.8.0_73\jre\bin\jdwp.dll
0x00000000672f0000 - 0x00000000672f8000 	C:\Program Files\Java\jdk1.8.0_73\jre\bin\npt.dll
0x0000000067cf0000 - 0x0000000067d06000 	C:\Program Files\Java\jdk1.8.0_73\jre\bin\zip.dll
0x000007fefd400000 - 0x000007fefe189000 	C:\Windows\system32\SHELL32.dll
0x000007fefed30000 - 0x000007fefef33000 	C:\Windows\system32\ole32.dll
0x000007fefcfa0000 - 0x000007fefcfaf000 	C:\Windows\system32\profapi.dll
0x0000000067c70000 - 0x0000000067c79000 	C:\Program Files\Java\jdk1.8.0_73\jre\bin\dt_socket.dll
0x000007fefc740000 - 0x000007fefc795000 	C:\Windows\system32\mswsock.dll
0x000007fefc150000 - 0x000007fefc157000 	C:\Windows\System32\wshtcpip.dll
0x000007fee0900000 - 0x000007fee09ef000 	C:\Program Files\Java\jdk1.8.0_73\jre\bin\msvcr120.dll
0x000007fee0a30000 - 0x000007fee0ad6000 	C:\Program Files\Java\jdk1.8.0_73\jre\bin\msvcp120.dll
0x0000000067ca0000 - 0x0000000067cc3000 	C:\Program Files\Java\jdk1.8.0_73\jre\bin\prism_d3d.dll
0x000007fee4cb0000 - 0x000007fee4eaf000 	C:\Windows\system32\d3d9.dll
0x000007fee4ca0000 - 0x000007fee4ca7000 	C:\Windows\system32\d3d8thk.dll
0x000007fefb3f0000 - 0x000007fefb408000 	C:\Windows\system32\dwmapi.dll
0x000007fefb820000 - 0x000007fefb876000 	C:\Windows\system32\uxtheme.dll
0x000007fee33c0000 - 0x000007fee4c9c000 	C:\Windows\system32\igdumdim64.dll
0x000007fef5ee0000 - 0x000007fef6332000 	C:\Windows\system32\igdusc64.dll
0x0000000066c60000 - 0x0000000066ca3000 	C:\Program Files\Java\jdk1.8.0_73\jre\bin\glass.dll
0x000007fefe5d0000 - 0x000007fefe667000 	C:\Windows\system32\COMDLG32.dll
0x000007fefe190000 - 0x000007fefe267000 	C:\Windows\system32\OLEAUT32.dll
0x000007fefce40000 - 0x000007fefce4f000 	C:\Windows\system32\CRYPTBASE.dll
0x000007fef76d0000 - 0x000007fef770d000 	C:\Program Files\LeapSDK\lib\x64\LeapJava.dll
0x000007fedf7c0000 - 0x000007fedfafb000 	C:\Program Files\LeapSDK\lib\x64\Leap.dll
0x000007fefb310000 - 0x000007fefb33d000 	C:\Windows\system32\ntmarta.dll
0x000007fefea70000 - 0x000007fefeac2000 	C:\Windows\system32\WLDAP32.dll
0x0000000066c40000 - 0x0000000066c54000 	C:\Program Files\Java\jdk1.8.0_73\jre\bin\javafx_font.dll
0x000007fee7230000 - 0x000007fee73c7000 	C:\Windows\system32\dwrite.dll
0x000007fefd360000 - 0x000007fefd3f9000 	C:\Windows\system32\CLBCatQ.DLL
0x000007fefafc0000 - 0x000007fefb121000 	C:\Windows\system32\WindowsCodecs.dll
0x000007fefcde0000 - 0x000007fefce37000 	C:\Windows\system32\apphelp.dll
0x000007fefaeb0000 - 0x000007fefaee5000 	C:\Windows\system32\EhStorShell.dll
0x000007fefe340000 - 0x000007fefe517000 	C:\Windows\system32\SETUPAPI.dll
0x000007fefd250000 - 0x000007fefd286000 	C:\Windows\system32\CFGMGR32.dll
0x000007fefd340000 - 0x000007fefd35a000 	C:\Windows\system32\DEVOBJ.dll
0x000007fefb880000 - 0x000007fefb9ac000 	C:\Windows\system32\PROPSYS.dll
0x000007fef9f60000 - 0x000007fef9fde000 	C:\Windows\System32\cscui.dll
0x000007fefbc00000 - 0x000007fefbc0c000 	C:\Windows\System32\CSCDLL.dll
0x000007fefb9d0000 - 0x000007fefb9df000 	C:\Windows\system32\CSCAPI.dll
0x000007fef9ee0000 - 0x000007fef9f60000 	C:\Windows\system32\ntshrui.dll
0x000007fefcb40000 - 0x000007fefcb63000 	C:\Windows\system32\srvcli.dll
0x000007fefa640000 - 0x000007fefa64b000 	C:\Windows\system32\slc.dll
0x000007fee11b0000 - 0x000007fee11dd000 	C:\Program Files\Common Files\Microsoft Shared\Ink\rtscom.dll
0x0000000066c20000 - 0x0000000066c31000 	C:\Program Files\Java\jdk1.8.0_73\jre\bin\prism_common.dll
0x000007fef8530000 - 0x000007fef8655000 	C:\Windows\system32\dbghelp.dll

VM Arguments:
jvm_args: -agentlib:jdwp=transport=dt_socket,address=127.0.0.1:51822,suspend=y,server=n -Djava.library.path=C:\Program Files\LeapSDK\lib\x64 -Dfile.encoding=UTF-8 
java_command: sample.Main
java_class_path (initial): C:\Program Files\Java\jdk1.8.0_73\jre\lib\charsets.jar;C:\Program Files\Java\jdk1.8.0_73\jre\lib\deploy.jar;C:\Program Files\Java\jdk1.8.0_73\jre\lib\javaws.jar;C:\Program Files\Java\jdk1.8.0_73\jre\lib\jce.jar;C:\Program Files\Java\jdk1.8.0_73\jre\lib\jfr.jar;C:\Program Files\Java\jdk1.8.0_73\jre\lib\jfxswt.jar;C:\Program Files\Java\jdk1.8.0_73\jre\lib\jsse.jar;C:\Program Files\Java\jdk1.8.0_73\jre\lib\management-agent.jar;C:\Program Files\Java\jdk1.8.0_73\jre\lib\plugin.jar;C:\Program Files\Java\jdk1.8.0_73\jre\lib\resources.jar;C:\Program Files\Java\jdk1.8.0_73\jre\lib\rt.jar;C:\Program Files\Java\jdk1.8.0_73\jre\lib\ext\access-bridge-64.jar;C:\Program Files\Java\jdk1.8.0_73\jre\lib\ext\cldrdata.jar;C:\Program Files\Java\jdk1.8.0_73\jre\lib\ext\dnsns.jar;C:\Program Files\Java\jdk1.8.0_73\jre\lib\ext\jaccess.jar;C:\Program Files\Java\jdk1.8.0_73\jre\lib\ext\jfxrt.jar;C:\Program Files\Java\jdk1.8.0_73\jre\lib\ext\localedata.jar;C:\Program Files\Java\jdk1.8.0_73\jre\lib\ext\nashorn.jar;C:\Program Files\Java\jdk1.8.0_73\jre\lib\ext\sunec.jar;C:\Program Files\Java\jdk1.8.0_73\jre\lib\ext\sunjce_provider.jar;C:\Program Files\Java\jdk1.8.0_73\jre\lib\ext\sunmscapi.jar;C:\Program Files\Java\jdk1.8.0_73\jre\lib\ext\sunpkcs11.jar;C:\Program Files\Java\jdk1.8.0_73\jre\lib\ext\zipfs.jar;D:\Projects\SPb-AU-LeapMotion\LeapMotion\out\production\LeapMotion;C:\Program Files\LeapSDK\lib\LeapJava.jar;C:\Soft\IntelliJ IDEA\lib\idea_rt.jar
Launcher Type: SUN_STANDARD

Environment Variables:
JAVA_HOME=D:\Soft\Java
PATH=C:\Program Files\LeapSDK\lib\x64;th;C:\Program Files\Haskell\bin;C:\Soft\Haskell Platform\lib\extralibs\bin;C:\Soft\Haskell Platform\bin;C:\Windows\system32;C:\Windows;C:\Windows\System32\Wbem;C:\Windows\System32\WindowsPowerShell\v1.0\;C:\Soft\Skype\Phone\;C:\Soft\Java\bin;C:\Users\Anastasia\AppData\Local\Android\sdk\platform-tools;C:\Users\Anastasia\AppData\Local\Android\sdk\tools;D:\Soft\Git\cmd;C:\Soft\Haskell Platform\mingw\bin;C:\Program Files\apache-maven-3.3.3\bin;d:\soft\iverilog\bin;C:\Program Files\LLVM\bin;C:\Users\Anastasia\AppData\Roaming\cabal\bin;C:\Soft\MinGW\msys\1.0\bin;C:\Program Files (x86)\GnuWin32\bin;C:\Program Files (x86)\Atmel\Atmel Toolchain\AVR8 GCC\Native\3.4.2.939\avr8-gnu-toolchain\bin;c:\Program Files\Java\jdk1.8.0_73\binC:\ProgramData\Oracle\Java\javapath;C:\Program Files\Haskell\bin;C:\Soft\Haskell Platform\lib\extralibs\bin;C:\Soft\Haskell Platform\bin;C:\Windows\system32;C:\Windows;C:\Windows\System32\Wbem;C:\Windows\System32\WindowsPowerShell\v1.0\;C:\Soft\Skype\Phone\;C:\Soft\Java\bin;C:\Users\Anastasia\AppData\Local\Android\sdk\platform-tools;C:\Users\Anastasia\AppData\Local\Android\sdk\tools;D:\Soft\Git\cmd;C:\Soft\Haskell Platform\mingw\bin;C:\Program Files\apache-maven-3.3.3\bin;d:\soft\iverilog\bin;C:\Program Files\LLVM\bin;C:\Users\Anastasia\AppData\Roaming\cabal\bin;C:\Soft\MinGW\msys\1.0\bin;C:\Program Files (x86)\GnuWin32\bin;C:\Program Files (x86)\Atmel\Atmel Toolchain\AVR8 GCC\Native\3.4.2.939\avr8-gnu-toolchain\bin;c:\Program Files\Java\jdk1.8.0_73\bin
USERNAME=Anastasia
OS=Windows_NT
PROCESSOR_IDENTIFIER=Intel64 Family 6 Model 55 Stepping 8, GenuineIntel



---------------  S Y S T E M  ---------------

OS: Windows 7 , 64 bit Build 7601 (6.1.7601.18839)

CPU:total 2 (2 cores per cpu, 1 threads per core) family 6 model 55 stepping 8, cmov, cx8, fxsr, mmx, sse, sse2, sse3, ssse3, sse4.1, sse4.2, popcnt, clmul, erms, 3dnowpref, tsc, tscinvbit

Memory: 4k page, physical 4078212k(1198156k free), swap 8154588k(4137184k free)

vm_info: Java HotSpot(TM) 64-Bit Server VM (25.73-b02) for windows-amd64 JRE (1.8.0_73-b02), built on Jan 29 2016 17:38:49 by "java_re" with MS VC++ 10.0 (VS2010)

time: Sat Mar 26 19:57:06 2016
elapsed time: 12 seconds (0d 0h 0m 12s)

