#
# A fatal error has been detected by the Java Runtime Environment:
#
#  EXCEPTION_ACCESS_VIOLATION (0xc0000005) at pc=0x000007fee093c3f9, pid=5472, tid=2348
#
# JRE version: Java(TM) SE Runtime Environment (8.0_73-b02) (build 1.8.0_73-b02)
# Java VM: Java HotSpot(TM) 64-Bit Server VM (25.73-b02 mixed mode windows-amd64 compressed oops)
# Problematic frame:
# C  [msvcr120.dll+0x3c3f9]
#
# Failed to write core dump. Minidumps are not enabled by default on client versions of Windows
#
# If you would like to submit a bug report, please visit:
#   http://bugreport.java.com/bugreport/crash.jsp
# The crash happened outside the Java Virtual Machine in native code.
# See problematic frame for where to report the bug.
#

---------------  T H R E A D  ---------------

Current thread (0x0000000058983000):  JavaThread "Thread-4" [_thread_in_native, id=2348, stack(0x000000005cdb0000,0x000000005ceb0000)]

siginfo: ExceptionCode=0xc0000005, reading address 0x0000000000000000

Registers:
RAX=0x0000000000025800, RBX=0x0000000054bafde0, RCX=0x0000000000025800, RDX=0xffffffffa26084b0
RSP=0x000000005ceaeb88, RBP=0x000000005cf86e60, RSI=0x0000000000000000, RDI=0x000000005d9f7b50
R8 =0x0000000000025800, R9 =0x00000000000006fe, R10=0x0000000000000000, R11=0x000000005d9f7b50
R12=0x0000000000000000, R13=0x0000000054bafde0, R14=0x000000005ceaeca0, R15=0x0000000058983000
RIP=0x000007fee093c3f9, EFLAGS=0x0000000000010207

Top of Stack: (sp=0x000000005ceaeb88)
0x000000005ceaeb88:   0000000058983000 00000000589831f8
0x000000005ceaeb98:   000007fef76d89de 0000000054bafde0
0x000000005ceaeba8:   000000005cf86e60 0000000058983000
0x000000005ceaebb8:   00000000589831f8 00000000589566b0
0x000000005ceaebc8:   0000000058983000 00000000027b77b0
0x000000005ceaebd8:   00000000027cda0c 000000005ceaec68
0x000000005ceaebe8:   00000000027b77b0 000000005d9f7b50
0x000000005ceaebf8:   00000000027cd46b 000000005ceaec88
0x000000005ceaec08:   0000000054bafde0 0000000058983000
0x000000005ceaec18:   0000000058983000 00000000027cd422
0x000000005ceaec28:   000000005ceaec28 0000000054bafde0
0x000000005ceaec38:   000000005ceaeca0 0000000054bbb520
0x000000005ceaec48:   0000000000000000 0000000054bafde0
0x000000005ceaec58:   0000000000000000 000000005ceaec88
0x000000005ceaec68:   000000005ceaece8 00000000027b7d61
0x000000005ceaec78:   00000000ec4099d0 00000000027c42d8 

Instructions: (pc=0x000007fee093c3f9)
0x000007fee093c3d9:   03 c0 48 3b c8 0f 8c 96 03 00 00 0f ba 25 6c 53
0x000007fee093c3e9:   0a 00 01 73 13 57 56 48 8b f9 49 8b f2 49 8b c8
0x000007fee093c3f9:   f3 a4 5e 5f 49 8b c3 c3 0f ba 25 4f 53 0a 00 02
0x000007fee093c409:   0f 82 56 02 00 00 f6 c1 07 74 36 f6 c1 01 74 0b 


Register to memory mapping:

RAX=0x0000000000025800 is an unknown value
RBX={method} {0x0000000054bafde8} 'Image_data' '(JLcom/leapmotion/leap/Image;[B)V' in 'com/leapmotion/leap/LeapJNI'
RCX=0x0000000000025800 is an unknown value
RDX=0xffffffffa26084b0 is an unknown value
RSP=0x000000005ceaeb88 is pointing into the stack for thread: 0x0000000058983000
RBP=0x000000005cf86e60 is an unknown value
RSI=0x0000000000000000 is an unknown value
RDI=0x000000005d9f7b50 is an unknown value
R8 =0x0000000000025800 is an unknown value
R9 =0x00000000000006fe is an unknown value
R10=0x0000000000000000 is an unknown value
R11=0x000000005d9f7b50 is an unknown value
R12=0x0000000000000000 is an unknown value
R13={method} {0x0000000054bafde8} 'Image_data' '(JLcom/leapmotion/leap/Image;[B)V' in 'com/leapmotion/leap/LeapJNI'
R14=0x000000005ceaeca0 is pointing into the stack for thread: 0x0000000058983000
R15=0x0000000058983000 is a thread


Stack: [0x000000005cdb0000,0x000000005ceb0000],  sp=0x000000005ceaeb88,  free space=1018k
Native frames: (J=compiled Java code, j=interpreted, Vv=VM code, C=native code)
C  [msvcr120.dll+0x3c3f9]
C  0x0000000058983000

Java frames: (J=compiled Java code, j=interpreted, Vv=VM code)
j  com.leapmotion.leap.LeapJNI.Image_data(JLcom/leapmotion/leap/Image;[B)V+0
j  com.leapmotion.leap.Image.data()[B+23
v  ~StubRoutines::call_stub
j  sample.FXController$1.run()V+92
j  java.lang.Thread.run()V+11
v  ~StubRoutines::call_stub

---------------  P R O C E S S  ---------------

Java Threads: ( => current thread )
=>0x0000000058983000 JavaThread "Thread-4" [_thread_in_native, id=2348, stack(0x000000005cdb0000,0x000000005ceb0000)]
  0x0000000058ba9800 JavaThread "Prism Font Disposer" daemon [_thread_blocked, id=4936, stack(0x000000005bc40000,0x000000005bd40000)]
  0x0000000058787800 JavaThread "JavaFX-Launcher" [_thread_blocked, id=1268, stack(0x0000000059110000,0x0000000059210000)]
  0x0000000058784800 JavaThread "Thread-2" daemon [_thread_in_native, id=1680, stack(0x0000000058460000,0x0000000058560000)]
  0x0000000056860800 JavaThread "JavaFX Application Thread" [_thread_in_native, id=3304, stack(0x00000000570e0000,0x00000000571e0000)]
  0x000000005685f800 JavaThread "Thread-1" daemon [_thread_in_native, id=5224, stack(0x00000000562b0000,0x00000000563b0000)]
  0x0000000056831000 JavaThread "QuantumRenderer-0" daemon [_thread_blocked, id=5884, stack(0x0000000056d90000,0x0000000056e90000)]
  0x00000000564f1000 JavaThread "Service Thread" daemon [_thread_blocked, id=4220, stack(0x0000000056b30000,0x0000000056c30000)]
  0x0000000054d90000 JavaThread "C1 CompilerThread1" daemon [_thread_blocked, id=5660, stack(0x00000000569c0000,0x0000000056ac0000)]
  0x0000000054d9c000 JavaThread "C2 CompilerThread0" daemon [_thread_blocked, id=6040, stack(0x00000000563b0000,0x00000000564b0000)]
  0x0000000054d82000 JavaThread "JDWP Command Reader" daemon [_thread_in_native, id=5584, stack(0x0000000056130000,0x0000000056230000)]
  0x0000000054d7c800 JavaThread "JDWP Event Helper Thread" daemon [_thread_blocked, id=4112, stack(0x0000000055ed0000,0x0000000055fd0000)]
  0x0000000054d7a000 JavaThread "JDWP Transport Listener: dt_socket" daemon [_thread_blocked, id=4240, stack(0x0000000056030000,0x0000000056130000)]
  0x0000000054d69800 JavaThread "Attach Listener" daemon [_thread_blocked, id=1212, stack(0x0000000055a90000,0x0000000055b90000)]
  0x0000000054d68800 JavaThread "Signal Dispatcher" daemon [_thread_blocked, id=5196, stack(0x0000000055c30000,0x0000000055d30000)]
  0x0000000054d0d000 JavaThread "Finalizer" daemon [_thread_blocked, id=3248, stack(0x0000000055960000,0x0000000055a60000)]
  0x0000000054d03800 JavaThread "Reference Handler" daemon [_thread_blocked, id=5216, stack(0x0000000055780000,0x0000000055880000)]
  0x00000000020b0000 JavaThread "main" [_thread_blocked, id=5908, stack(0x00000000023e0000,0x00000000024e0000)]

Other Threads:
  0x0000000054cfe000 VMThread [stack: 0x0000000055570000,0x0000000055670000] [id=4136]
  0x0000000054dcf000 WatcherThread [stack: 0x0000000056c30000,0x0000000056d30000] [id=6140]

VM state:not at safepoint (normal execution)

VM Mutex/Monitor currently owned by a thread: None

Heap:
 PSYoungGen      total 18944K, used 16899K [0x00000000eb400000, 0x00000000ec900000, 0x0000000100000000)
  eden space 16384K, 87% used [0x00000000eb400000,0x00000000ec204f38,0x00000000ec400000)
  from space 2560K, 99% used [0x00000000ec400000,0x00000000ec67c030,0x00000000ec680000)
  to   space 2560K, 0% used [0x00000000ec680000,0x00000000ec680000,0x00000000ec900000)
 ParOldGen       total 44032K, used 417K [0x00000000c1c00000, 0x00000000c4700000, 0x00000000eb400000)
  object space 44032K, 0% used [0x00000000c1c00000,0x00000000c1c68760,0x00000000c4700000)
 Metaspace       used 14948K, capacity 15520K, committed 15744K, reserved 1062912K
  class space    used 1952K, capacity 2127K, committed 2176K, reserved 1048576K

Card table byte_map: [0x0000000011b70000,0x0000000011d70000] byte_map_base: 0x0000000011562000

Marking Bits: (ParMarkBitMap*) 0x0000000067b10600
 Begin Bits: [0x00000000122b0000, 0x0000000013240000)
 End Bits:   [0x0000000013240000, 0x00000000141d0000)

Polling page: 0x0000000001c60000

CodeCache: size=245760Kb used=4159Kb max_used=4169Kb free=241600Kb
 bounds [0x00000000027b0000, 0x0000000002bd0000, 0x00000000117b0000]
 total_blobs=1805 nmethods=1179 adapters=548
 compilation: enabled

Compilation events (10 events):
Event: 11.214 Thread 0x0000000054d9c000 1183       4       java.nio.CharBuffer::arrayOffset (35 bytes)
Event: 11.215 Thread 0x0000000054d9c000 nmethod 1183 0x0000000002bb6810 code [0x0000000002bb6940, 0x0000000002bb69d8]
Event: 11.216 Thread 0x0000000054d9c000 1184       4       sun.nio.cs.UTF_8$Encoder::encodeArrayLoop (489 bytes)
Event: 11.243 Thread 0x0000000054d9c000 nmethod 1184 0x0000000002bc0590 code [0x0000000002bc06e0, 0x0000000002bc0df8]
Event: 11.243 Thread 0x0000000054d9c000 1185       4       java.lang.ref.Finalizer::register (10 bytes)
Event: 11.250 Thread 0x0000000054d9c000 nmethod 1185 0x0000000002bbff50 code [0x0000000002bc00c0, 0x0000000002bc0438]
Event: 11.488 Thread 0x0000000054d90000 1186       3       com.sun.javafx.geom.PickRay::setOrigin (12 bytes)
Event: 11.488 Thread 0x0000000054d90000 nmethod 1186 0x0000000002bc4310 code [0x0000000002bc4480, 0x0000000002bc4650]
Event: 11.489 Thread 0x0000000054d90000 1187       3       com.sun.javafx.geom.PickRay::setDirection (12 bytes)
Event: 11.489 Thread 0x0000000054d90000 nmethod 1187 0x0000000002bc3ed0 code [0x0000000002bc4040, 0x0000000002bc4210]

GC Heap History (2 events):
Event: 7.311 GC heap before
{Heap before GC invocations=1 (full 0):
 PSYoungGen      total 18944K, used 16384K [0x00000000eb400000, 0x00000000ec900000, 0x0000000100000000)
  eden space 16384K, 100% used [0x00000000eb400000,0x00000000ec400000,0x00000000ec400000)
  from space 2560K, 0% used [0x00000000ec680000,0x00000000ec680000,0x00000000ec900000)
  to   space 2560K, 0% used [0x00000000ec400000,0x00000000ec400000,0x00000000ec680000)
 ParOldGen       total 44032K, used 0K [0x00000000c1c00000, 0x00000000c4700000, 0x00000000eb400000)
  object space 44032K, 0% used [0x00000000c1c00000,0x00000000c1c00000,0x00000000c4700000)
 Metaspace       used 10647K, capacity 11060K, committed 11136K, reserved 1058816K
  class space    used 1278K, capacity 1403K, committed 1408K, reserved 1048576K
Event: 7.334 GC heap after
Heap after GC invocations=1 (full 0):
 PSYoungGen      total 18944K, used 2544K [0x00000000eb400000, 0x00000000ec900000, 0x0000000100000000)
  eden space 16384K, 0% used [0x00000000eb400000,0x00000000eb400000,0x00000000ec400000)
  from space 2560K, 99% used [0x00000000ec400000,0x00000000ec67c030,0x00000000ec680000)
  to   space 2560K, 0% used [0x00000000ec680000,0x00000000ec680000,0x00000000ec900000)
 ParOldGen       total 44032K, used 417K [0x00000000c1c00000, 0x00000000c4700000, 0x00000000eb400000)
  object space 44032K, 0% used [0x00000000c1c00000,0x00000000c1c68760,0x00000000c4700000)
 Metaspace       used 10647K, capacity 11060K, committed 11136K, reserved 1058816K
  class space    used 1278K, capacity 1403K, committed 1408K, reserved 1048576K
}

Deoptimization events (10 events):
Event: 8.803 Thread 0x0000000056860800 Uncommon trap: reason=class_check action=maybe_recompile pc=0x0000000002a5e284 method=java.io.DataInputStream.readShort()S @ 4
Event: 8.804 Thread 0x0000000056860800 Uncommon trap: reason=class_check action=maybe_recompile pc=0x0000000002a5e284 method=java.io.DataInputStream.readShort()S @ 4
Event: 8.806 Thread 0x0000000056860800 Uncommon trap: reason=class_check action=maybe_recompile pc=0x0000000002a5e284 method=java.io.DataInputStream.readShort()S @ 4
Event: 8.806 Thread 0x0000000056860800 Uncommon trap: reason=class_check action=maybe_recompile pc=0x0000000002a5e284 method=java.io.DataInputStream.readShort()S @ 4
Event: 8.849 Thread 0x0000000056860800 Uncommon trap: reason=class_check action=maybe_recompile pc=0x00000000028d4004 method=java.lang.String.equals(Ljava/lang/Object;)Z @ 8
Event: 8.849 Thread 0x0000000056860800 Uncommon trap: reason=class_check action=maybe_recompile pc=0x00000000028d4004 method=java.lang.String.equals(Ljava/lang/Object;)Z @ 8
Event: 8.849 Thread 0x0000000056860800 Uncommon trap: reason=class_check action=maybe_recompile pc=0x00000000028d4004 method=java.lang.String.equals(Ljava/lang/Object;)Z @ 8
Event: 8.860 Thread 0x0000000056860800 Uncommon trap: reason=class_check action=maybe_recompile pc=0x00000000028d4004 method=java.lang.String.equals(Ljava/lang/Object;)Z @ 8
Event: 9.217 Thread 0x0000000056860800 Uncommon trap: reason=unstable_if action=reinterpret pc=0x0000000002abe7b8 method=sun.net.www.ParseUtil.encodePath(Ljava/lang/String;Z)Ljava/lang/String; @ 109
Event: 10.930 Thread 0x0000000056860800 Uncommon trap: reason=unstable_if action=reinterpret pc=0x0000000002b53d5c method=jdk.internal.org.objectweb.asm.Type.getArgumentsAndReturnSizes(Ljava/lang/String;)I @ 47

Internal exceptions (10 events):
Event: 1.453 Thread 0x00000000020b0000 Exception <a 'java/security/PrivilegedActionException'> (0x00000000eb72aff8) thrown at [D:\re\puppet\workspace\8-2-build-windows-amd64-cygwin\jdk8u73\6086\hotspot\src\share\vm\prims\jvm.cpp, line 1386]
Event: 1.455 Thread 0x00000000020b0000 Exception <a 'java/security/PrivilegedActionException'> (0x00000000eb72ee40) thrown at [D:\re\puppet\workspace\8-2-build-windows-amd64-cygwin\jdk8u73\6086\hotspot\src\share\vm\prims\jvm.cpp, line 1386]
Event: 1.455 Thread 0x00000000020b0000 Exception <a 'java/security/PrivilegedActionException'> (0x00000000eb72f050) thrown at [D:\re\puppet\workspace\8-2-build-windows-amd64-cygwin\jdk8u73\6086\hotspot\src\share\vm\prims\jvm.cpp, line 1386]
Event: 1.456 Thread 0x00000000020b0000 Exception <a 'java/lang/NullPointerException'> (0x00000000eb72f628) thrown at [D:\re\puppet\workspace\8-2-build-windows-amd64-cygwin\jdk8u73\6086\hotspot\src\share\vm\interpreter\linkResolver.cpp, line 1178]
Event: 6.566 Thread 0x0000000056860800 Exception <a 'java/lang/NullPointerException'> (0x00000000ec0e5e20) thrown at [D:\re\puppet\workspace\8-2-build-windows-amd64-cygwin\jdk8u73\6086\hotspot\src\share\vm\interpreter\linkResolver.cpp, line 1178]
Event: 6.566 Thread 0x0000000056860800 Exception <a 'java/lang/NullPointerException'> (0x00000000ec0e5e20) thrown at [D:\re\puppet\workspace\8-2-build-windows-amd64-cygwin\jdk8u73\6086\hotspot\src\share\vm\prims\jvm.cpp, line 1390]
Event: 7.481 Thread 0x0000000056860800 Exception <a 'java/lang/ArrayIndexOutOfBoundsException'> (0x00000000eb4f1bb0) thrown at [D:\re\puppet\workspace\8-2-build-windows-amd64-cygwin\jdk8u73\6086\hotspot\src\share\vm\runtime\sharedRuntime.cpp, line 605]
Event: 7.485 Thread 0x0000000056860800 Exception <a 'java/lang/ArrayIndexOutOfBoundsException'> (0x00000000eb4f28b0) thrown at [D:\re\puppet\workspace\8-2-build-windows-amd64-cygwin\jdk8u73\6086\hotspot\src\share\vm\runtime\sharedRuntime.cpp, line 605]
Event: 7.525 Thread 0x0000000056860800 Exception <a 'java/lang/ArrayIndexOutOfBoundsException'> (0x00000000eb4f3c58) thrown at [D:\re\puppet\workspace\8-2-build-windows-amd64-cygwin\jdk8u73\6086\hotspot\src\share\vm\runtime\sharedRuntime.cpp, line 605]
Event: 8.064 Thread 0x0000000056860800 Implicit null exception at 0x0000000002a79124 to 0x0000000002a7936d

Events (10 events):
Event: 11.416 Executing VM operation: GetOrSetLocal
Event: 11.416 Executing VM operation: GetOrSetLocal done
Event: 11.419 Executing VM operation: GetOrSetLocal
Event: 11.419 Executing VM operation: GetOrSetLocal done
Event: 11.419 Executing VM operation: GetOrSetLocal
Event: 11.419 Executing VM operation: GetOrSetLocal done
Event: 11.419 Executing VM operation: GetOrSetLocal
Event: 11.419 Executing VM operation: GetOrSetLocal done
Event: 11.489 Thread 0x0000000058bc1000 Thread exited: 0x0000000058bc1000
Event: 11.489 Thread 0x000000005897d000 Thread added: 0x000000005897d000


Dynamic libraries:
0x000000013f5f0000 - 0x000000013f627000 	C:\Program Files\Java\jdk1.8.0_73\bin\java.exe
0x00000000771e0000 - 0x0000000077389000 	C:\Windows\SYSTEM32\ntdll.dll
0x00000000770c0000 - 0x00000000771df000 	C:\Windows\system32\kernel32.dll
0x000007fefcfd0000 - 0x000007fefd03c000 	C:\Windows\system32\KERNELBASE.dll
0x000007fefef40000 - 0x000007feff01b000 	C:\Windows\system32\ADVAPI32.dll
0x000007fefe520000 - 0x000007fefe5bf000 	C:\Windows\system32\msvcrt.dll
0x000007fefe270000 - 0x000007fefe28f000 	C:\Windows\SYSTEM32\sechost.dll
0x000007feff070000 - 0x000007feff19d000 	C:\Windows\system32\RPCRT4.dll
0x0000000076fc0000 - 0x00000000770ba000 	C:\Windows\system32\USER32.dll
0x000007fefead0000 - 0x000007fefeb37000 	C:\Windows\system32\GDI32.dll
0x000007fefe5c0000 - 0x000007fefe5ce000 	C:\Windows\system32\LPK.dll
0x000007fefec60000 - 0x000007fefed29000 	C:\Windows\system32\USP10.dll
0x000007fefba00000 - 0x000007fefbbf4000 	C:\Windows\WinSxS\amd64_microsoft.windows.common-controls_6595b64144ccf1df_6.0.7601.18807_none_fa381d5f175bfb52\COMCTL32.dll
0x000007feff470000 - 0x000007feff4e1000 	C:\Windows\system32\SHLWAPI.dll
0x000007fefe310000 - 0x000007fefe33e000 	C:\Windows\system32\IMM32.DLL
0x000007fefeb40000 - 0x000007fefec49000 	C:\Windows\system32\MSCTF.dll
0x0000000067b90000 - 0x0000000067c62000 	C:\Program Files\Java\jdk1.8.0_73\jre\bin\msvcr100.dll
0x0000000067300000 - 0x0000000067b90000 	C:\Program Files\Java\jdk1.8.0_73\jre\bin\server\jvm.dll
0x000007feece50000 - 0x000007feece59000 	C:\Windows\system32\WSOCK32.dll
0x000007feff020000 - 0x000007feff06d000 	C:\Windows\system32\WS2_32.dll
0x000007fefec50000 - 0x000007fefec58000 	C:\Windows\system32\NSI.dll
0x000007fef8f30000 - 0x000007fef8f6b000 	C:\Windows\system32\WINMM.dll
0x000007fefc210000 - 0x000007fefc21c000 	C:\Windows\system32\VERSION.dll
0x00000000773b0000 - 0x00000000773b7000 	C:\Windows\system32\PSAPI.DLL
0x0000000067d40000 - 0x0000000067d4f000 	C:\Program Files\Java\jdk1.8.0_73\jre\bin\verify.dll
0x0000000067d10000 - 0x0000000067d39000 	C:\Program Files\Java\jdk1.8.0_73\jre\bin\java.dll
0x00000000672c0000 - 0x00000000672f5000 	C:\Program Files\Java\jdk1.8.0_73\jre\bin\jdwp.dll
0x0000000067c70000 - 0x0000000067c78000 	C:\Program Files\Java\jdk1.8.0_73\jre\bin\npt.dll
0x0000000067cf0000 - 0x0000000067d06000 	C:\Program Files\Java\jdk1.8.0_73\jre\bin\zip.dll
0x000007fefd400000 - 0x000007fefe189000 	C:\Windows\system32\SHELL32.dll
0x000007fefed30000 - 0x000007fefef33000 	C:\Windows\system32\ole32.dll
0x000007fefcfa0000 - 0x000007fefcfaf000 	C:\Windows\system32\profapi.dll
0x00000000672b0000 - 0x00000000672b9000 	C:\Program Files\Java\jdk1.8.0_73\jre\bin\dt_socket.dll
0x000007fefc740000 - 0x000007fefc795000 	C:\Windows\system32\mswsock.dll
0x000007fefc150000 - 0x000007fefc157000 	C:\Windows\System32\wshtcpip.dll
0x000007fee0900000 - 0x000007fee09ef000 	C:\Program Files\Java\jdk1.8.0_73\jre\bin\msvcr120.dll
0x000007fee0a30000 - 0x000007fee0ad6000 	C:\Program Files\Java\jdk1.8.0_73\jre\bin\msvcp120.dll
0x0000000067ca0000 - 0x0000000067cc3000 	C:\Program Files\Java\jdk1.8.0_73\jre\bin\prism_d3d.dll
0x000007fee4cb0000 - 0x000007fee4eaf000 	C:\Windows\system32\d3d9.dll
0x000007fee4ca0000 - 0x000007fee4ca7000 	C:\Windows\system32\d3d8thk.dll
0x000007fefb3f0000 - 0x000007fefb408000 	C:\Windows\system32\dwmapi.dll
0x000007fefb820000 - 0x000007fefb876000 	C:\Windows\system32\uxtheme.dll
0x000007fee33c0000 - 0x000007fee4c9c000 	C:\Windows\system32\igdumdim64.dll
0x000007fef5ee0000 - 0x000007fef6332000 	C:\Windows\system32\igdusc64.dll
0x0000000066c60000 - 0x0000000066ca3000 	C:\Program Files\Java\jdk1.8.0_73\jre\bin\glass.dll
0x000007fefe5d0000 - 0x000007fefe667000 	C:\Windows\system32\COMDLG32.dll
0x000007fefe190000 - 0x000007fefe267000 	C:\Windows\system32\OLEAUT32.dll
0x000007fefce40000 - 0x000007fefce4f000 	C:\Windows\system32\CRYPTBASE.dll
0x000007fef76d0000 - 0x000007fef770d000 	C:\Program Files\LeapSDK\lib\x64\LeapJava.dll
0x000007fedf7c0000 - 0x000007fedfafb000 	C:\Program Files\LeapSDK\lib\x64\Leap.dll
0x000007fefb310000 - 0x000007fefb33d000 	C:\Windows\system32\ntmarta.dll
0x000007fefea70000 - 0x000007fefeac2000 	C:\Windows\system32\WLDAP32.dll
0x0000000066c40000 - 0x0000000066c54000 	C:\Program Files\Java\jdk1.8.0_73\jre\bin\javafx_font.dll
0x000007fee7230000 - 0x000007fee73c7000 	C:\Windows\system32\dwrite.dll
0x000007fefd360000 - 0x000007fefd3f9000 	C:\Windows\system32\CLBCatQ.DLL
0x000007fefafc0000 - 0x000007fefb121000 	C:\Windows\system32\WindowsCodecs.dll
0x000007fefcde0000 - 0x000007fefce37000 	C:\Windows\system32\apphelp.dll
0x000007fefaeb0000 - 0x000007fefaee5000 	C:\Windows\system32\EhStorShell.dll
0x000007fefe340000 - 0x000007fefe517000 	C:\Windows\system32\SETUPAPI.dll
0x000007fefd250000 - 0x000007fefd286000 	C:\Windows\system32\CFGMGR32.dll
0x000007fefd340000 - 0x000007fefd35a000 	C:\Windows\system32\DEVOBJ.dll
0x000007fefb880000 - 0x000007fefb9ac000 	C:\Windows\system32\PROPSYS.dll
0x000007fef9f60000 - 0x000007fef9fde000 	C:\Windows\System32\cscui.dll
0x000007fefbc00000 - 0x000007fefbc0c000 	C:\Windows\System32\CSCDLL.dll
0x000007fefb9d0000 - 0x000007fefb9df000 	C:\Windows\system32\CSCAPI.dll
0x000007fef9ee0000 - 0x000007fef9f60000 	C:\Windows\system32\ntshrui.dll
0x000007fefcb40000 - 0x000007fefcb63000 	C:\Windows\system32\srvcli.dll
0x000007fefa640000 - 0x000007fefa64b000 	C:\Windows\system32\slc.dll
0x000007fee11b0000 - 0x000007fee11dd000 	C:\Program Files\Common Files\Microsoft Shared\Ink\rtscom.dll
0x0000000066c20000 - 0x0000000066c31000 	C:\Program Files\Java\jdk1.8.0_73\jre\bin\prism_common.dll
0x000007fef8530000 - 0x000007fef8655000 	C:\Windows\system32\dbghelp.dll

VM Arguments:
jvm_args: -agentlib:jdwp=transport=dt_socket,address=127.0.0.1:51871,suspend=y,server=n -Djava.library.path=C:\Program Files\LeapSDK\lib\x64 -Dfile.encoding=UTF-8 
java_command: sample.Main
java_class_path (initial): C:\Program Files\Java\jdk1.8.0_73\jre\lib\charsets.jar;C:\Program Files\Java\jdk1.8.0_73\jre\lib\deploy.jar;C:\Program Files\Java\jdk1.8.0_73\jre\lib\javaws.jar;C:\Program Files\Java\jdk1.8.0_73\jre\lib\jce.jar;C:\Program Files\Java\jdk1.8.0_73\jre\lib\jfr.jar;C:\Program Files\Java\jdk1.8.0_73\jre\lib\jfxswt.jar;C:\Program Files\Java\jdk1.8.0_73\jre\lib\jsse.jar;C:\Program Files\Java\jdk1.8.0_73\jre\lib\management-agent.jar;C:\Program Files\Java\jdk1.8.0_73\jre\lib\plugin.jar;C:\Program Files\Java\jdk1.8.0_73\jre\lib\resources.jar;C:\Program Files\Java\jdk1.8.0_73\jre\lib\rt.jar;C:\Program Files\Java\jdk1.8.0_73\jre\lib\ext\access-bridge-64.jar;C:\Program Files\Java\jdk1.8.0_73\jre\lib\ext\cldrdata.jar;C:\Program Files\Java\jdk1.8.0_73\jre\lib\ext\dnsns.jar;C:\Program Files\Java\jdk1.8.0_73\jre\lib\ext\jaccess.jar;C:\Program Files\Java\jdk1.8.0_73\jre\lib\ext\jfxrt.jar;C:\Program Files\Java\jdk1.8.0_73\jre\lib\ext\localedata.jar;C:\Program Files\Java\jdk1.8.0_73\jre\lib\ext\nashorn.jar;C:\Program Files\Java\jdk1.8.0_73\jre\lib\ext\sunec.jar;C:\Program Files\Java\jdk1.8.0_73\jre\lib\ext\sunjce_provider.jar;C:\Program Files\Java\jdk1.8.0_73\jre\lib\ext\sunmscapi.jar;C:\Program Files\Java\jdk1.8.0_73\jre\lib\ext\sunpkcs11.jar;C:\Program Files\Java\jdk1.8.0_73\jre\lib\ext\zipfs.jar;D:\Projects\SPb-AU-LeapMotion\LeapMotion\out\production\LeapMotion;C:\Program Files\LeapSDK\lib\LeapJava.jar;C:\Soft\IntelliJ IDEA\lib\idea_rt.jar
Launcher Type: SUN_STANDARD

Environment Variables:
JAVA_HOME=D:\Soft\Java
PATH=C:\Program Files\LeapSDK\lib\x64;th;C:\Program Files\Haskell\bin;C:\Soft\Haskell Platform\lib\extralibs\bin;C:\Soft\Haskell Platform\bin;C:\Windows\system32;C:\Windows;C:\Windows\System32\Wbem;C:\Windows\System32\WindowsPowerShell\v1.0\;C:\Soft\Skype\Phone\;C:\Soft\Java\bin;C:\Users\Anastasia\AppData\Local\Android\sdk\platform-tools;C:\Users\Anastasia\AppData\Local\Android\sdk\tools;D:\Soft\Git\cmd;C:\Soft\Haskell Platform\mingw\bin;C:\Program Files\apache-maven-3.3.3\bin;d:\soft\iverilog\bin;C:\Program Files\LLVM\bin;C:\Users\Anastasia\AppData\Roaming\cabal\bin;C:\Soft\MinGW\msys\1.0\bin;C:\Program Files (x86)\GnuWin32\bin;C:\Program Files (x86)\Atmel\Atmel Toolchain\AVR8 GCC\Native\3.4.2.939\avr8-gnu-toolchain\bin;c:\Program Files\Java\jdk1.8.0_73\binC:\ProgramData\Oracle\Java\javapath;C:\Program Files\Haskell\bin;C:\Soft\Haskell Platform\lib\extralibs\bin;C:\Soft\Haskell Platform\bin;C:\Windows\system32;C:\Windows;C:\Windows\System32\Wbem;C:\Windows\System32\WindowsPowerShell\v1.0\;C:\Soft\Skype\Phone\;C:\Soft\Java\bin;C:\Users\Anastasia\AppData\Local\Android\sdk\platform-tools;C:\Users\Anastasia\AppData\Local\Android\sdk\tools;D:\Soft\Git\cmd;C:\Soft\Haskell Platform\mingw\bin;C:\Program Files\apache-maven-3.3.3\bin;d:\soft\iverilog\bin;C:\Program Files\LLVM\bin;C:\Users\Anastasia\AppData\Roaming\cabal\bin;C:\Soft\MinGW\msys\1.0\bin;C:\Program Files (x86)\GnuWin32\bin;C:\Program Files (x86)\Atmel\Atmel Toolchain\AVR8 GCC\Native\3.4.2.939\avr8-gnu-toolchain\bin;c:\Program Files\Java\jdk1.8.0_73\bin
USERNAME=Anastasia
OS=Windows_NT
PROCESSOR_IDENTIFIER=Intel64 Family 6 Model 55 Stepping 8, GenuineIntel



---------------  S Y S T E M  ---------------

OS: Windows 7 , 64 bit Build 7601 (6.1.7601.18839)

CPU:total 2 (2 cores per cpu, 1 threads per core) family 6 model 55 stepping 8, cmov, cx8, fxsr, mmx, sse, sse2, sse3, ssse3, sse4.1, sse4.2, popcnt, clmul, erms, 3dnowpref, tsc, tscinvbit

Memory: 4k page, physical 4078212k(1092844k free), swap 8154588k(4028788k free)

vm_info: Java HotSpot(TM) 64-Bit Server VM (25.73-b02) for windows-amd64 JRE (1.8.0_73-b02), built on Jan 29 2016 17:38:49 by "java_re" with MS VC++ 10.0 (VS2010)

time: Sat Mar 26 20:03:41 2016
elapsed time: 11 seconds (0d 0h 0m 11s)

