#
# A fatal error has been detected by the Java Runtime Environment:
#
#  EXCEPTION_UNCAUGHT_CXX_EXCEPTION (0xe06d7363) at pc=0x000007fefcfeaaad, pid=5768, tid=3488
#
# JRE version: Java(TM) SE Runtime Environment (8.0_73-b02) (build 1.8.0_73-b02)
# Java VM: Java HotSpot(TM) 64-Bit Server VM (25.73-b02 mixed mode windows-amd64 compressed oops)
# Problematic frame:
# C  [KERNELBASE.dll+0x1aaad]
#
# Failed to write core dump. Minidumps are not enabled by default on client versions of Windows
#
# If you would like to submit a bug report, please visit:
#   http://bugreport.java.com/bugreport/crash.jsp
# The crash happened outside the Java Virtual Machine in native code.
# See problematic frame for where to report the bug.
#

---------------  T H R E A D  ---------------

Current thread (0x0000000056f89000):  JavaThread "Thread-4" [_thread_in_native, id=3488, stack(0x000000005cb10000,0x000000005cc10000)]

siginfo: ExceptionCode=0xe06d7363, ExceptionInformation=0x0000000019930520 0x000000005cc0ef30 0x000007fedfab7690 0x000007fedf7c0000 

Registers:
RAX=0x000000002b4aeac3, RBX=0x000007fedfab7690, RCX=0x000000005cc0e760, RDX=0x00000000000000d0
RSP=0x000000005cc0ed70, RBP=0x000000005cc0eea0, RSI=0x000000005cc0f040, RDI=0x000000005cc0ef30
R8 =0x0000000000000000, R9 =0x0000000000000000, R10=0x000007fedf7c0000, R11=0x000000005cc0edb0
R12=0x0000000000000000, R13=0x0000000054ca0500, R14=0x000000005cc0f140, R15=0x0000000058dfd570
RIP=0x000007fefcfeaaad, EFLAGS=0x0000000000000206

Top of Stack: (sp=0x000000005cc0ed70)
0x000000005cc0ed70:   000007fedfab7690 000000005cc0f040
0x000000005cc0ed80:   000000005cc0ef30 0000000000450cc0
0x000000005cc0ed90:   00000001e06d7363 0000000000000000
0x000000005cc0eda0:   000007fefcfeaaad 000007fe00000004
0x000000005cc0edb0:   0000000019930520 000000005cc0ef30
0x000000005cc0edc0:   000007fedfab7690 000007fedf7c0000
0x000000005cc0edd0:   69746365723f0000 000000005cc0ee58
0x000000005cc0ede0:   5140407061654c40 655655413f414245
0x000000005cc0edf0:   0000000000450cc0 5a40403233554245
0x000000005cc0ee00:   00000000678d8600 0000000000000000
0x000000005cc0ee10:   000000005cc0f140 0000000054ca0500
0x000000005cc0ee20:   0000000000000000 000000005cc0ef30
0x000000005cc0ee30:   000000005cc0f040 000007fee095ef63
0x000000005cc0ee40:   000007fedfab7690 000000005cc0eeb0
0x000000005cc0ee50:   000007fe00000001 000007fedf7c0120
0x000000005cc0ee60:   00000001e06d7363 0000000000000000 

Instructions: (pc=0x000007fefcfeaaad)
0x000007fefcfeaa8d:   54 24 24 48 89 4c 24 28 4d 85 c9 0f 85 3a 0a 00
0x000007fefcfeaa9d:   00 89 4c 24 38 48 8d 4c 24 20 ff 15 f3 07 03 00
0x000007fefcfeaaad:   48 81 c4 c8 00 00 00 c3 90 90 90 90 90 90 90 90
0x000007fefcfeaabd:   90 90 90 48 89 5c 24 08 57 48 83 ec 20 48 8b d9 


Register to memory mapping:

RAX=0x000000002b4aeac3 is an unknown value
RBX=0x000007fedfab7690 is an unknown value
RCX=0x000000005cc0e760 is pointing into the stack for thread: 0x0000000056f89000
RDX=0x00000000000000d0 is an unknown value
RSP=0x000000005cc0ed70 is pointing into the stack for thread: 0x0000000056f89000
RBP=0x000000005cc0eea0 is pointing into the stack for thread: 0x0000000056f89000
RSI=0x000000005cc0f040 is pointing into the stack for thread: 0x0000000056f89000
RDI=0x000000005cc0ef30 is pointing into the stack for thread: 0x0000000056f89000
R8 =0x0000000000000000 is an unknown value
R9 =0x0000000000000000 is an unknown value
R10=0x000007fedf7c0000 is an unknown value
R11=0x000000005cc0edb0 is pointing into the stack for thread: 0x0000000056f89000
R12=0x0000000000000000 is an unknown value
R13={method} {0x0000000054ca0508} 'Image_rectify' '(JLcom/leapmotion/leap/Image;JLcom/leapmotion/leap/Vector;)J' in 'com/leapmotion/leap/LeapJNI'
R14=0x000000005cc0f140 is pointing into the stack for thread: 0x0000000056f89000
R15=0x0000000058dfd570 is an unknown value


Stack: [0x000000005cb10000,0x000000005cc10000],  sp=0x000000005cc0ed70,  free space=1019k
Native frames: (J=compiled Java code, j=interpreted, Vv=VM code, C=native code)
C  [KERNELBASE.dll+0x1aaad]
C  [msvcr120.dll+0x5ef63]
C  [Leap.dll+0x7bf38]
C  [Leap.dll+0x7b5ed]
C  [Leap.dll+0x7ad53]
C  [LeapJava.dll+0x8be1]
C  0x0000000002abda0c

Java frames: (J=compiled Java code, j=interpreted, Vv=VM code)
j  com.leapmotion.leap.LeapJNI.Image_rectify(JLcom/leapmotion/leap/Image;JLcom/leapmotion/leap/Vector;)J+0
j  com.leapmotion.leap.Image.rectify(Lcom/leapmotion/leap/Vector;)Lcom/leapmotion/leap/Vector;+14
j  sample.FXController$1.run()V+97
j  java.lang.Thread.run()V+11
v  ~StubRoutines::call_stub

---------------  P R O C E S S  ---------------

Java Threads: ( => current thread )
=>0x0000000056f89000 JavaThread "Thread-4" [_thread_in_native, id=3488, stack(0x000000005cb10000,0x000000005cc10000)]
  0x0000000056f34800 JavaThread "Prism Font Disposer" daemon [_thread_blocked, id=6120, stack(0x000000005a510000,0x000000005a610000)]
  0x0000000056aca800 JavaThread "JavaFX-Launcher" [_thread_blocked, id=4852, stack(0x0000000059420000,0x0000000059520000)]
  0x0000000056ac5800 JavaThread "Thread-2" daemon [_thread_in_native, id=5872, stack(0x00000000592c0000,0x00000000593c0000)]
  0x0000000056a99800 JavaThread "JavaFX Application Thread" [_thread_in_native, id=3328, stack(0x00000000579f0000,0x0000000057af0000)]
  0x0000000056ce4800 JavaThread "Thread-1" daemon [_thread_blocked, id=3572, stack(0x00000000577c0000,0x00000000578c0000)]
  0x0000000056a1b000 JavaThread "QuantumRenderer-0" daemon [_thread_blocked, id=5072, stack(0x0000000057680000,0x0000000057780000)]
  0x0000000054e9d000 JavaThread "Service Thread" daemon [_thread_blocked, id=5824, stack(0x00000000565d0000,0x00000000566d0000)]
  0x0000000054e7f800 JavaThread "C1 CompilerThread1" daemon [_thread_blocked, id=5196, stack(0x00000000564c0000,0x00000000565c0000)]
  0x0000000054e8c800 JavaThread "C2 CompilerThread0" daemon [_thread_blocked, id=3596, stack(0x0000000055e30000,0x0000000055f30000)]
  0x0000000054e74000 JavaThread "JDWP Command Reader" daemon [_thread_in_native, id=5456, stack(0x00000000563c0000,0x00000000564c0000)]
  0x0000000054e6c800 JavaThread "JDWP Event Helper Thread" daemon [_thread_blocked, id=4004, stack(0x0000000056200000,0x0000000056300000)]
  0x0000000054e6a000 JavaThread "JDWP Transport Listener: dt_socket" daemon [_thread_blocked, id=2164, stack(0x0000000056060000,0x0000000056160000)]
  0x0000000054e59800 JavaThread "Attach Listener" daemon [_thread_blocked, id=2352, stack(0x0000000055d10000,0x0000000055e10000)]
  0x0000000054e58800 JavaThread "Signal Dispatcher" daemon [_thread_blocked, id=5812, stack(0x0000000055b50000,0x0000000055c50000)]
  0x0000000054dfd000 JavaThread "Finalizer" daemon [_thread_blocked, id=4432, stack(0x00000000559f0000,0x0000000055af0000)]
  0x0000000054df3800 JavaThread "Reference Handler" daemon [_thread_blocked, id=4812, stack(0x0000000055860000,0x0000000055960000)]
  0x0000000002280000 JavaThread "main" [_thread_blocked, id=5672, stack(0x00000000026d0000,0x00000000027d0000)]

Other Threads:
  0x0000000054dee000 VMThread [stack: 0x0000000055740000,0x0000000055840000] [id=5660]
  0x0000000054ebf000 WatcherThread [stack: 0x0000000056be0000,0x0000000056ce0000] [id=3432]

VM state:not at safepoint (normal execution)

VM Mutex/Monitor currently owned by a thread: None

Heap:
 PSYoungGen      total 18944K, used 16157K [0x00000000eb400000, 0x00000000ec900000, 0x0000000100000000)
  eden space 16384K, 83% used [0x00000000eb400000,0x00000000ec14f6f0,0x00000000ec400000)
  from space 2560K, 98% used [0x00000000ec400000,0x00000000ec678050,0x00000000ec680000)
  to   space 2560K, 0% used [0x00000000ec680000,0x00000000ec680000,0x00000000ec900000)
 ParOldGen       total 44032K, used 432K [0x00000000c1c00000, 0x00000000c4700000, 0x00000000eb400000)
  object space 44032K, 0% used [0x00000000c1c00000,0x00000000c1c6c040,0x00000000c4700000)
 Metaspace       used 14938K, capacity 15508K, committed 15744K, reserved 1062912K
  class space    used 1948K, capacity 2117K, committed 2176K, reserved 1048576K

Card table byte_map: [0x0000000011e60000,0x0000000012060000] byte_map_base: 0x0000000011852000

Marking Bits: (ParMarkBitMap*) 0x0000000067b10600
 Begin Bits: [0x00000000123a0000, 0x0000000013330000)
 End Bits:   [0x0000000013330000, 0x00000000142c0000)

Polling page: 0x0000000000130000

CodeCache: size=245760Kb used=4070Kb max_used=4080Kb free=241689Kb
 bounds [0x0000000002aa0000, 0x0000000002ea0000, 0x0000000011aa0000]
 total_blobs=1751 nmethods=1129 adapters=544
 compilation: enabled

Compilation events (10 events):
Event: 17.116 Thread 0x0000000054e7f800 nmethod 1126 0x0000000002e95e50 code [0x0000000002e95fe0, 0x0000000002e96498]
Event: 17.116 Thread 0x0000000054e7f800 1127  s    2       sun.misc.PerfCounter::get (9 bytes)
Event: 17.117 Thread 0x0000000054e7f800 nmethod 1127 0x0000000002e95950 code [0x0000000002e95ac0, 0x0000000002e95da8]
Event: 17.125 Thread 0x0000000054e8c800 nmethod 1107 0x0000000002e949d0 code [0x0000000002e94b40, 0x0000000002e955e8]
Event: 17.126 Thread 0x0000000054e8c800 1090       4       jdk.internal.org.objectweb.asm.ByteVector::putByte (39 bytes)
Event: 17.129 Thread 0x0000000054e8c800 nmethod 1090 0x0000000002e945d0 code [0x0000000002e94720, 0x0000000002e94888]
Event: 17.166 Thread 0x0000000054e7f800 1128       3       java.util.concurrent.locks.AbstractOwnableSynchronizer::setExclusiveOwnerThread (6 bytes)
Event: 17.166 Thread 0x0000000054e7f800 nmethod 1128 0x0000000002e9d410 code [0x0000000002e9d560, 0x0000000002e9d6d0]
Event: 17.166 Thread 0x0000000054e7f800 1129       3       java.util.WeakHashMap$HashIterator::hasNext (95 bytes)
Event: 17.167 Thread 0x0000000054e7f800 nmethod 1129 0x0000000002e9cbd0 code [0x0000000002e9cd60, 0x0000000002e9d210]

GC Heap History (2 events):
Event: 6.118 GC heap before
{Heap before GC invocations=1 (full 0):
 PSYoungGen      total 18944K, used 16384K [0x00000000eb400000, 0x00000000ec900000, 0x0000000100000000)
  eden space 16384K, 100% used [0x00000000eb400000,0x00000000ec400000,0x00000000ec400000)
  from space 2560K, 0% used [0x00000000ec680000,0x00000000ec680000,0x00000000ec900000)
  to   space 2560K, 0% used [0x00000000ec400000,0x00000000ec400000,0x00000000ec680000)
 ParOldGen       total 44032K, used 0K [0x00000000c1c00000, 0x00000000c4700000, 0x00000000eb400000)
  object space 44032K, 0% used [0x00000000c1c00000,0x00000000c1c00000,0x00000000c4700000)
 Metaspace       used 10659K, capacity 11060K, committed 11136K, reserved 1058816K
  class space    used 1281K, capacity 1403K, committed 1408K, reserved 1048576K
Event: 6.154 GC heap after
Heap after GC invocations=1 (full 0):
 PSYoungGen      total 18944K, used 2528K [0x00000000eb400000, 0x00000000ec900000, 0x0000000100000000)
  eden space 16384K, 0% used [0x00000000eb400000,0x00000000eb400000,0x00000000ec400000)
  from space 2560K, 98% used [0x00000000ec400000,0x00000000ec678050,0x00000000ec680000)
  to   space 2560K, 0% used [0x00000000ec680000,0x00000000ec680000,0x00000000ec900000)
 ParOldGen       total 44032K, used 432K [0x00000000c1c00000, 0x00000000c4700000, 0x00000000eb400000)
  object space 44032K, 0% used [0x00000000c1c00000,0x00000000c1c6c040,0x00000000c4700000)
 Metaspace       used 10659K, capacity 11060K, committed 11136K, reserved 1058816K
  class space    used 1281K, capacity 1403K, committed 1408K, reserved 1048576K
}

Deoptimization events (10 events):
Event: 7.535 Thread 0x0000000056a99800 Uncommon trap: reason=class_check action=maybe_recompile pc=0x0000000002d4f984 method=java.io.DataInputStream.readShort()S @ 4
Event: 7.537 Thread 0x0000000056a99800 Uncommon trap: reason=class_check action=maybe_recompile pc=0x0000000002d4f984 method=java.io.DataInputStream.readShort()S @ 4
Event: 7.537 Thread 0x0000000056a99800 Uncommon trap: reason=class_check action=maybe_recompile pc=0x0000000002d4f984 method=java.io.DataInputStream.readShort()S @ 4
Event: 7.593 Thread 0x0000000056a99800 Uncommon trap: reason=class_check action=maybe_recompile pc=0x0000000002bbe884 method=java.lang.String.equals(Ljava/lang/Object;)Z @ 8
Event: 7.593 Thread 0x0000000056a99800 Uncommon trap: reason=class_check action=maybe_recompile pc=0x0000000002bbe884 method=java.lang.String.equals(Ljava/lang/Object;)Z @ 8
Event: 7.593 Thread 0x0000000056a99800 Uncommon trap: reason=class_check action=maybe_recompile pc=0x0000000002bbe884 method=java.lang.String.equals(Ljava/lang/Object;)Z @ 8
Event: 7.606 Thread 0x0000000056a99800 Uncommon trap: reason=class_check action=maybe_recompile pc=0x0000000002bbe884 method=java.lang.String.equals(Ljava/lang/Object;)Z @ 8
Event: 7.786 Thread 0x0000000056a99800 Uncommon trap: reason=unstable_if action=reinterpret pc=0x0000000002de01ac method=java.lang.String.regionMatches(ZILjava/lang/String;II)Z @ 123
Event: 7.989 Thread 0x0000000056a99800 Uncommon trap: reason=unstable_if action=reinterpret pc=0x0000000002dab838 method=sun.net.www.ParseUtil.encodePath(Ljava/lang/String;Z)Ljava/lang/String; @ 109
Event: 16.965 Thread 0x0000000056a99800 Uncommon trap: reason=unstable_if action=reinterpret pc=0x0000000002e3525c method=jdk.internal.org.objectweb.asm.Type.getArgumentsAndReturnSizes(Ljava/lang/String;)I @ 47

Internal exceptions (10 events):
Event: 2.102 Thread 0x0000000002280000 Exception <a 'java/security/PrivilegedActionException'> (0x00000000eb72acc0) thrown at [D:\re\puppet\workspace\8-2-build-windows-amd64-cygwin\jdk8u73\6086\hotspot\src\share\vm\prims\jvm.cpp, line 1386]
Event: 2.126 Thread 0x0000000002280000 Exception <a 'java/security/PrivilegedActionException'> (0x00000000eb72eb08) thrown at [D:\re\puppet\workspace\8-2-build-windows-amd64-cygwin\jdk8u73\6086\hotspot\src\share\vm\prims\jvm.cpp, line 1386]
Event: 2.126 Thread 0x0000000002280000 Exception <a 'java/security/PrivilegedActionException'> (0x00000000eb72ed18) thrown at [D:\re\puppet\workspace\8-2-build-windows-amd64-cygwin\jdk8u73\6086\hotspot\src\share\vm\prims\jvm.cpp, line 1386]
Event: 2.129 Thread 0x0000000002280000 Exception <a 'java/lang/NullPointerException'> (0x00000000eb72f2f0) thrown at [D:\re\puppet\workspace\8-2-build-windows-amd64-cygwin\jdk8u73\6086\hotspot\src\share\vm\interpreter\linkResolver.cpp, line 1178]
Event: 5.120 Thread 0x0000000056a99800 Exception <a 'java/lang/NullPointerException'> (0x00000000ec0e50a0) thrown at [D:\re\puppet\workspace\8-2-build-windows-amd64-cygwin\jdk8u73\6086\hotspot\src\share\vm\interpreter\linkResolver.cpp, line 1178]
Event: 5.120 Thread 0x0000000056a99800 Exception <a 'java/lang/NullPointerException'> (0x00000000ec0e50a0) thrown at [D:\re\puppet\workspace\8-2-build-windows-amd64-cygwin\jdk8u73\6086\hotspot\src\share\vm\prims\jvm.cpp, line 1390]
Event: 6.328 Thread 0x0000000056a99800 Exception <a 'java/lang/ArrayIndexOutOfBoundsException'> (0x00000000eb4ef328) thrown at [D:\re\puppet\workspace\8-2-build-windows-amd64-cygwin\jdk8u73\6086\hotspot\src\share\vm\runtime\sharedRuntime.cpp, line 605]
Event: 6.330 Thread 0x0000000056a99800 Exception <a 'java/lang/ArrayIndexOutOfBoundsException'> (0x00000000eb4f0028) thrown at [D:\re\puppet\workspace\8-2-build-windows-amd64-cygwin\jdk8u73\6086\hotspot\src\share\vm\runtime\sharedRuntime.cpp, line 605]
Event: 6.337 Thread 0x0000000056a99800 Exception <a 'java/lang/ArrayIndexOutOfBoundsException'> (0x00000000eb4f13d0) thrown at [D:\re\puppet\workspace\8-2-build-windows-amd64-cygwin\jdk8u73\6086\hotspot\src\share\vm\runtime\sharedRuntime.cpp, line 605]
Event: 6.636 Thread 0x0000000056a99800 Implicit null exception at 0x0000000002d69e64 to 0x0000000002d6a0a5

Events (10 events):
Event: 17.159 Thread 0x00000000569d2000 Thread added: 0x00000000569d2000
Event: 17.160 Thread 0x00000000569d2000 Thread exited: 0x00000000569d2000
Event: 17.165 Thread 0x00000000569d2000 Thread added: 0x00000000569d2000
Event: 17.165 Thread 0x00000000569d2000 Thread exited: 0x00000000569d2000
Event: 17.166 Thread 0x00000000569d2000 Thread added: 0x00000000569d2000
Event: 17.169 Thread 0x00000000569d2000 Thread exited: 0x00000000569d2000
Event: 17.178 Thread 0x00000000569d2000 Thread added: 0x00000000569d2000
Event: 17.178 Thread 0x00000000569d2000 Thread exited: 0x00000000569d2000
Event: 17.179 Thread 0x00000000569d2000 Thread added: 0x00000000569d2000
Event: 17.179 Thread 0x00000000569d2000 Thread exited: 0x00000000569d2000


Dynamic libraries:
0x000000013f5f0000 - 0x000000013f627000 	C:\Program Files\Java\jdk1.8.0_73\bin\java.exe
0x00000000771e0000 - 0x0000000077389000 	C:\Windows\SYSTEM32\ntdll.dll
0x00000000770c0000 - 0x00000000771df000 	C:\Windows\system32\kernel32.dll
0x000007fefcfd0000 - 0x000007fefd03c000 	C:\Windows\system32\KERNELBASE.dll
0x000007fefef40000 - 0x000007feff01b000 	C:\Windows\system32\ADVAPI32.dll
0x000007fefe520000 - 0x000007fefe5bf000 	C:\Windows\system32\msvcrt.dll
0x000007fefe270000 - 0x000007fefe28f000 	C:\Windows\SYSTEM32\sechost.dll
0x000007feff070000 - 0x000007feff19d000 	C:\Windows\system32\RPCRT4.dll
0x0000000076fc0000 - 0x00000000770ba000 	C:\Windows\system32\USER32.dll
0x000007fefead0000 - 0x000007fefeb37000 	C:\Windows\system32\GDI32.dll
0x000007fefe5c0000 - 0x000007fefe5ce000 	C:\Windows\system32\LPK.dll
0x000007fefec60000 - 0x000007fefed29000 	C:\Windows\system32\USP10.dll
0x000007fefba00000 - 0x000007fefbbf4000 	C:\Windows\WinSxS\amd64_microsoft.windows.common-controls_6595b64144ccf1df_6.0.7601.18807_none_fa381d5f175bfb52\COMCTL32.dll
0x000007feff470000 - 0x000007feff4e1000 	C:\Windows\system32\SHLWAPI.dll
0x000007fefe310000 - 0x000007fefe33e000 	C:\Windows\system32\IMM32.DLL
0x000007fefeb40000 - 0x000007fefec49000 	C:\Windows\system32\MSCTF.dll
0x0000000067b90000 - 0x0000000067c62000 	C:\Program Files\Java\jdk1.8.0_73\jre\bin\msvcr100.dll
0x0000000067300000 - 0x0000000067b90000 	C:\Program Files\Java\jdk1.8.0_73\jre\bin\server\jvm.dll
0x000007feece50000 - 0x000007feece59000 	C:\Windows\system32\WSOCK32.dll
0x000007feff020000 - 0x000007feff06d000 	C:\Windows\system32\WS2_32.dll
0x000007fefec50000 - 0x000007fefec58000 	C:\Windows\system32\NSI.dll
0x000007fef8f30000 - 0x000007fef8f6b000 	C:\Windows\system32\WINMM.dll
0x000007fefc210000 - 0x000007fefc21c000 	C:\Windows\system32\VERSION.dll
0x00000000773b0000 - 0x00000000773b7000 	C:\Windows\system32\PSAPI.DLL
0x0000000067d40000 - 0x0000000067d4f000 	C:\Program Files\Java\jdk1.8.0_73\jre\bin\verify.dll
0x0000000067d10000 - 0x0000000067d39000 	C:\Program Files\Java\jdk1.8.0_73\jre\bin\java.dll
0x00000000672c0000 - 0x00000000672f5000 	C:\Program Files\Java\jdk1.8.0_73\jre\bin\jdwp.dll
0x0000000067c70000 - 0x0000000067c78000 	C:\Program Files\Java\jdk1.8.0_73\jre\bin\npt.dll
0x0000000067cf0000 - 0x0000000067d06000 	C:\Program Files\Java\jdk1.8.0_73\jre\bin\zip.dll
0x000007fefd400000 - 0x000007fefe189000 	C:\Windows\system32\SHELL32.dll
0x000007fefed30000 - 0x000007fefef33000 	C:\Windows\system32\ole32.dll
0x000007fefcfa0000 - 0x000007fefcfaf000 	C:\Windows\system32\profapi.dll
0x00000000672b0000 - 0x00000000672b9000 	C:\Program Files\Java\jdk1.8.0_73\jre\bin\dt_socket.dll
0x000007fefc740000 - 0x000007fefc795000 	C:\Windows\system32\mswsock.dll
0x000007fefc150000 - 0x000007fefc157000 	C:\Windows\System32\wshtcpip.dll
0x000007fee0900000 - 0x000007fee09ef000 	C:\Program Files\Java\jdk1.8.0_73\jre\bin\msvcr120.dll
0x000007fee0a30000 - 0x000007fee0ad6000 	C:\Program Files\Java\jdk1.8.0_73\jre\bin\msvcp120.dll
0x0000000067ca0000 - 0x0000000067cc3000 	C:\Program Files\Java\jdk1.8.0_73\jre\bin\prism_d3d.dll
0x000007fee4cb0000 - 0x000007fee4eaf000 	C:\Windows\system32\d3d9.dll
0x000007fee4ca0000 - 0x000007fee4ca7000 	C:\Windows\system32\d3d8thk.dll
0x000007fefb3f0000 - 0x000007fefb408000 	C:\Windows\system32\dwmapi.dll
0x000007fefb820000 - 0x000007fefb876000 	C:\Windows\system32\uxtheme.dll
0x000007fee33c0000 - 0x000007fee4c9c000 	C:\Windows\system32\igdumdim64.dll
0x000007fef5ee0000 - 0x000007fef6332000 	C:\Windows\system32\igdusc64.dll
0x0000000066c60000 - 0x0000000066ca3000 	C:\Program Files\Java\jdk1.8.0_73\jre\bin\glass.dll
0x000007fefe5d0000 - 0x000007fefe667000 	C:\Windows\system32\COMDLG32.dll
0x000007fefe190000 - 0x000007fefe267000 	C:\Windows\system32\OLEAUT32.dll
0x000007fefce40000 - 0x000007fefce4f000 	C:\Windows\system32\CRYPTBASE.dll
0x000007fef76d0000 - 0x000007fef770d000 	C:\Program Files\LeapSDK\lib\x64\LeapJava.dll
0x000007fedf7c0000 - 0x000007fedfafb000 	C:\Program Files\LeapSDK\lib\x64\Leap.dll
0x000007fefb310000 - 0x000007fefb33d000 	C:\Windows\system32\ntmarta.dll
0x000007fefea70000 - 0x000007fefeac2000 	C:\Windows\system32\WLDAP32.dll
0x0000000066c40000 - 0x0000000066c54000 	C:\Program Files\Java\jdk1.8.0_73\jre\bin\javafx_font.dll
0x000007fee7230000 - 0x000007fee73c7000 	C:\Windows\system32\dwrite.dll
0x000007fefd360000 - 0x000007fefd3f9000 	C:\Windows\system32\CLBCatQ.DLL
0x000007fefafc0000 - 0x000007fefb121000 	C:\Windows\system32\WindowsCodecs.dll
0x000007fefcde0000 - 0x000007fefce37000 	C:\Windows\system32\apphelp.dll
0x000007fefaeb0000 - 0x000007fefaee5000 	C:\Windows\system32\EhStorShell.dll
0x000007fefe340000 - 0x000007fefe517000 	C:\Windows\system32\SETUPAPI.dll
0x000007fefd250000 - 0x000007fefd286000 	C:\Windows\system32\CFGMGR32.dll
0x000007fefd340000 - 0x000007fefd35a000 	C:\Windows\system32\DEVOBJ.dll
0x000007fefb880000 - 0x000007fefb9ac000 	C:\Windows\system32\PROPSYS.dll
0x000007fef9f60000 - 0x000007fef9fde000 	C:\Windows\System32\cscui.dll
0x000007fefbc00000 - 0x000007fefbc0c000 	C:\Windows\System32\CSCDLL.dll
0x000007fefb9d0000 - 0x000007fefb9df000 	C:\Windows\system32\CSCAPI.dll
0x000007fef9ee0000 - 0x000007fef9f60000 	C:\Windows\system32\ntshrui.dll
0x000007fefcb40000 - 0x000007fefcb63000 	C:\Windows\system32\srvcli.dll
0x000007fefa640000 - 0x000007fefa64b000 	C:\Windows\system32\slc.dll
0x000007fefabc0000 - 0x000007fefabed000 	C:\Program Files\Common Files\Microsoft Shared\Ink\rtscom.dll
0x0000000066c20000 - 0x0000000066c31000 	C:\Program Files\Java\jdk1.8.0_73\jre\bin\prism_common.dll
0x000007fef8530000 - 0x000007fef8655000 	C:\Windows\system32\dbghelp.dll

VM Arguments:
jvm_args: -agentlib:jdwp=transport=dt_socket,address=127.0.0.1:51817,suspend=y,server=n -Djava.library.path=C:\Program Files\LeapSDK\lib\x64 -Dfile.encoding=UTF-8 
java_command: sample.Main
java_class_path (initial): C:\Program Files\Java\jdk1.8.0_73\jre\lib\charsets.jar;C:\Program Files\Java\jdk1.8.0_73\jre\lib\deploy.jar;C:\Program Files\Java\jdk1.8.0_73\jre\lib\javaws.jar;C:\Program Files\Java\jdk1.8.0_73\jre\lib\jce.jar;C:\Program Files\Java\jdk1.8.0_73\jre\lib\jfr.jar;C:\Program Files\Java\jdk1.8.0_73\jre\lib\jfxswt.jar;C:\Program Files\Java\jdk1.8.0_73\jre\lib\jsse.jar;C:\Program Files\Java\jdk1.8.0_73\jre\lib\management-agent.jar;C:\Program Files\Java\jdk1.8.0_73\jre\lib\plugin.jar;C:\Program Files\Java\jdk1.8.0_73\jre\lib\resources.jar;C:\Program Files\Java\jdk1.8.0_73\jre\lib\rt.jar;C:\Program Files\Java\jdk1.8.0_73\jre\lib\ext\access-bridge-64.jar;C:\Program Files\Java\jdk1.8.0_73\jre\lib\ext\cldrdata.jar;C:\Program Files\Java\jdk1.8.0_73\jre\lib\ext\dnsns.jar;C:\Program Files\Java\jdk1.8.0_73\jre\lib\ext\jaccess.jar;C:\Program Files\Java\jdk1.8.0_73\jre\lib\ext\jfxrt.jar;C:\Program Files\Java\jdk1.8.0_73\jre\lib\ext\localedata.jar;C:\Program Files\Java\jdk1.8.0_73\jre\lib\ext\nashorn.jar;C:\Program Files\Java\jdk1.8.0_73\jre\lib\ext\sunec.jar;C:\Program Files\Java\jdk1.8.0_73\jre\lib\ext\sunjce_provider.jar;C:\Program Files\Java\jdk1.8.0_73\jre\lib\ext\sunmscapi.jar;C:\Program Files\Java\jdk1.8.0_73\jre\lib\ext\sunpkcs11.jar;C:\Program Files\Java\jdk1.8.0_73\jre\lib\ext\zipfs.jar;D:\Projects\SPb-AU-LeapMotion\LeapMotion\out\production\LeapMotion;C:\Program Files\LeapSDK\lib\LeapJava.jar;C:\Soft\IntelliJ IDEA\lib\idea_rt.jar
Launcher Type: SUN_STANDARD

Environment Variables:
JAVA_HOME=D:\Soft\Java
PATH=C:\Program Files\LeapSDK\lib\x64;th;C:\Program Files\Haskell\bin;C:\Soft\Haskell Platform\lib\extralibs\bin;C:\Soft\Haskell Platform\bin;C:\Windows\system32;C:\Windows;C:\Windows\System32\Wbem;C:\Windows\System32\WindowsPowerShell\v1.0\;C:\Soft\Skype\Phone\;C:\Soft\Java\bin;C:\Users\Anastasia\AppData\Local\Android\sdk\platform-tools;C:\Users\Anastasia\AppData\Local\Android\sdk\tools;D:\Soft\Git\cmd;C:\Soft\Haskell Platform\mingw\bin;C:\Program Files\apache-maven-3.3.3\bin;d:\soft\iverilog\bin;C:\Program Files\LLVM\bin;C:\Users\Anastasia\AppData\Roaming\cabal\bin;C:\Soft\MinGW\msys\1.0\bin;C:\Program Files (x86)\GnuWin32\bin;C:\Program Files (x86)\Atmel\Atmel Toolchain\AVR8 GCC\Native\3.4.2.939\avr8-gnu-toolchain\bin;c:\Program Files\Java\jdk1.8.0_73\binC:\ProgramData\Oracle\Java\javapath;C:\Program Files\Haskell\bin;C:\Soft\Haskell Platform\lib\extralibs\bin;C:\Soft\Haskell Platform\bin;C:\Windows\system32;C:\Windows;C:\Windows\System32\Wbem;C:\Windows\System32\WindowsPowerShell\v1.0\;C:\Soft\Skype\Phone\;C:\Soft\Java\bin;C:\Users\Anastasia\AppData\Local\Android\sdk\platform-tools;C:\Users\Anastasia\AppData\Local\Android\sdk\tools;D:\Soft\Git\cmd;C:\Soft\Haskell Platform\mingw\bin;C:\Program Files\apache-maven-3.3.3\bin;d:\soft\iverilog\bin;C:\Program Files\LLVM\bin;C:\Users\Anastasia\AppData\Roaming\cabal\bin;C:\Soft\MinGW\msys\1.0\bin;C:\Program Files (x86)\GnuWin32\bin;C:\Program Files (x86)\Atmel\Atmel Toolchain\AVR8 GCC\Native\3.4.2.939\avr8-gnu-toolchain\bin;c:\Program Files\Java\jdk1.8.0_73\bin
USERNAME=Anastasia
OS=Windows_NT
PROCESSOR_IDENTIFIER=Intel64 Family 6 Model 55 Stepping 8, GenuineIntel



---------------  S Y S T E M  ---------------

OS: Windows 7 , 64 bit Build 7601 (6.1.7601.18839)

CPU:total 2 (2 cores per cpu, 1 threads per core) family 6 model 55 stepping 8, cmov, cx8, fxsr, mmx, sse, sse2, sse3, ssse3, sse4.1, sse4.2, popcnt, clmul, erms, 3dnowpref, tsc, tscinvbit

Memory: 4k page, physical 4078212k(1208916k free), swap 8154588k(4164396k free)

vm_info: Java HotSpot(TM) 64-Bit Server VM (25.73-b02) for windows-amd64 JRE (1.8.0_73-b02), built on Jan 29 2016 17:38:49 by "java_re" with MS VC++ 10.0 (VS2010)

time: Sat Mar 26 19:56:45 2016
elapsed time: 17 seconds (0d 0h 0m 17s)

