#
# A fatal error has been detected by the Java Runtime Environment:
#
#  EXCEPTION_ACCESS_VIOLATION (0xc0000005) at pc=0x000007fef20cc3f9, pid=2016, tid=188
#
# JRE version: Java(TM) SE Runtime Environment (8.0_60-b27) (build 1.8.0_60-b27)
# Java VM: Java HotSpot(TM) 64-Bit Server VM (25.60-b23 mixed mode windows-amd64 compressed oops)
# Problematic frame:
# C  [msvcr120.dll+0x3c3f9]
#
# Failed to write core dump. Minidumps are not enabled by default on client versions of Windows
#
# If you would like to submit a bug report, please visit:
#   http://bugreport.java.com/bugreport/crash.jsp
# The crash happened outside the Java Virtual Machine in native code.
# See problematic frame for where to report the bug.
#

---------------  T H R E A D  ---------------

Current thread (0x00000000173dc000):  JavaThread "JavaFX Application Thread" [_thread_in_native, id=188, stack(0x0000000018230000,0x0000000018330000)]

siginfo: ExceptionCode=0xc0000005, reading address 0x0000000000000000

Registers:
RAX=0x0000000000025800, RBX=0x0000000014c830d0, RCX=0x0000000000025800, RDX=0xffffffffe1922ea0
RSP=0x000000001832d9a8, RBP=0x000000001e0be0d0, RSI=0x0000000000000000, RDI=0x000000001e6dd160
R8 =0x0000000000025800, R9 =0x0000000000000400, R10=0x0000000000000000, R11=0x000000001e6dd160
R12=0x0000000000000000, R13=0x0000000014c830d0, R14=0x000000001832dab8, R15=0x00000000173dc000
RIP=0x000007fef20cc3f9, EFLAGS=0x0000000000010207

Top of Stack: (sp=0x000000001832d9a8)
0x000000001832d9a8:   00000000173dc000 00000000173dc1f8
0x000000001832d9b8:   000007fef20589de 0000000014c830d0
0x000000001832d9c8:   000000001e0be0d0 00000000173dc000
0x000000001832d9d8:   00000000173dc1f8 00000000179e0e60
0x000000001832d9e8:   000000006fde3f91 00000000028f7710
0x000000001832d9f8:   0000000002905e14 000000001832da80
0x000000001832da08:   0000000000025800 000000001e6dd160
0x000000001832da18:   000000006fe2a200 000000001832daa0
0x000000001832da28:   00000000173dc000 00000000800007a8
0x000000001832da38:   00000000ee5beb50 000000001832da40
0x000000001832da48:   0000000000000000 000000001832dab8
0x000000001832da58:   000000001a007c70 0000000000000000
0x000000001832da68:   0000000014c830d0 0000000000000000
0x000000001832da78:   000000001832daa0 000000001832db00
0x000000001832da88:   00000000028f7cc1 00000000ee5beb50
0x000000001832da98:   00000000028ff958 00000000ec50f5d0 

Instructions: (pc=0x000007fef20cc3f9)
0x000007fef20cc3d9:   03 c0 48 3b c8 0f 8c 96 03 00 00 0f ba 25 6c 53
0x000007fef20cc3e9:   0a 00 01 73 13 57 56 48 8b f9 49 8b f2 49 8b c8
0x000007fef20cc3f9:   f3 a4 5e 5f 49 8b c3 c3 0f ba 25 4f 53 0a 00 02
0x000007fef20cc409:   0f 82 56 02 00 00 f6 c1 07 74 36 f6 c1 01 74 0b 


Register to memory mapping:

RAX=0x0000000000025800 is an unknown value
RBX={method} {0x0000000014c830d8} 'Image_data' '(JLcom/leapmotion/leap/Image;[B)V' in 'com/leapmotion/leap/LeapJNI'
RCX=0x0000000000025800 is an unknown value
RDX=0xffffffffe1922ea0 is an unknown value
RSP=0x000000001832d9a8 is pointing into the stack for thread: 0x00000000173dc000
RBP=0x000000001e0be0d0 is an unknown value
RSI=0x0000000000000000 is an unknown value
RDI=0x000000001e6dd160 is an unknown value
R8 =0x0000000000025800 is an unknown value
R9 =0x0000000000000400 is an unknown value
R10=0x0000000000000000 is an unknown value
R11=0x000000001e6dd160 is an unknown value
R12=0x0000000000000000 is an unknown value
R13={method} {0x0000000014c830d8} 'Image_data' '(JLcom/leapmotion/leap/Image;[B)V' in 'com/leapmotion/leap/LeapJNI'
R14=0x000000001832dab8 is pointing into the stack for thread: 0x00000000173dc000
R15=0x00000000173dc000 is a thread


Stack: [0x0000000018230000,0x0000000018330000],  sp=0x000000001832d9a8,  free space=1014k
Native frames: (J=compiled Java code, j=interpreted, Vv=VM code, C=native code)
C  [msvcr120.dll+0x3c3f9]
C  0x00000000173dc000

Java frames: (J=compiled Java code, j=interpreted, Vv=VM code)
j  com.leapmotion.leap.LeapJNI.Image_data(JLcom/leapmotion/leap/Image;[B)V+0
j  com.leapmotion.leap.Image.data()[B+23
J 1284 C2 sample.FXController$Task$1.run()V (174 bytes) @ 0x0000000002d4fba4 [0x0000000002d4fb60+0x44]
j  com.sun.javafx.application.PlatformImpl.lambda$null$174(Ljava/lang/Runnable;)Ljava/lang/Void;+1
j  com.sun.javafx.application.PlatformImpl$$Lambda$52.run()Ljava/lang/Object;+4
v  ~StubRoutines::call_stub
j  java.security.AccessController.doPrivileged(Ljava/security/PrivilegedAction;Ljava/security/AccessControlContext;)Ljava/lang/Object;+0
j  com.sun.javafx.application.PlatformImpl.lambda$runLater$175(Ljava/lang/Runnable;Ljava/security/AccessControlContext;)V+7
j  com.sun.javafx.application.PlatformImpl$$Lambda$51.run()V+8
j  com.sun.glass.ui.InvokeLaterDispatcher$Future.run()V+4
v  ~StubRoutines::call_stub
j  com.sun.glass.ui.win.WinApplication._runLoop(Ljava/lang/Runnable;)V+0
j  com.sun.glass.ui.win.WinApplication.lambda$null$149(ILjava/lang/Runnable;)V+8
j  com.sun.glass.ui.win.WinApplication$$Lambda$40.run()V+12
j  java.lang.Thread.run()V+11
v  ~StubRoutines::call_stub

---------------  P R O C E S S  ---------------

Java Threads: ( => current thread )
  0x0000000017651000 JavaThread "Thread-4" [_thread_blocked, id=4824, stack(0x000000001ddd0000,0x000000001ded0000)]
  0x000000001758b800 JavaThread "Timer-0" [_thread_blocked, id=7564, stack(0x000000001dcd0000,0x000000001ddd0000)]
  0x00000000176bd000 JavaThread "Prism Font Disposer" daemon [_thread_blocked, id=7756, stack(0x000000001c930000,0x000000001ca30000)]
  0x0000000017410800 JavaThread "Thread-3" daemon [_thread_in_native, id=4884, stack(0x0000000019f00000,0x000000001a000000)]
=>0x00000000173dc000 JavaThread "JavaFX Application Thread" [_thread_in_native, id=188, stack(0x0000000018230000,0x0000000018330000)]
  0x00000000173cb000 JavaThread "Thread-2" daemon [_thread_blocked, id=8044, stack(0x0000000018330000,0x0000000018430000)]
  0x00000000173b8000 JavaThread "QuantumRenderer-0" daemon [_thread_blocked, id=7780, stack(0x0000000017d00000,0x0000000017e00000)]
  0x000000001679a000 JavaThread "JavaFX-Launcher" [_thread_blocked, id=6596, stack(0x0000000017bb0000,0x0000000017cb0000)]
  0x000000001651a000 JavaThread "Monitor Ctrl-Break" daemon [_thread_in_native, id=7280, stack(0x0000000017120000,0x0000000017220000)]
  0x0000000016498800 JavaThread "Service Thread" daemon [_thread_blocked, id=8120, stack(0x0000000016ce0000,0x0000000016de0000)]
  0x000000001641c000 JavaThread "C1 CompilerThread2" daemon [_thread_blocked, id=4160, stack(0x0000000016860000,0x0000000016960000)]
  0x000000001641a800 JavaThread "C2 CompilerThread1" daemon [_thread_blocked, id=3612, stack(0x0000000016bd0000,0x0000000016cd0000)]
  0x0000000016415000 JavaThread "C2 CompilerThread0" daemon [_thread_blocked, id=7260, stack(0x0000000016ac0000,0x0000000016bc0000)]
  0x0000000016412000 JavaThread "Attach Listener" daemon [_thread_blocked, id=7344, stack(0x0000000016990000,0x0000000016a90000)]
  0x0000000016410800 JavaThread "Signal Dispatcher" daemon [_thread_blocked, id=8128, stack(0x0000000015f10000,0x0000000016010000)]
  0x0000000014e2c000 JavaThread "Finalizer" daemon [_thread_blocked, id=3812, stack(0x0000000016310000,0x0000000016410000)]
  0x0000000014e25800 JavaThread "Reference Handler" daemon [_thread_blocked, id=8124, stack(0x00000000161c0000,0x00000000162c0000)]
  0x000000000225f000 JavaThread "main" [_thread_blocked, id=6824, stack(0x0000000002520000,0x0000000002620000)]

Other Threads:
  0x0000000014e20000 VMThread [stack: 0x0000000016010000,0x0000000016110000] [id=7556]
  0x00000000164b5800 WatcherThread [stack: 0x0000000016fd0000,0x00000000170d0000] [id=8172]

VM state:not at safepoint (normal execution)

VM Mutex/Monitor currently owned by a thread: None

Heap:
 PSYoungGen      total 33280K, used 5513K [0x00000000ec380000, 0x00000000ee680000, 0x0000000100000000)
  eden space 30720K, 9% used [0x00000000ec380000,0x00000000ec668f90,0x00000000ee180000)
  from space 2560K, 98% used [0x00000000ee400000,0x00000000ee6794e8,0x00000000ee680000)
  to   space 2560K, 0% used [0x00000000ee180000,0x00000000ee180000,0x00000000ee400000)
 ParOldGen       total 40960K, used 5874K [0x00000000c4a00000, 0x00000000c7200000, 0x00000000ec380000)
  object space 40960K, 14% used [0x00000000c4a00000,0x00000000c4fbc8d0,0x00000000c7200000)
 Metaspace       used 16620K, capacity 17204K, committed 17536K, reserved 1064960K
  class space    used 2177K, capacity 2339K, committed 2432K, reserved 1048576K

Card table byte_map: [0x0000000011cb0000,0x0000000011e90000] byte_map_base: 0x000000001168b000

Marking Bits: (ParMarkBitMap*) 0x00000000704fa5b0
 Begin Bits: [0x0000000012500000, 0x00000000133d8000)
 End Bits:   [0x00000000133d8000, 0x00000000142b0000)

Polling page: 0x0000000000240000

CodeCache: size=245760Kb used=4493Kb max_used=4506Kb free=241266Kb
 bounds [0x00000000028f0000, 0x0000000002d60000, 0x00000000118f0000]
 total_blobs=1977 nmethods=1293 adapters=596
 compilation: enabled

Compilation events (10 events):
Event: 7.054 Thread 0x000000001641a800 1289       4       com.sun.imageio.plugins.png.IDATOutputStream::deflate (98 bytes)
Event: 7.054 Thread 0x0000000016415000 1290   !   4       java.util.zip.Deflater::deflate (140 bytes)
Event: 7.062 Thread 0x0000000016415000 nmethod 1290 0x0000000002d55dd0 code [0x0000000002d55f20, 0x0000000002d56428]
Event: 7.063 Thread 0x000000001641c000 1291  s    3       com.leapmotion.leap.Interface::delete (37 bytes)
Event: 7.064 Thread 0x000000001641c000 nmethod 1291 0x0000000002d4f250 code [0x0000000002d4f3c0, 0x0000000002d4f7e8]
Event: 7.078 Thread 0x000000001641c000 1292       3       java.util.HashMap$HashIterator::<init> (79 bytes)
Event: 7.079 Thread 0x000000001641c000 nmethod 1292 0x0000000002d4ebd0 code [0x0000000002d4ed40, 0x0000000002d4f0d0]
Event: 7.081 Thread 0x000000001641c000 1293       1       com.sun.prism.PixelFormat$DataType::getSizeInBytes (5 bytes)
Event: 7.081 Thread 0x000000001641a800 nmethod 1289 0x0000000002d58890 code [0x0000000002d58a20, 0x0000000002d59450]
Event: 7.081 Thread 0x000000001641c000 nmethod 1293 0x0000000002d49c10 code [0x0000000002d49d60, 0x0000000002d49e70]

GC Heap History (8 events):
Event: 0.992 GC heap before
{Heap before GC invocations=1 (full 0):
 PSYoungGen      total 17920K, used 15360K [0x00000000ec380000, 0x00000000ed780000, 0x0000000100000000)
  eden space 15360K, 100% used [0x00000000ec380000,0x00000000ed280000,0x00000000ed280000)
  from space 2560K, 0% used [0x00000000ed500000,0x00000000ed500000,0x00000000ed780000)
  to   space 2560K, 0% used [0x00000000ed280000,0x00000000ed280000,0x00000000ed500000)
 ParOldGen       total 40960K, used 0K [0x00000000c4a00000, 0x00000000c7200000, 0x00000000ec380000)
  object space 40960K, 0% used [0x00000000c4a00000,0x00000000c4a00000,0x00000000c7200000)
 Metaspace       used 10583K, capacity 10936K, committed 11136K, reserved 1058816K
  class space    used 1289K, capacity 1402K, committed 1408K, reserved 1048576K
Event: 1.012 GC heap after
Heap after GC invocations=1 (full 0):
 PSYoungGen      total 17920K, used 2528K [0x00000000ec380000, 0x00000000ee680000, 0x0000000100000000)
  eden space 15360K, 0% used [0x00000000ec380000,0x00000000ec380000,0x00000000ed280000)
  from space 2560K, 98% used [0x00000000ed280000,0x00000000ed4f8050,0x00000000ed500000)
  to   space 2560K, 0% used [0x00000000ee400000,0x00000000ee400000,0x00000000ee680000)
 ParOldGen       total 40960K, used 410K [0x00000000c4a00000, 0x00000000c7200000, 0x00000000ec380000)
  object space 40960K, 1% used [0x00000000c4a00000,0x00000000c4a66ba8,0x00000000c7200000)
 Metaspace       used 10583K, capacity 10936K, committed 11136K, reserved 1058816K
  class space    used 1289K, capacity 1402K, committed 1408K, reserved 1048576K
}
Event: 5.322 GC heap before
{Heap before GC invocations=2 (full 0):
 PSYoungGen      total 17920K, used 17888K [0x00000000ec380000, 0x00000000ee680000, 0x0000000100000000)
  eden space 15360K, 100% used [0x00000000ec380000,0x00000000ed280000,0x00000000ed280000)
  from space 2560K, 98% used [0x00000000ed280000,0x00000000ed4f8050,0x00000000ed500000)
  to   space 2560K, 0% used [0x00000000ee400000,0x00000000ee400000,0x00000000ee680000)
 ParOldGen       total 40960K, used 410K [0x00000000c4a00000, 0x00000000c7200000, 0x00000000ec380000)
  object space 40960K, 1% used [0x00000000c4a00000,0x00000000c4a66ba8,0x00000000c7200000)
 Metaspace       used 14972K, capacity 15538K, committed 15744K, reserved 1062912K
  class space    used 1979K, capacity 2146K, committed 2176K, reserved 1048576K
Event: 5.330 GC heap after
Heap after GC invocations=2 (full 0):
 PSYoungGen      total 33280K, used 2528K [0x00000000ec380000, 0x00000000ee680000, 0x0000000100000000)
  eden space 30720K, 0% used [0x00000000ec380000,0x00000000ec380000,0x00000000ee180000)
  from space 2560K, 98% used [0x00000000ee400000,0x00000000ee678020,0x00000000ee680000)
  to   space 2560K, 0% used [0x00000000ee180000,0x00000000ee180000,0x00000000ee400000)
 ParOldGen       total 40960K, used 4622K [0x00000000c4a00000, 0x00000000c7200000, 0x00000000ec380000)
  object space 40960K, 11% used [0x00000000c4a00000,0x00000000c4e838e0,0x00000000c7200000)
 Metaspace       used 14972K, capacity 15538K, committed 15744K, reserved 1062912K
  class space    used 1979K, capacity 2146K, committed 2176K, reserved 1048576K
}
Event: 6.390 GC heap before
{Heap before GC invocations=3 (full 0):
 PSYoungGen      total 33280K, used 33248K [0x00000000ec380000, 0x00000000ee680000, 0x0000000100000000)
  eden space 30720K, 100% used [0x00000000ec380000,0x00000000ee180000,0x00000000ee180000)
  from space 2560K, 98% used [0x00000000ee400000,0x00000000ee678020,0x00000000ee680000)
  to   space 2560K, 0% used [0x00000000ee180000,0x00000000ee180000,0x00000000ee400000)
 ParOldGen       total 40960K, used 4622K [0x00000000c4a00000, 0x00000000c7200000, 0x00000000ec380000)
  object space 40960K, 11% used [0x00000000c4a00000,0x00000000c4e838e0,0x00000000c7200000)
 Metaspace       used 15330K, capacity 15890K, committed 16128K, reserved 1062912K
  class space    used 2013K, capacity 2178K, committed 2304K, reserved 1048576K
Event: 6.395 GC heap after
Heap after GC invocations=3 (full 0):
 PSYoungGen      total 33280K, used 2544K [0x00000000ec380000, 0x00000000ee680000, 0x0000000100000000)
  eden space 30720K, 0% used [0x00000000ec380000,0x00000000ec380000,0x00000000ee180000)
  from space 2560K, 99% used [0x00000000ee180000,0x00000000ee3fc050,0x00000000ee400000)
  to   space 2560K, 0% used [0x00000000ee400000,0x00000000ee400000,0x00000000ee680000)
 ParOldGen       total 40960K, used 4780K [0x00000000c4a00000, 0x00000000c7200000, 0x00000000ec380000)
  object space 40960K, 11% used [0x00000000c4a00000,0x00000000c4eab0f0,0x00000000c7200000)
 Metaspace       used 15330K, capacity 15890K, committed 16128K, reserved 1062912K
  class space    used 2013K, capacity 2178K, committed 2304K, reserved 1048576K
}
Event: 7.056 GC heap before
{Heap before GC invocations=4 (full 0):
 PSYoungGen      total 33280K, used 33264K [0x00000000ec380000, 0x00000000ee680000, 0x0000000100000000)
  eden space 30720K, 100% used [0x00000000ec380000,0x00000000ee180000,0x00000000ee180000)
  from space 2560K, 99% used [0x00000000ee180000,0x00000000ee3fc050,0x00000000ee400000)
  to   space 2560K, 0% used [0x00000000ee400000,0x00000000ee400000,0x00000000ee680000)
 ParOldGen       total 40960K, used 4780K [0x00000000c4a00000, 0x00000000c7200000, 0x00000000ec380000)
  object space 40960K, 11% used [0x00000000c4a00000,0x00000000c4eab0f0,0x00000000c7200000)
 Metaspace       used 16619K, capacity 17204K, committed 17536K, reserved 1064960K
  class space    used 2177K, capacity 2339K, committed 2432K, reserved 1048576K
Event: 7.061 GC heap after
Heap after GC invocations=4 (full 0):
 PSYoungGen      total 33280K, used 2533K [0x00000000ec380000, 0x00000000ee680000, 0x0000000100000000)
  eden space 30720K, 0% used [0x00000000ec380000,0x00000000ec380000,0x00000000ee180000)
  from space 2560K, 98% used [0x00000000ee400000,0x00000000ee6794e8,0x00000000ee680000)
  to   space 2560K, 0% used [0x00000000ee180000,0x00000000ee180000,0x00000000ee400000)
 ParOldGen       total 40960K, used 5874K [0x00000000c4a00000, 0x00000000c7200000, 0x00000000ec380000)
  object space 40960K, 14% used [0x00000000c4a00000,0x00000000c4fbc8d0,0x00000000c7200000)
 Metaspace       used 16619K, capacity 17204K, committed 17536K, reserved 1064960K
  class space    used 2177K, capacity 2339K, committed 2432K, reserved 1048576K
}

Deoptimization events (10 events):
Event: 1.330 Thread 0x00000000173dc000 Uncommon trap: reason=class_check action=maybe_recompile pc=0x0000000002b6bdd0 method=java.io.DataInputStream.readShort()S @ 4
Event: 1.330 Thread 0x00000000173dc000 Uncommon trap: reason=class_check action=maybe_recompile pc=0x0000000002b6bdd0 method=java.io.DataInputStream.readShort()S @ 4
Event: 1.356 Thread 0x00000000173dc000 Uncommon trap: reason=class_check action=maybe_recompile pc=0x0000000002a1b860 method=java.lang.String.equals(Ljava/lang/Object;)Z @ 8
Event: 1.356 Thread 0x00000000173dc000 Uncommon trap: reason=class_check action=maybe_recompile pc=0x0000000002a1b860 method=java.lang.String.equals(Ljava/lang/Object;)Z @ 8
Event: 1.356 Thread 0x00000000173dc000 Uncommon trap: reason=class_check action=maybe_recompile pc=0x0000000002a1b860 method=java.lang.String.equals(Ljava/lang/Object;)Z @ 8
Event: 1.360 Thread 0x00000000173dc000 Uncommon trap: reason=class_check action=maybe_recompile pc=0x0000000002a1b860 method=java.lang.String.equals(Ljava/lang/Object;)Z @ 8
Event: 1.427 Thread 0x00000000173dc000 Uncommon trap: reason=unstable_if action=reinterpret pc=0x0000000002bfa908 method=java.lang.String.regionMatches(ZILjava/lang/String;II)Z @ 123
Event: 1.480 Thread 0x00000000173dc000 Uncommon trap: reason=unstable_if action=reinterpret pc=0x0000000002bc4a9c method=sun.net.www.ParseUtil.encodePath(Ljava/lang/String;Z)Ljava/lang/String; @ 109
Event: 6.712 Thread 0x00000000173dc000 Uncommon trap: reason=unstable_if action=reinterpret pc=0x0000000002b37e8c method=sun.nio.cs.UTF_8$Encoder.encode([CII[B)I @ 33
Event: 6.888 Thread 0x00000000173dc000 Uncommon trap: reason=unstable_if action=reinterpret pc=0x0000000002d37c38 method=com.sun.imageio.plugins.png.PNGImageWriter.encodePass(Ljavax/imageio/stream/ImageOutputStream;Ljava/awt/image/RenderedImage;IIII)V @ 303

Internal exceptions (10 events):
Event: 0.267 Thread 0x000000001679a000 Exception <a 'java/security/PrivilegedActionException'> (0x00000000ec6e9b08) thrown at [C:\re\workspace\8-2-build-windows-amd64-cygwin\jdk8u60\4407\hotspot\src\share\vm\prims\jvm.cpp, line 1386]
Event: 0.267 Thread 0x000000001679a000 Exception <a 'java/security/PrivilegedActionException'> (0x00000000ec6e9d18) thrown at [C:\re\workspace\8-2-build-windows-amd64-cygwin\jdk8u60\4407\hotspot\src\share\vm\prims\jvm.cpp, line 1386]
Event: 0.267 Thread 0x000000001679a000 Exception <a 'java/lang/NullPointerException'> (0x00000000ec6ea2f0) thrown at [C:\re\workspace\8-2-build-windows-amd64-cygwin\jdk8u60\4407\hotspot\src\share\vm\interpreter\linkResolver.cpp, line 1178]
Event: 0.841 Thread 0x00000000173dc000 Exception <a 'java/lang/NullPointerException'> (0x00000000ecfdbea8) thrown at [C:\re\workspace\8-2-build-windows-amd64-cygwin\jdk8u60\4407\hotspot\src\share\vm\interpreter\linkResolver.cpp, line 1178]
Event: 0.841 Thread 0x00000000173dc000 Exception <a 'java/lang/NullPointerException'> (0x00000000ecfdbea8) thrown at [C:\re\workspace\8-2-build-windows-amd64-cygwin\jdk8u60\4407\hotspot\src\share\vm\prims\jvm.cpp, line 1390]
Event: 1.055 Thread 0x00000000173dc000 Exception <a 'java/lang/ArrayIndexOutOfBoundsException'> (0x00000000ec4e5150) thrown at [C:\re\workspace\8-2-build-windows-amd64-cygwin\jdk8u60\4407\hotspot\src\share\vm\runtime\sharedRuntime.cpp, line 605]
Event: 1.056 Thread 0x00000000173dc000 Exception <a 'java/lang/ArrayIndexOutOfBoundsException'> (0x00000000ec4e5e50) thrown at [C:\re\workspace\8-2-build-windows-amd64-cygwin\jdk8u60\4407\hotspot\src\share\vm\runtime\sharedRuntime.cpp, line 605]
Event: 1.056 Thread 0x00000000173dc000 Exception <a 'java/lang/ArrayIndexOutOfBoundsException'> (0x00000000ec4e71f8) thrown at [C:\re\workspace\8-2-build-windows-amd64-cygwin\jdk8u60\4407\hotspot\src\share\vm\runtime\sharedRuntime.cpp, line 605]
Event: 1.142 Thread 0x00000000173dc000 Implicit null exception at 0x0000000002b8c425 to 0x0000000002b8c5f9
Event: 6.396 Thread 0x00000000173dc000 Exception <a 'java/io/FileNotFoundException'> (0x00000000ec3801e0) thrown at [C:\re\workspace\8-2-build-windows-amd64-cygwin\jdk8u60\4407\hotspot\src\share\vm\prims\jni.cpp, line 709]

Events (10 events):
Event: 7.066 Thread 0x000000001774a800 Thread added: 0x000000001774a800
Event: 7.066 Thread 0x000000001774a800 Thread exited: 0x000000001774a800
Event: 7.074 Thread 0x000000001774a800 Thread added: 0x000000001774a800
Event: 7.074 Thread 0x000000001774a800 Thread exited: 0x000000001774a800
Event: 7.074 Thread 0x000000001774a800 Thread added: 0x000000001774a800
Event: 7.074 Thread 0x000000001774a800 Thread exited: 0x000000001774a800
Event: 7.081 Thread 0x000000001774a800 Thread added: 0x000000001774a800
Event: 7.081 Thread 0x000000001774a800 Thread exited: 0x000000001774a800
Event: 7.083 Thread 0x000000001774a800 Thread added: 0x000000001774a800
Event: 7.083 Thread 0x000000001774a800 Thread exited: 0x000000001774a800


Dynamic libraries:
0x000000013f430000 - 0x000000013f467000 	C:\Program Files\Java\jdk1.8.0_60\bin\java.exe
0x0000000077b60000 - 0x0000000077d0a000 	C:\Windows\SYSTEM32\ntdll.dll
0x0000000077940000 - 0x0000000077a5f000 	C:\Windows\system32\kernel32.dll
0x000007fefd900000 - 0x000007fefd96b000 	C:\Windows\system32\KERNELBASE.dll
0x000007fefef40000 - 0x000007feff01b000 	C:\Windows\system32\ADVAPI32.dll
0x000007feffb10000 - 0x000007feffbaf000 	C:\Windows\system32\msvcrt.dll
0x000007feff960000 - 0x000007feff97f000 	C:\Windows\SYSTEM32\sechost.dll
0x000007feff830000 - 0x000007feff95d000 	C:\Windows\system32\RPCRT4.dll
0x0000000077a60000 - 0x0000000077b5a000 	C:\Windows\system32\USER32.dll
0x000007feffaa0000 - 0x000007feffb07000 	C:\Windows\system32\GDI32.dll
0x000007feffbb0000 - 0x000007feffbbe000 	C:\Windows\system32\LPK.dll
0x000007feff4b0000 - 0x000007feff57a000 	C:\Windows\system32\USP10.dll
0x000007fefc340000 - 0x000007fefc534000 	C:\Windows\WinSxS\amd64_microsoft.windows.common-controls_6595b64144ccf1df_6.0.7601.18837_none_fa3b1e3d17594757\COMCTL32.dll
0x000007feffa20000 - 0x000007feffa91000 	C:\Windows\system32\SHLWAPI.dll
0x000007feffda0000 - 0x000007feffdce000 	C:\Windows\system32\IMM32.DLL
0x000007feff3a0000 - 0x000007feff4a9000 	C:\Windows\system32\MSCTF.dll
0x0000000077f20000 - 0x0000000077ff2000 	C:\Program Files\Java\jdk1.8.0_60\jre\bin\msvcr100.dll
0x000000006fcf0000 - 0x0000000070579000 	C:\Program Files\Java\jdk1.8.0_60\jre\bin\server\jvm.dll
0x000007fef8a30000 - 0x000007fef8a39000 	C:\Windows\system32\WSOCK32.dll
0x000007feff020000 - 0x000007feff06d000 	C:\Windows\system32\WS2_32.dll
0x000007fefed20000 - 0x000007fefed28000 	C:\Windows\system32\NSI.dll
0x000007fefb8d0000 - 0x000007fefb90b000 	C:\Windows\system32\WINMM.dll
0x000007fefc9d0000 - 0x000007fefc9dc000 	C:\Windows\system32\VERSION.dll
0x0000000077d20000 - 0x0000000077d27000 	C:\Windows\system32\PSAPI.DLL
0x0000000050080000 - 0x000000005008f000 	C:\Program Files\Java\jdk1.8.0_60\jre\bin\verify.dll
0x0000000050050000 - 0x0000000050079000 	C:\Program Files\Java\jdk1.8.0_60\jre\bin\java.dll
0x0000000050090000 - 0x00000000500a6000 	C:\Program Files\Java\jdk1.8.0_60\jre\bin\zip.dll
0x000007fefde30000 - 0x000007fefebb9000 	C:\Windows\system32\SHELL32.dll
0x000007fefed30000 - 0x000007fefef33000 	C:\Windows\system32\ole32.dll
0x000007fefd8e0000 - 0x000007fefd8ef000 	C:\Windows\system32\profapi.dll
0x000007fefb020000 - 0x000007fefb030000 	C:\Program Files (x86)\JetBrains\IntelliJ IDEA Community Edition 14.1.4\bin\breakgen64.dll
0x0000000050030000 - 0x000000005004a000 	C:\Program Files\Java\jdk1.8.0_60\jre\bin\net.dll
0x000007fefd0c0000 - 0x000007fefd115000 	C:\Windows\system32\mswsock.dll
0x000007fefd0b0000 - 0x000007fefd0b7000 	C:\Windows\System32\wship6.dll
0x000007fef2090000 - 0x000007fef217f000 	C:\Program Files\Java\jdk1.8.0_60\jre\bin\msvcr120.dll
0x000007fef3770000 - 0x000007fef3816000 	C:\Program Files\Java\jdk1.8.0_60\jre\bin\msvcp120.dll
0x0000000077ec0000 - 0x0000000077ee3000 	C:\Program Files\Java\jdk1.8.0_60\jre\bin\prism_d3d.dll
0x000007feef2e0000 - 0x000007feef4df000 	C:\Windows\system32\d3d9.dll
0x000007fefbac0000 - 0x000007fefbac7000 	C:\Windows\system32\d3d8thk.dll
0x000007fefbb10000 - 0x000007fefbb28000 	C:\Windows\system32\dwmapi.dll
0x000007fefc020000 - 0x000007fefc076000 	C:\Windows\system32\uxtheme.dll
0x0000000180000000 - 0x00000001807ca000 	C:\Windows\system32\igdumd64.dll
0x000000006d100000 - 0x000000006d143000 	C:\Program Files\Java\jdk1.8.0_60\jre\bin\glass.dll
0x000007feffdd0000 - 0x000007feffe67000 	C:\Windows\system32\COMDLG32.dll
0x000007fefec40000 - 0x000007fefed18000 	C:\Windows\system32\OLEAUT32.dll
0x000007fefd780000 - 0x000007fefd78f000 	C:\Windows\system32\CRYPTBASE.dll
0x000007fef2050000 - 0x000007fef208a000 	C:\Users\alex\Desktop\AU\LeapDeveloperKit_3.1.1+39958_win\LeapSDK\lib\x64\LeapJava.dll
0x000007feebb00000 - 0x000007feebe4c000 	C:\Users\alex\Desktop\AU\LeapDeveloperKit_3.1.1+39958_win\LeapSDK\lib\x64\Leap.dll
0x000007fefb910000 - 0x000007fefb93d000 	C:\Windows\system32\ntmarta.dll
0x000007feff340000 - 0x000007feff392000 	C:\Windows\system32\WLDAP32.dll
0x0000000077f00000 - 0x0000000077f14000 	C:\Program Files\Java\jdk1.8.0_60\jre\bin\javafx_font.dll
0x000007feeb960000 - 0x000007feebaf7000 	C:\Windows\system32\dwrite.dll
0x000007feff980000 - 0x000007feffa19000 	C:\Windows\system32\CLBCatQ.DLL
0x000007fefb940000 - 0x000007fefbaa1000 	C:\Windows\system32\WindowsCodecs.dll
0x000007fefd720000 - 0x000007fefd777000 	C:\Windows\system32\apphelp.dll
0x000007fef6360000 - 0x000007fef64a2000 	C:\Program Files\Yandex\YandexDisk\bin\YandexDiskOverlays-2398.dll
0x000007fef6bc0000 - 0x000007fef6bf1000 	C:\Users\alex\AppData\Roaming\Dropbox\bin\DropboxExt64.25.dll
0x000007fefabf0000 - 0x000007fefac1d000 	C:\Program Files\Common Files\Microsoft Shared\Ink\rtscom.dll
0x000000006f400000 - 0x000000006f411000 	C:\Program Files\Java\jdk1.8.0_60\jre\bin\prism_common.dll
0x0000000068ca0000 - 0x0000000068e38000 	C:\Program Files\Java\jdk1.8.0_60\jre\bin\awt.dll
0x000007fefd120000 - 0x000007fefd138000 	C:\Windows\system32\CRYPTSP.dll
0x000007fefce20000 - 0x000007fefce67000 	C:\Windows\system32\rsaenh.dll
0x000007fefdbc0000 - 0x000007fefdbde000 	C:\Windows\system32\USERENV.dll
0x000007fefae00000 - 0x000007fefae27000 	C:\Windows\system32\IPHLPAPI.DLL
0x000007fefadf0000 - 0x000007fefadfb000 	C:\Windows\system32\WINNSI.DLL
0x000007fefab60000 - 0x000007fefab78000 	C:\Windows\system32\dhcpcsvc.DLL
0x000007fefab40000 - 0x000007fefab51000 	C:\Windows\system32\dhcpcsvc6.DLL
0x0000000070c90000 - 0x0000000070ca1000 	C:\Program Files\Java\jdk1.8.0_60\jre\bin\nio.dll
0x000007fef8600000 - 0x000007fef8725000 	C:\Windows\system32\dbghelp.dll

VM Arguments:
jvm_args: -Djava.library.path=C:\Users\alex\Desktop\AU\LeapDeveloperKit_3.1.1+39958_win\LeapSDK\lib\x64 -Didea.launcher.port=7532 -Didea.launcher.bin.path=C:\Program Files (x86)\JetBrains\IntelliJ IDEA Community Edition 14.1.4\bin -Dfile.encoding=UTF-8 
java_command: com.intellij.rt.execution.application.AppMain sample.Main
java_class_path (initial): C:\Program Files\Java\jdk1.8.0_60\jre\lib\charsets.jar;C:\Program Files\Java\jdk1.8.0_60\jre\lib\deploy.jar;C:\Program Files\Java\jdk1.8.0_60\jre\lib\javaws.jar;C:\Program Files\Java\jdk1.8.0_60\jre\lib\jce.jar;C:\Program Files\Java\jdk1.8.0_60\jre\lib\jfr.jar;C:\Program Files\Java\jdk1.8.0_60\jre\lib\jfxswt.jar;C:\Program Files\Java\jdk1.8.0_60\jre\lib\jsse.jar;C:\Program Files\Java\jdk1.8.0_60\jre\lib\management-agent.jar;C:\Program Files\Java\jdk1.8.0_60\jre\lib\plugin.jar;C:\Program Files\Java\jdk1.8.0_60\jre\lib\resources.jar;C:\Program Files\Java\jdk1.8.0_60\jre\lib\rt.jar;C:\Program Files\Java\jdk1.8.0_60\jre\lib\ext\access-bridge-64.jar;C:\Program Files\Java\jdk1.8.0_60\jre\lib\ext\cldrdata.jar;C:\Program Files\Java\jdk1.8.0_60\jre\lib\ext\dnsns.jar;C:\Program Files\Java\jdk1.8.0_60\jre\lib\ext\jaccess.jar;C:\Program Files\Java\jdk1.8.0_60\jre\lib\ext\jfxrt.jar;C:\Program Files\Java\jdk1.8.0_60\jre\lib\ext\localedata.jar;C:\Program Files\Java\jdk1.8.0_60\jre\lib\ext\nashorn.jar;C:\Program Files\Java\jdk1.8.0_60\jre\lib\ext\sunec.jar;C:\Program Files\Java\jdk1.8.0_60\jre\lib\ext\sunjce_provider.jar;C:\Program Files\Java\jdk1.8.0_60\jre\lib\ext\sunmscapi.jar;C:\Program Files\Java\jdk1.8.0_60\jre\lib\ext\sunpkcs11.jar;C:\Program Files\Java\jdk1.8.0_60\jre\lib\ext\zipfs.jar;C:\Users\alex\Desktop\AU\SPb-AU-LeapMotion\LeapMotion\out\production\LeapMotion;C:\Users\alex\Desktop\AU\LeapDeveloperKit_3.1.1+39958_win\LeapSDK\lib\LeapJava.jar;C:\Program Files (x86)\JetBrains\IntelliJ IDEA Community Edition 14.1.4\lib\idea_rt.jar
Launcher Type: SUN_STANDARD

Environment Variables:
JAVA_HOME=C:\Program Files\Java\jdk1.8.0_31
USERNAME=alex
OS=Windows_NT
PROCESSOR_IDENTIFIER=Intel64 Family 6 Model 58 Stepping 9, GenuineIntel



---------------  S Y S T E M  ---------------

OS: Windows 7 , 64 bit Build 7601 (6.1.7601.19160)

CPU:total 4 (2 cores per cpu, 2 threads per core) family 6 model 58 stepping 9, cmov, cx8, fxsr, mmx, sse, sse2, sse3, ssse3, sse4.1, sse4.2, popcnt, avx, aes, clmul, erms, ht, tsc, tscinvbit, tscinv

Memory: 4k page, physical 3888676k(1021420k free), swap 7775516k(2867500k free)

vm_info: Java HotSpot(TM) 64-Bit Server VM (25.60-b23) for windows-amd64 JRE (1.8.0_60-b27), built on Aug  4 2015 11:06:27 by "java_re" with MS VC++ 10.0 (VS2010)

time: Mon Mar 28 00:50:43 2016
elapsed time: 7 seconds (0d 0h 0m 7s)

