#
# A fatal error has been detected by the Java Runtime Environment:
#
#  EXCEPTION_ACCESS_VIOLATION (0xc0000005) at pc=0x000007fef675c3f9, pid=1700, tid=4152
#
# JRE version: Java(TM) SE Runtime Environment (8.0_73-b02) (build 1.8.0_73-b02)
# Java VM: Java HotSpot(TM) 64-Bit Server VM (25.73-b02 mixed mode windows-amd64 compressed oops)
# Problematic frame:
# C  [msvcr120.dll+0x3c3f9]
#
# Failed to write core dump. Minidumps are not enabled by default on client versions of Windows
#
# If you would like to submit a bug report, please visit:
#   http://bugreport.java.com/bugreport/crash.jsp
# The crash happened outside the Java Virtual Machine in native code.
# See problematic frame for where to report the bug.
#

---------------  T H R E A D  ---------------

Current thread (0x0000000057062800):  JavaThread "JavaFX Application Thread" [_thread_in_native, id=4152, stack(0x00000000579d0000,0x0000000057ad0000)]

siginfo: ExceptionCode=0xc0000005, reading address 0x0000000000000000

Registers:
RAX=0x0000000000025800, RBX=0x000000005942dfb8, RCX=0x0000000000025800, RDX=0xffffffff9fb12f50
RSP=0x0000000057acd958, RBP=0x000000005ddef9d0, RSI=0x0000000000000000, RDI=0x00000000604ed0b0
R8 =0x0000000000025800, R9 =0x0000000000000400, R10=0x0000000000000000, R11=0x00000000604ed0b0
R12=0x0000000000000000, R13=0x000000005942dfb8, R14=0x0000000057acda70, R15=0x0000000057062800
RIP=0x000007fef675c3f9, EFLAGS=0x0000000000010203

Top of Stack: (sp=0x0000000057acd958)
0x0000000057acd958:   0000000057062800 00000000570629f8
0x0000000057acd968:   000007fef6d889de 000000005942dfb8
0x0000000057acd978:   000000005ddef9d0 0000000057062800
0x0000000057acd988:   00000000570629f8 0000000056391680
0x0000000057acd998:   0000000057062800 0000000002967710
0x0000000057acd9a8:   0000000002975854 0000000057acda38
0x0000000057acd9b8:   0000000000000001 00000000604ed0b0
0x0000000057acd9c8:   0000000000025800 0000000057acda58
0x0000000057acd9d8:   000000006428a490 00000000145207a8
0x0000000057acd9e8:   0000000057062800 00000000145207a8
0x0000000057acd9f8:   0000000057acd9f8 0000000000000000
0x0000000057acda08:   0000000057acda70 0000000059438ea8
0x0000000057acda18:   0000000000000000 000000005942dfb8
0x0000000057acda28:   0000000000000000 0000000057acda58
0x0000000057acda38:   0000000057acdab8 0000000002967cc1
0x0000000057acda48:   00000000c2311ee0 000000000296f958 

Instructions: (pc=0x000007fef675c3f9)
0x000007fef675c3d9:   03 c0 48 3b c8 0f 8c 96 03 00 00 0f ba 25 6c 53
0x000007fef675c3e9:   0a 00 01 73 13 57 56 48 8b f9 49 8b f2 49 8b c8
0x000007fef675c3f9:   f3 a4 5e 5f 49 8b c3 c3 0f ba 25 4f 53 0a 00 02
0x000007fef675c409:   0f 82 56 02 00 00 f6 c1 07 74 36 f6 c1 01 74 0b 


Register to memory mapping:

RAX=0x0000000000025800 is an unknown value
RBX={method} {0x000000005942dfc0} 'Image_data' '(JLcom/leapmotion/leap/Image;[B)V' in 'com/leapmotion/leap/LeapJNI'
RCX=0x0000000000025800 is an unknown value
RDX=0xffffffff9fb12f50 is an unknown value
RSP=0x0000000057acd958 is pointing into the stack for thread: 0x0000000057062800
RBP=0x000000005ddef9d0 is an unknown value
RSI=0x0000000000000000 is an unknown value
RDI=0x00000000604ed0b0 is an unknown value
R8 =0x0000000000025800 is an unknown value
R9 =0x0000000000000400 is an unknown value
R10=0x0000000000000000 is an unknown value
R11=0x00000000604ed0b0 is an unknown value
R12=0x0000000000000000 is an unknown value
R13={method} {0x000000005942dfc0} 'Image_data' '(JLcom/leapmotion/leap/Image;[B)V' in 'com/leapmotion/leap/LeapJNI'
R14=0x0000000057acda70 is pointing into the stack for thread: 0x0000000057062800
R15=0x0000000057062800 is a thread


Stack: [0x00000000579d0000,0x0000000057ad0000],  sp=0x0000000057acd958,  free space=1014k
Native frames: (J=compiled Java code, j=interpreted, Vv=VM code, C=native code)
C  [msvcr120.dll+0x3c3f9]
C  0x0000000057062800

Java frames: (J=compiled Java code, j=interpreted, Vv=VM code)
j  com.leapmotion.leap.LeapJNI.Image_data(JLcom/leapmotion/leap/Image;[B)V+0
j  com.leapmotion.leap.Image.data()[B+23
j  sample.FXController$1$1.run()V+14
j  com.sun.javafx.application.PlatformImpl.lambda$null$173(Ljava/lang/Runnable;)Ljava/lang/Void;+1
j  com.sun.javafx.application.PlatformImpl$$Lambda$52.run()Ljava/lang/Object;+4
v  ~StubRoutines::call_stub
J 1289  java.security.AccessController.doPrivileged(Ljava/security/PrivilegedAction;Ljava/security/AccessControlContext;)Ljava/lang/Object; (0 bytes) @ 0x0000000002dd4be6 [0x0000000002dd4b80+0x66]
j  com.sun.javafx.application.PlatformImpl.lambda$runLater$174(Ljava/lang/Runnable;Ljava/security/AccessControlContext;)V+7
j  com.sun.javafx.application.PlatformImpl$$Lambda$51.run()V+8
j  com.sun.glass.ui.InvokeLaterDispatcher$Future.run()V+4
v  ~StubRoutines::call_stub
j  com.sun.glass.ui.win.WinApplication._runLoop(Ljava/lang/Runnable;)V+0
j  com.sun.glass.ui.win.WinApplication.lambda$null$148(ILjava/lang/Runnable;)V+8
j  com.sun.glass.ui.win.WinApplication$$Lambda$40.run()V+12
j  java.lang.Thread.run()V+11
v  ~StubRoutines::call_stub

---------------  P R O C E S S  ---------------

Java Threads: ( => current thread )
  0x00000000563f6800 JavaThread "Thread-4" [_thread_blocked, id=5872, stack(0x000000005d6e0000,0x000000005d7e0000)]
  0x0000000057341000 JavaThread "Prism Font Disposer" daemon [_thread_blocked, id=2112, stack(0x000000005c150000,0x000000005c250000)]
  0x0000000057095800 JavaThread "Thread-3" daemon [_thread_in_native, id=2824, stack(0x0000000059320000,0x0000000059420000)]
=>0x0000000057062800 JavaThread "JavaFX Application Thread" [_thread_in_native, id=4152, stack(0x00000000579d0000,0x0000000057ad0000)]
  0x0000000057067000 JavaThread "Thread-2" daemon [_thread_blocked, id=5232, stack(0x0000000056d50000,0x0000000056e50000)]
  0x00000000565b9800 JavaThread "QuantumRenderer-0" daemon [_thread_blocked, id=2108, stack(0x00000000578b0000,0x00000000579b0000)]
  0x0000000056530000 JavaThread "JavaFX-Launcher" [_thread_blocked, id=2912, stack(0x0000000056f50000,0x0000000057050000)]
  0x000000005627a000 JavaThread "Monitor Ctrl-Break" daemon [_thread_in_native, id=5420, stack(0x0000000056c40000,0x0000000056d40000)]
  0x00000000561c0800 JavaThread "Service Thread" daemon [_thread_blocked, id=5476, stack(0x0000000056710000,0x0000000056810000)]
  0x0000000054f16000 JavaThread "C1 CompilerThread1" daemon [_thread_blocked, id=6132, stack(0x00000000560c0000,0x00000000561c0000)]
  0x0000000054eb9000 JavaThread "C2 CompilerThread0" daemon [_thread_blocked, id=4556, stack(0x0000000055fb0000,0x00000000560b0000)]
  0x0000000054eb7800 JavaThread "Attach Listener" daemon [_thread_blocked, id=3180, stack(0x0000000055d80000,0x0000000055e80000)]
  0x0000000054eb6000 JavaThread "Signal Dispatcher" daemon [_thread_blocked, id=3204, stack(0x0000000055c10000,0x0000000055d10000)]
  0x0000000054e5c800 JavaThread "Finalizer" daemon [_thread_blocked, id=5896, stack(0x00000000559f0000,0x0000000055af0000)]
  0x0000000054e53000 JavaThread "Reference Handler" daemon [_thread_blocked, id=2536, stack(0x0000000055730000,0x0000000055830000)]
  0x00000000022ff800 JavaThread "main" [_thread_blocked, id=788, stack(0x0000000002590000,0x0000000002690000)]

Other Threads:
  0x0000000054e4d800 VMThread [stack: 0x0000000055880000,0x0000000055980000] [id=4760]
  0x00000000561dc800 WatcherThread [stack: 0x0000000056910000,0x0000000056a10000] [id=2432]

VM state:not at safepoint (normal execution)

VM Mutex/Monitor currently owned by a thread: None

Heap:
 PSYoungGen      total 17408K, used 13975K [0x00000000eb400000, 0x00000000ec800000, 0x0000000100000000)
  eden space 16896K, 80% used [0x00000000eb400000,0x00000000ec1527d0,0x00000000ec480000)
  from space 512K, 65% used [0x00000000ec700000,0x00000000ec753558,0x00000000ec780000)
  to   space 512K, 0% used [0x00000000ec780000,0x00000000ec780000,0x00000000ec800000)
 ParOldGen       total 44032K, used 21327K [0x00000000c1c00000, 0x00000000c4700000, 0x00000000eb400000)
  object space 44032K, 48% used [0x00000000c1c00000,0x00000000c30d3f28,0x00000000c4700000)
 Metaspace       used 16996K, capacity 17564K, committed 17792K, reserved 1064960K
  class space    used 2207K, capacity 2371K, committed 2432K, reserved 1048576K

Card table byte_map: [0x0000000011d20000,0x0000000011f20000] byte_map_base: 0x0000000011712000

Marking Bits: (ParMarkBitMap*) 0x0000000064960600
 Begin Bits: [0x0000000012400000, 0x0000000013390000)
 End Bits:   [0x0000000013390000, 0x0000000014320000)

Polling page: 0x0000000000230000

CodeCache: size=245760Kb used=5046Kb max_used=5046Kb free=240713Kb
 bounds [0x0000000002960000, 0x0000000002e60000, 0x0000000011960000]
 total_blobs=2360 nmethods=1675 adapters=598
 compilation: enabled

Compilation events (10 events):
Event: 83.150 Thread 0x0000000054f16000 1809       3       javafx.scene.Scene::pick (149 bytes)
Event: 83.154 Thread 0x0000000054f16000 nmethod 1809 0x0000000002e4b4d0 code [0x0000000002e4b780, 0x0000000002e4cb08]
Event: 84.150 Thread 0x0000000054f16000 1811       3       java.util.concurrent.ThreadPoolExecutor::workerCountOf (5 bytes)
Event: 84.150 Thread 0x0000000054f16000 nmethod 1811 0x0000000002e4d850 code [0x0000000002e4d9a0, 0x0000000002e4dad0]
Event: 84.151 Thread 0x0000000054f16000 1812       3       javafx.scene.Scene$MouseHandler::access$1500 (7 bytes)
Event: 84.151 Thread 0x0000000054f16000 nmethod 1812 0x0000000002e4db50 code [0x0000000002e4dcc0, 0x0000000002e4de28]
Event: 84.151 Thread 0x0000000054f16000 1813       3       javafx.scene.Scene$MouseHandler::process (735 bytes)
Event: 84.168 Thread 0x0000000054f16000 nmethod 1813 0x0000000002e4df10 code [0x0000000002e4e4e0, 0x0000000002e52678]
Event: 84.168 Thread 0x0000000054f16000 1814       3       javafx.scene.Scene::access$4702 (7 bytes)
Event: 84.168 Thread 0x0000000054f16000 nmethod 1814 0x0000000002e54010 code [0x0000000002e54160, 0x0000000002e542b0]

GC Heap History (10 events):
Event: 81.226 GC heap before
{Heap before GC invocations=103 (full 0):
 PSYoungGen      total 17408K, used 17223K [0x00000000eb400000, 0x00000000ec880000, 0x0000000100000000)
  eden space 16896K, 100% used [0x00000000eb400000,0x00000000ec480000,0x00000000ec480000)
  from space 512K, 63% used [0x00000000ec800000,0x00000000ec851e20,0x00000000ec880000)
  to   space 1024K, 0% used [0x00000000ec680000,0x00000000ec680000,0x00000000ec780000)
 ParOldGen       total 44032K, used 20568K [0x00000000c1c00000, 0x00000000c4700000, 0x00000000eb400000)
  object space 44032K, 46% used [0x00000000c1c00000,0x00000000c3016148,0x00000000c4700000)
 Metaspace       used 16959K, capacity 17500K, committed 17792K, reserved 1064960K
  class space    used 2207K, capacity 2371K, committed 2432K, reserved 1048576K
Event: 81.229 GC heap after
Heap after GC invocations=103 (full 0):
 PSYoungGen      total 17920K, used 333K [0x00000000eb400000, 0x00000000ec880000, 0x0000000100000000)
  eden space 16896K, 0% used [0x00000000eb400000,0x00000000eb400000,0x00000000ec480000)
  from space 1024K, 32% used [0x00000000ec680000,0x00000000ec6d35a0,0x00000000ec780000)
  to   space 1024K, 0% used [0x00000000ec780000,0x00000000ec780000,0x00000000ec880000)
 ParOldGen       total 44032K, used 20726K [0x00000000c1c00000, 0x00000000c4700000, 0x00000000eb400000)
  object space 44032K, 47% used [0x00000000c1c00000,0x00000000c303d958,0x00000000c4700000)
 Metaspace       used 16959K, capacity 17500K, committed 17792K, reserved 1064960K
  class space    used 2207K, capacity 2371K, committed 2432K, reserved 1048576K
}
Event: 82.089 GC heap before
{Heap before GC invocations=104 (full 0):
 PSYoungGen      total 17920K, used 17229K [0x00000000eb400000, 0x00000000ec880000, 0x0000000100000000)
  eden space 16896K, 100% used [0x00000000eb400000,0x00000000ec480000,0x00000000ec480000)
  from space 1024K, 32% used [0x00000000ec680000,0x00000000ec6d35a0,0x00000000ec780000)
  to   space 1024K, 0% used [0x00000000ec780000,0x00000000ec780000,0x00000000ec880000)
 ParOldGen       total 44032K, used 20726K [0x00000000c1c00000, 0x00000000c4700000, 0x00000000eb400000)
  object space 44032K, 47% used [0x00000000c1c00000,0x00000000c303d958,0x00000000c4700000)
 Metaspace       used 16960K, capacity 17500K, committed 17792K, reserved 1064960K
  class space    used 2207K, capacity 2371K, committed 2432K, reserved 1048576K
Event: 82.091 GC heap after
Heap after GC invocations=104 (full 0):
 PSYoungGen      total 17408K, used 246K [0x00000000eb400000, 0x00000000ec800000, 0x0000000100000000)
  eden space 16896K, 0% used [0x00000000eb400000,0x00000000eb400000,0x00000000ec480000)
  from space 512K, 48% used [0x00000000ec780000,0x00000000ec7bd810,0x00000000ec800000)
  to   space 512K, 0% used [0x00000000ec700000,0x00000000ec700000,0x00000000ec780000)
 ParOldGen       total 44032K, used 20979K [0x00000000c1c00000, 0x00000000c4700000, 0x00000000eb400000)
  object space 44032K, 47% used [0x00000000c1c00000,0x00000000c307cef8,0x00000000c4700000)
 Metaspace       used 16960K, capacity 17500K, committed 17792K, reserved 1064960K
  class space    used 2207K, capacity 2371K, committed 2432K, reserved 1048576K
}
Event: 82.710 GC heap before
{Heap before GC invocations=105 (full 0):
 PSYoungGen      total 17408K, used 17142K [0x00000000eb400000, 0x00000000ec800000, 0x0000000100000000)
  eden space 16896K, 100% used [0x00000000eb400000,0x00000000ec480000,0x00000000ec480000)
  from space 512K, 48% used [0x00000000ec780000,0x00000000ec7bd810,0x00000000ec800000)
  to   space 512K, 0% used [0x00000000ec700000,0x00000000ec700000,0x00000000ec780000)
 ParOldGen       total 44032K, used 20979K [0x00000000c1c00000, 0x00000000c4700000, 0x00000000eb400000)
  object space 44032K, 47% used [0x00000000c1c00000,0x00000000c307cef8,0x00000000c4700000)
 Metaspace       used 16961K, capacity 17500K, committed 17792K, reserved 1064960K
  class space    used 2207K, capacity 2371K, committed 2432K, reserved 1048576K
Event: 82.712 GC heap after
Heap after GC invocations=105 (full 0):
 PSYoungGen      total 17408K, used 302K [0x00000000eb400000, 0x00000000ec800000, 0x0000000100000000)
  eden space 16896K, 0% used [0x00000000eb400000,0x00000000eb400000,0x00000000ec480000)
  from space 512K, 59% used [0x00000000ec700000,0x00000000ec74ba98,0x00000000ec780000)
  to   space 512K, 0% used [0x00000000ec780000,0x00000000ec780000,0x00000000ec800000)
 ParOldGen       total 44032K, used 20995K [0x00000000c1c00000, 0x00000000c4700000, 0x00000000eb400000)
  object space 44032K, 47% used [0x00000000c1c00000,0x00000000c3080f08,0x00000000c4700000)
 Metaspace       used 16961K, capacity 17500K, committed 17792K, reserved 1064960K
  class space    used 2207K, capacity 2371K, committed 2432K, reserved 1048576K
}
Event: 83.549 GC heap before
{Heap before GC invocations=106 (full 0):
 PSYoungGen      total 17408K, used 17198K [0x00000000eb400000, 0x00000000ec800000, 0x0000000100000000)
  eden space 16896K, 100% used [0x00000000eb400000,0x00000000ec480000,0x00000000ec480000)
  from space 512K, 59% used [0x00000000ec700000,0x00000000ec74ba98,0x00000000ec780000)
  to   space 512K, 0% used [0x00000000ec780000,0x00000000ec780000,0x00000000ec800000)
 ParOldGen       total 44032K, used 20995K [0x00000000c1c00000, 0x00000000c4700000, 0x00000000eb400000)
  object space 44032K, 47% used [0x00000000c1c00000,0x00000000c3080f08,0x00000000c4700000)
 Metaspace       used 16976K, capacity 17500K, committed 17792K, reserved 1064960K
  class space    used 2207K, capacity 2371K, committed 2432K, reserved 1048576K
Event: 83.551 GC heap after
Heap after GC invocations=106 (full 0):
 PSYoungGen      total 17408K, used 334K [0x00000000eb400000, 0x00000000ec800000, 0x0000000100000000)
  eden space 16896K, 0% used [0x00000000eb400000,0x00000000eb400000,0x00000000ec480000)
  from space 512K, 65% used [0x00000000ec780000,0x00000000ec7d38d8,0x00000000ec800000)
  to   space 512K, 0% used [0x00000000ec700000,0x00000000ec700000,0x00000000ec780000)
 ParOldGen       total 44032K, used 21161K [0x00000000c1c00000, 0x00000000c4700000, 0x00000000eb400000)
  object space 44032K, 48% used [0x00000000c1c00000,0x00000000c30aa718,0x00000000c4700000)
 Metaspace       used 16976K, capacity 17500K, committed 17792K, reserved 1064960K
  class space    used 2207K, capacity 2371K, committed 2432K, reserved 1048576K
}
Event: 84.373 GC heap before
{Heap before GC invocations=107 (full 0):
 PSYoungGen      total 17408K, used 17230K [0x00000000eb400000, 0x00000000ec800000, 0x0000000100000000)
  eden space 16896K, 100% used [0x00000000eb400000,0x00000000ec480000,0x00000000ec480000)
  from space 512K, 65% used [0x00000000ec780000,0x00000000ec7d38d8,0x00000000ec800000)
  to   space 512K, 0% used [0x00000000ec700000,0x00000000ec700000,0x00000000ec780000)
 ParOldGen       total 44032K, used 21161K [0x00000000c1c00000, 0x00000000c4700000, 0x00000000eb400000)
  object space 44032K, 48% used [0x00000000c1c00000,0x00000000c30aa718,0x00000000c4700000)
 Metaspace       used 16996K, capacity 17564K, committed 17792K, reserved 1064960K
  class space    used 2207K, capacity 2371K, committed 2432K, reserved 1048576K
Event: 84.376 GC heap after
Heap after GC invocations=107 (full 0):
 PSYoungGen      total 17408K, used 333K [0x00000000eb400000, 0x00000000ec800000, 0x0000000100000000)
  eden space 16896K, 0% used [0x00000000eb400000,0x00000000eb400000,0x00000000ec480000)
  from space 512K, 65% used [0x00000000ec700000,0x00000000ec753558,0x00000000ec780000)
  to   space 512K, 0% used [0x00000000ec780000,0x00000000ec780000,0x00000000ec800000)
 ParOldGen       total 44032K, used 21327K [0x00000000c1c00000, 0x00000000c4700000, 0x00000000eb400000)
  object space 44032K, 48% used [0x00000000c1c00000,0x00000000c30d3f28,0x00000000c4700000)
 Metaspace       used 16996K, capacity 17564K, committed 17792K, reserved 1064960K
  class space    used 2207K, capacity 2371K, committed 2432K, reserved 1048576K
}

Deoptimization events (10 events):
Event: 4.114 Thread 0x0000000057062800 Uncommon trap: reason=class_check action=maybe_recompile pc=0x0000000002bffe50 method=java.io.DataInputStream.readShort()S @ 4
Event: 4.116 Thread 0x0000000057062800 Uncommon trap: reason=class_check action=maybe_recompile pc=0x0000000002bffe50 method=java.io.DataInputStream.readShort()S @ 4
Event: 4.116 Thread 0x0000000057062800 Uncommon trap: reason=class_check action=maybe_recompile pc=0x0000000002bffe50 method=java.io.DataInputStream.readShort()S @ 4
Event: 4.155 Thread 0x0000000057062800 Uncommon trap: reason=class_check action=maybe_recompile pc=0x0000000002a85460 method=java.lang.String.equals(Ljava/lang/Object;)Z @ 8
Event: 4.155 Thread 0x0000000057062800 Uncommon trap: reason=class_check action=maybe_recompile pc=0x0000000002a85460 method=java.lang.String.equals(Ljava/lang/Object;)Z @ 8
Event: 4.155 Thread 0x0000000057062800 Uncommon trap: reason=class_check action=maybe_recompile pc=0x0000000002a85460 method=java.lang.String.equals(Ljava/lang/Object;)Z @ 8
Event: 4.167 Thread 0x0000000057062800 Uncommon trap: reason=class_check action=maybe_recompile pc=0x0000000002a85460 method=java.lang.String.equals(Ljava/lang/Object;)Z @ 8
Event: 4.294 Thread 0x0000000057062800 Uncommon trap: reason=unstable_if action=reinterpret pc=0x0000000002c9d49c method=java.lang.String.regionMatches(ZILjava/lang/String;II)Z @ 123
Event: 4.420 Thread 0x0000000057062800 Uncommon trap: reason=unstable_if action=reinterpret pc=0x0000000002c676e8 method=sun.net.www.ParseUtil.encodePath(Ljava/lang/String;Z)Ljava/lang/String; @ 109
Event: 8.606 Thread 0x0000000057062800 Uncommon trap: reason=unstable_if action=reinterpret pc=0x0000000002da69a8 method=com.sun.imageio.plugins.png.PNGImageWriter.encodePass(Ljavax/imageio/stream/ImageOutputStream;Ljava/awt/image/RenderedImage;IIII)V @ 303

Internal exceptions (10 events):
Event: 0.753 Thread 0x0000000056530000 Exception <a 'java/security/PrivilegedActionException'> (0x00000000eb7a3880) thrown at [D:\re\puppet\workspace\8-2-build-windows-amd64-cygwin\jdk8u73\6086\hotspot\src\share\vm\prims\jvm.cpp, line 1386]
Event: 0.754 Thread 0x0000000056530000 Exception <a 'java/lang/NullPointerException'> (0x00000000eb7a3e58) thrown at [D:\re\puppet\workspace\8-2-build-windows-amd64-cygwin\jdk8u73\6086\hotspot\src\share\vm\interpreter\linkResolver.cpp, line 1178]
Event: 2.576 Thread 0x0000000057062800 Exception <a 'java/lang/NullPointerException'> (0x00000000ec0d0e48) thrown at [D:\re\puppet\workspace\8-2-build-windows-amd64-cygwin\jdk8u73\6086\hotspot\src\share\vm\interpreter\linkResolver.cpp, line 1178]
Event: 2.576 Thread 0x0000000057062800 Exception <a 'java/lang/NullPointerException'> (0x00000000ec0d0e48) thrown at [D:\re\puppet\workspace\8-2-build-windows-amd64-cygwin\jdk8u73\6086\hotspot\src\share\vm\prims\jvm.cpp, line 1390]
Event: 3.319 Thread 0x0000000057062800 Exception <a 'java/lang/ArrayIndexOutOfBoundsException'> (0x00000000eb4e59a0) thrown at [D:\re\puppet\workspace\8-2-build-windows-amd64-cygwin\jdk8u73\6086\hotspot\src\share\vm\runtime\sharedRuntime.cpp, line 605]
Event: 3.333 Thread 0x0000000057062800 Exception <a 'java/lang/ArrayIndexOutOfBoundsException'> (0x00000000eb4e66a0) thrown at [D:\re\puppet\workspace\8-2-build-windows-amd64-cygwin\jdk8u73\6086\hotspot\src\share\vm\runtime\sharedRuntime.cpp, line 605]
Event: 3.333 Thread 0x0000000057062800 Exception <a 'java/lang/ArrayIndexOutOfBoundsException'> (0x00000000eb4e7a48) thrown at [D:\re\puppet\workspace\8-2-build-windows-amd64-cygwin\jdk8u73\6086\hotspot\src\share\vm\runtime\sharedRuntime.cpp, line 605]
Event: 3.583 Thread 0x0000000057062800 Implicit null exception at 0x0000000002c24ca5 to 0x0000000002c24e81
Event: 6.079 Thread 0x0000000057062800 Exception <a 'java/io/FileNotFoundException'> (0x00000000ec0aa420) thrown at [D:\re\puppet\workspace\8-2-build-windows-amd64-cygwin\jdk8u73\6086\hotspot\src\share\vm\prims\jni.cpp, line 709]
Event: 6.083 Thread 0x0000000057062800 Exception <a 'java/lang/IllegalArgumentException'> (0x00000000ec0b0b60) thrown at [D:\re\puppet\workspace\8-2-build-windows-amd64-cygwin\jdk8u73\6086\hotspot\src\share\vm\prims\jvm.cpp, line 1390]

Events (10 events):
Event: 85.093 Thread 0x00000000571d1000 Thread added: 0x00000000571d1000
Event: 85.093 Thread 0x00000000571d1000 Thread exited: 0x00000000571d1000
Event: 85.095 Thread 0x00000000571d1000 Thread added: 0x00000000571d1000
Event: 85.095 Thread 0x00000000571d1000 Thread exited: 0x00000000571d1000
Event: 85.103 Thread 0x00000000571d1000 Thread added: 0x00000000571d1000
Event: 85.103 Thread 0x00000000571d1000 Thread exited: 0x00000000571d1000
Event: 85.104 Thread 0x00000000571d1000 Thread added: 0x00000000571d1000
Event: 85.104 Thread 0x00000000571d1000 Thread exited: 0x00000000571d1000
Event: 85.111 Thread 0x00000000571d1000 Thread added: 0x00000000571d1000
Event: 85.111 Thread 0x00000000571d1000 Thread exited: 0x00000000571d1000


Dynamic libraries:
0x000000013fec0000 - 0x000000013fef7000 	C:\Program Files\Java\jdk1.8.0_73\bin\java.exe
0x0000000077090000 - 0x0000000077239000 	C:\Windows\SYSTEM32\ntdll.dll
0x0000000076e70000 - 0x0000000076f8f000 	C:\Windows\system32\kernel32.dll
0x000007fefd010000 - 0x000007fefd07c000 	C:\Windows\system32\KERNELBASE.dll
0x000007fefd7f0000 - 0x000007fefd8cb000 	C:\Windows\system32\ADVAPI32.dll
0x000007fefe890000 - 0x000007fefe92f000 	C:\Windows\system32\msvcrt.dll
0x000007fefd350000 - 0x000007fefd36f000 	C:\Windows\SYSTEM32\sechost.dll
0x000007fefd220000 - 0x000007fefd34d000 	C:\Windows\system32\RPCRT4.dll
0x0000000076f90000 - 0x000000007708a000 	C:\Windows\system32\USER32.dll
0x000007fefef20000 - 0x000007fefef87000 	C:\Windows\system32\GDI32.dll
0x000007feff030000 - 0x000007feff03e000 	C:\Windows\system32\LPK.dll
0x000007fefd410000 - 0x000007fefd4d9000 	C:\Windows\system32\USP10.dll
0x000007fefb480000 - 0x000007fefb674000 	C:\Windows\WinSxS\amd64_microsoft.windows.common-controls_6595b64144ccf1df_6.0.7601.18807_none_fa381d5f175bfb52\COMCTL32.dll
0x000007fefd4e0000 - 0x000007fefd551000 	C:\Windows\system32\SHLWAPI.dll
0x000007fefd7c0000 - 0x000007fefd7ee000 	C:\Windows\system32\IMM32.DLL
0x000007feff290000 - 0x000007feff399000 	C:\Windows\system32\MSCTF.dll
0x00000000681e0000 - 0x00000000682b2000 	C:\Program Files\Java\jdk1.8.0_73\jre\bin\msvcr100.dll
0x0000000064150000 - 0x00000000649e0000 	C:\Program Files\Java\jdk1.8.0_73\jre\bin\server\jvm.dll
0x000007feefc00000 - 0x000007feefc09000 	C:\Windows\system32\WSOCK32.dll
0x000007fefd560000 - 0x000007fefd5ad000 	C:\Windows\system32\WS2_32.dll
0x000007fefd210000 - 0x000007fefd218000 	C:\Windows\system32\NSI.dll
0x000007fef8870000 - 0x000007fef88ab000 	C:\Windows\system32\WINMM.dll
0x000007fefc0c0000 - 0x000007fefc0cc000 	C:\Windows\system32\VERSION.dll
0x0000000077250000 - 0x0000000077257000 	C:\Windows\system32\PSAPI.DLL
0x000000006c3d0000 - 0x000000006c3df000 	C:\Program Files\Java\jdk1.8.0_73\jre\bin\verify.dll
0x0000000068700000 - 0x0000000068729000 	C:\Program Files\Java\jdk1.8.0_73\jre\bin\java.dll
0x0000000068bd0000 - 0x0000000068be6000 	C:\Program Files\Java\jdk1.8.0_73\jre\bin\zip.dll
0x000007fefd970000 - 0x000007fefe6f9000 	C:\Windows\system32\SHELL32.dll
0x000007fefd5b0000 - 0x000007fefd7b3000 	C:\Windows\system32\ole32.dll
0x000007fefce50000 - 0x000007fefce5f000 	C:\Windows\system32\profapi.dll
0x000007fefb3d0000 - 0x000007fefb3e0000 	C:\Soft\IntelliJ IDEA\bin\breakgen64.dll
0x00000000686e0000 - 0x00000000686fa000 	C:\Program Files\Java\jdk1.8.0_73\jre\bin\net.dll
0x000007fefc5f0000 - 0x000007fefc645000 	C:\Windows\system32\mswsock.dll
0x000007fefc5e0000 - 0x000007fefc5e7000 	C:\Windows\System32\wship6.dll
0x000007fef6720000 - 0x000007fef680f000 	C:\Program Files\Java\jdk1.8.0_73\jre\bin\msvcr120.dll
0x000007fef6670000 - 0x000007fef6716000 	C:\Program Files\Java\jdk1.8.0_73\jre\bin\msvcp120.dll
0x0000000068370000 - 0x0000000068393000 	C:\Program Files\Java\jdk1.8.0_73\jre\bin\prism_d3d.dll
0x000007fee4b60000 - 0x000007fee4d5f000 	C:\Windows\system32\d3d9.dll
0x000007fee4b50000 - 0x000007fee4b57000 	C:\Windows\system32\d3d8thk.dll
0x000007fefb030000 - 0x000007fefb048000 	C:\Windows\system32\dwmapi.dll
0x000007fefb400000 - 0x000007fefb456000 	C:\Windows\system32\uxtheme.dll
0x000007fee3270000 - 0x000007fee4b4c000 	C:\Windows\system32\igdumdim64.dll
0x000007fef4d30000 - 0x000007fef5182000 	C:\Windows\system32\igdusc64.dll
0x0000000068320000 - 0x0000000068363000 	C:\Program Files\Java\jdk1.8.0_73\jre\bin\glass.dll
0x000007fefef90000 - 0x000007feff027000 	C:\Windows\system32\COMDLG32.dll
0x000007fefee40000 - 0x000007fefef17000 	C:\Windows\system32\OLEAUT32.dll
0x000007fefccf0000 - 0x000007fefccff000 	C:\Windows\system32\CRYPTBASE.dll
0x000007fef6d80000 - 0x000007fef6dbd000 	C:\Program Files\LeapSDK\lib\x64\LeapJava.dll
0x000007fede9d0000 - 0x000007feded0b000 	C:\Program Files\LeapSDK\lib\x64\Leap.dll
0x000007fefb7f0000 - 0x000007fefb81d000 	C:\Windows\system32\ntmarta.dll
0x000007fefeb10000 - 0x000007fefeb62000 	C:\Windows\system32\WLDAP32.dll
0x0000000068300000 - 0x0000000068314000 	C:\Program Files\Java\jdk1.8.0_73\jre\bin\javafx_font.dll
0x000007fee72a0000 - 0x000007fee7437000 	C:\Windows\system32\dwrite.dll
0x000007fefd370000 - 0x000007fefd409000 	C:\Windows\system32\CLBCatQ.DLL
0x000007fefae80000 - 0x000007fefafe1000 	C:\Windows\system32\WindowsCodecs.dll
0x000007fefcc90000 - 0x000007fefcce7000 	C:\Windows\system32\apphelp.dll
0x000007fefacc0000 - 0x000007fefacf5000 	C:\Windows\system32\EhStorShell.dll
0x000007fefe930000 - 0x000007fefeb07000 	C:\Windows\system32\SETUPAPI.dll
0x000007fefd180000 - 0x000007fefd1b6000 	C:\Windows\system32\CFGMGR32.dll
0x000007fefd080000 - 0x000007fefd09a000 	C:\Windows\system32\DEVOBJ.dll
0x000007fefb680000 - 0x000007fefb7ac000 	C:\Windows\system32\PROPSYS.dll
0x000007fefaa50000 - 0x000007fefaace000 	C:\Windows\System32\cscui.dll
0x000007fefb7e0000 - 0x000007fefb7ec000 	C:\Windows\System32\CSCDLL.dll
0x000007fefae70000 - 0x000007fefae7f000 	C:\Windows\system32\CSCAPI.dll
0x000007fefa900000 - 0x000007fefa980000 	C:\Windows\system32\ntshrui.dll
0x000007fefc930000 - 0x000007fefc953000 	C:\Windows\system32\srvcli.dll
0x000007fefa660000 - 0x000007fefa66b000 	C:\Windows\system32\slc.dll
0x000007fef68b0000 - 0x000007fef68dd000 	C:\Program Files\Common Files\Microsoft Shared\Ink\rtscom.dll
0x00000000682e0000 - 0x00000000682f1000 	C:\Program Files\Java\jdk1.8.0_73\jre\bin\prism_common.dll
0x0000000067040000 - 0x00000000671d8000 	C:\Program Files\Java\jdk1.8.0_73\jre\bin\awt.dll
0x000007fefc650000 - 0x000007fefc668000 	C:\Windows\system32\CRYPTSP.dll
0x000007fefc350000 - 0x000007fefc397000 	C:\Windows\system32\rsaenh.dll
0x000007fefd140000 - 0x000007fefd15e000 	C:\Windows\system32\USERENV.dll
0x000007fefad80000 - 0x000007fefada7000 	C:\Windows\system32\IPHLPAPI.DLL
0x000007fefad70000 - 0x000007fefad7b000 	C:\Windows\system32\WINNSI.DLL
0x000007fef9af0000 - 0x000007fef9b08000 	C:\Windows\system32\dhcpcsvc.DLL
0x000007fef9ab0000 - 0x000007fef9ac1000 	C:\Windows\system32\dhcpcsvc6.DLL
0x0000000068690000 - 0x00000000686a1000 	C:\Program Files\Java\jdk1.8.0_73\jre\bin\nio.dll
0x000007fef8520000 - 0x000007fef8645000 	C:\Windows\system32\dbghelp.dll

VM Arguments:
jvm_args: -Djava.library.path=C:\Program Files\LeapSDK\lib\x64 -Didea.launcher.port=7536 -Didea.launcher.bin.path=C:\Soft\IntelliJ IDEA\bin -Dfile.encoding=UTF-8 
java_command: com.intellij.rt.execution.application.AppMain sample.Main
java_class_path (initial): C:\Program Files\Java\jdk1.8.0_73\jre\lib\charsets.jar;C:\Program Files\Java\jdk1.8.0_73\jre\lib\deploy.jar;C:\Program Files\Java\jdk1.8.0_73\jre\lib\javaws.jar;C:\Program Files\Java\jdk1.8.0_73\jre\lib\jce.jar;C:\Program Files\Java\jdk1.8.0_73\jre\lib\jfr.jar;C:\Program Files\Java\jdk1.8.0_73\jre\lib\jfxswt.jar;C:\Program Files\Java\jdk1.8.0_73\jre\lib\jsse.jar;C:\Program Files\Java\jdk1.8.0_73\jre\lib\management-agent.jar;C:\Program Files\Java\jdk1.8.0_73\jre\lib\plugin.jar;C:\Program Files\Java\jdk1.8.0_73\jre\lib\resources.jar;C:\Program Files\Java\jdk1.8.0_73\jre\lib\rt.jar;C:\Program Files\Java\jdk1.8.0_73\jre\lib\ext\access-bridge-64.jar;C:\Program Files\Java\jdk1.8.0_73\jre\lib\ext\cldrdata.jar;C:\Program Files\Java\jdk1.8.0_73\jre\lib\ext\dnsns.jar;C:\Program Files\Java\jdk1.8.0_73\jre\lib\ext\jaccess.jar;C:\Program Files\Java\jdk1.8.0_73\jre\lib\ext\jfxrt.jar;C:\Program Files\Java\jdk1.8.0_73\jre\lib\ext\localedata.jar;C:\Program Files\Java\jdk1.8.0_73\jre\lib\ext\nashorn.jar;C:\Program Files\Java\jdk1.8.0_73\jre\lib\ext\sunec.jar;C:\Program Files\Java\jdk1.8.0_73\jre\lib\ext\sunjce_provider.jar;C:\Program Files\Java\jdk1.8.0_73\jre\lib\ext\sunmscapi.jar;C:\Program Files\Java\jdk1.8.0_73\jre\lib\ext\sunpkcs11.jar;C:\Program Files\Java\jdk1.8.0_73\jre\lib\ext\zipfs.jar;D:\Projects\SPb-AU-LeapMotion\LeapMotion\out\production\LeapMotion;C:\Program Files\LeapSDK\lib\LeapJava.jar;C:\Soft\IntelliJ IDEA\lib\idea_rt.jar
Launcher Type: SUN_STANDARD

Environment Variables:
JAVA_HOME=D:\Soft\Java
PATH=C:\Program Files\LeapSDK\lib\x64;th;C:\Program Files\Haskell\bin;C:\Soft\Haskell Platform\lib\extralibs\bin;C:\Soft\Haskell Platform\bin;C:\Windows\system32;C:\Windows;C:\Windows\System32\Wbem;C:\Windows\System32\WindowsPowerShell\v1.0\;C:\Soft\Skype\Phone\;C:\Soft\Java\bin;C:\Users\Anastasia\AppData\Local\Android\sdk\platform-tools;C:\Users\Anastasia\AppData\Local\Android\sdk\tools;D:\Soft\Git\cmd;C:\Soft\Haskell Platform\mingw\bin;C:\Program Files\apache-maven-3.3.3\bin;d:\soft\iverilog\bin;C:\Program Files\LLVM\bin;C:\Users\Anastasia\AppData\Roaming\cabal\bin;C:\Soft\MinGW\msys\1.0\bin;C:\Program Files (x86)\GnuWin32\bin;C:\Program Files (x86)\Atmel\Atmel Toolchain\AVR8 GCC\Native\3.4.2.939\avr8-gnu-toolchain\bin;c:\Program Files\Java\jdk1.8.0_73\binC:\ProgramData\Oracle\Java\javapath;C:\Program Files\Haskell\bin;C:\Soft\Haskell Platform\lib\extralibs\bin;C:\Soft\Haskell Platform\bin;C:\Windows\system32;C:\Windows;C:\Windows\System32\Wbem;C:\Windows\System32\WindowsPowerShell\v1.0\;C:\Soft\Skype\Phone\;C:\Soft\Java\bin;C:\Users\Anastasia\AppData\Local\Android\sdk\platform-tools;C:\Users\Anastasia\AppData\Local\Android\sdk\tools;D:\Soft\Git\cmd;C:\Soft\Haskell Platform\mingw\bin;C:\Program Files\apache-maven-3.3.3\bin;d:\soft\iverilog\bin;C:\Program Files\LLVM\bin;C:\Users\Anastasia\AppData\Roaming\cabal\bin;C:\Soft\MinGW\msys\1.0\bin;C:\Program Files (x86)\GnuWin32\bin;C:\Program Files (x86)\Atmel\Atmel Toolchain\AVR8 GCC\Native\3.4.2.939\avr8-gnu-toolchain\bin;c:\Program Files\Java\jdk1.8.0_73\bin
USERNAME=Anastasia
OS=Windows_NT
PROCESSOR_IDENTIFIER=Intel64 Family 6 Model 55 Stepping 8, GenuineIntel



---------------  S Y S T E M  ---------------

OS: Windows 7 , 64 bit Build 7601 (6.1.7601.18839)

CPU:total 2 (2 cores per cpu, 1 threads per core) family 6 model 55 stepping 8, cmov, cx8, fxsr, mmx, sse, sse2, sse3, ssse3, sse4.1, sse4.2, popcnt, clmul, erms, 3dnowpref, tsc, tscinvbit

Memory: 4k page, physical 4078212k(1089704k free), swap 8154588k(3920780k free)

vm_info: Java HotSpot(TM) 64-Bit Server VM (25.73-b02) for windows-amd64 JRE (1.8.0_73-b02), built on Jan 29 2016 17:38:49 by "java_re" with MS VC++ 10.0 (VS2010)

time: Wed Mar 23 15:54:09 2016
elapsed time: 85 seconds (0d 0h 1m 25s)

