#
# A fatal error has been detected by the Java Runtime Environment:
#
#  EXCEPTION_ACCESS_VIOLATION (0xc0000005) at pc=0x000007fef675c3f9, pid=4392, tid=5468
#
# JRE version: Java(TM) SE Runtime Environment (8.0_73-b02) (build 1.8.0_73-b02)
# Java VM: Java HotSpot(TM) 64-Bit Server VM (25.73-b02 mixed mode windows-amd64 compressed oops)
# Problematic frame:
# C  [msvcr120.dll+0x3c3f9]
#
# Failed to write core dump. Minidumps are not enabled by default on client versions of Windows
#
# If you would like to submit a bug report, please visit:
#   http://bugreport.java.com/bugreport/crash.jsp
# The crash happened outside the Java Virtual Machine in native code.
# See problematic frame for where to report the bug.
#

---------------  T H R E A D  ---------------

Current thread (0x0000000056d85800):  JavaThread "JavaFX Application Thread" [_thread_in_native, id=5468, stack(0x0000000057850000,0x0000000057950000)]

siginfo: ExceptionCode=0xc0000005, reading address 0x0000000000000000

Registers:
RAX=0x0000000000025800, RBX=0x00000000592fdfb8, RCX=0x0000000000025800, RDX=0xffffffff9ed19ff0
RSP=0x000000005794da08, RBP=0x000000005ddcad30, RSI=0x0000000000000000, RDI=0x00000000612e6010
R8 =0x0000000000025800, R9 =0x0000000000000400, R10=0x0000000000000000, R11=0x00000000612e6010
R12=0x0000000000000000, R13=0x00000000592fdfb8, R14=0x000000005794db20, R15=0x0000000056d85800
RIP=0x000007fef675c3f9, EFLAGS=0x0000000000010203

Top of Stack: (sp=0x000000005794da08)
0x000000005794da08:   000000005bf03918 0000000056d859f8
0x000000005794da18:   000007fef6d889de 00000000592fdfb8
0x000000005794da28:   000000005ddcad30 000000005bf03918
0x000000005794da38:   0000000056d859f8 0000000057190af0
0x000000005794da48:   0000000056d85800 00000000028a7710
0x000000005794da58:   00000000028b5854 000000005794dae8
0x000000005794da68:   0000000000000001 00000000612e6010
0x000000005794da78:   0000000000025800 000000005794db08
0x000000005794da88:   000000006428a490 00000000142107a8
0x000000005794da98:   0000000056d85800 00000000142107a8
0x000000005794daa8:   000000005794daa8 0000000000000000
0x000000005794dab8:   000000005794db20 0000000059308ea8
0x000000005794dac8:   0000000000000000 00000000592fdfb8
0x000000005794dad8:   0000000000000000 000000005794db08
0x000000005794dae8:   000000005794db68 00000000028a7cc1
0x000000005794daf8:   00000000c238d778 00000000028af958 

Instructions: (pc=0x000007fef675c3f9)
0x000007fef675c3d9:   03 c0 48 3b c8 0f 8c 96 03 00 00 0f ba 25 6c 53
0x000007fef675c3e9:   0a 00 01 73 13 57 56 48 8b f9 49 8b f2 49 8b c8
0x000007fef675c3f9:   f3 a4 5e 5f 49 8b c3 c3 0f ba 25 4f 53 0a 00 02
0x000007fef675c409:   0f 82 56 02 00 00 f6 c1 07 74 36 f6 c1 01 74 0b 


Register to memory mapping:

RAX=0x0000000000025800 is an unknown value
RBX={method} {0x00000000592fdfc0} 'Image_data' '(JLcom/leapmotion/leap/Image;[B)V' in 'com/leapmotion/leap/LeapJNI'
RCX=0x0000000000025800 is an unknown value
RDX=0xffffffff9ed19ff0 is an unknown value
RSP=0x000000005794da08 is pointing into the stack for thread: 0x0000000056d85800
RBP=0x000000005ddcad30 is an unknown value
RSI=0x0000000000000000 is an unknown value
RDI=0x00000000612e6010 is an unknown value
R8 =0x0000000000025800 is an unknown value
R9 =0x0000000000000400 is an unknown value
R10=0x0000000000000000 is an unknown value
R11=0x00000000612e6010 is an unknown value
R12=0x0000000000000000 is an unknown value
R13={method} {0x00000000592fdfc0} 'Image_data' '(JLcom/leapmotion/leap/Image;[B)V' in 'com/leapmotion/leap/LeapJNI'
R14=0x000000005794db20 is pointing into the stack for thread: 0x0000000056d85800
R15=0x0000000056d85800 is a thread


Stack: [0x0000000057850000,0x0000000057950000],  sp=0x000000005794da08,  free space=1014k
Native frames: (J=compiled Java code, j=interpreted, Vv=VM code, C=native code)
C  [msvcr120.dll+0x3c3f9]
C  0x000000005bf03918

Java frames: (J=compiled Java code, j=interpreted, Vv=VM code)
j  com.leapmotion.leap.LeapJNI.Image_data(JLcom/leapmotion/leap/Image;[B)V+0
j  com.leapmotion.leap.Image.data()[B+23
j  sample.FXController$1$1.run()V+14
j  com.sun.javafx.application.PlatformImpl.lambda$null$173(Ljava/lang/Runnable;)Ljava/lang/Void;+1
j  com.sun.javafx.application.PlatformImpl$$Lambda$52.run()Ljava/lang/Object;+4
v  ~StubRoutines::call_stub
J 1279  java.security.AccessController.doPrivileged(Ljava/security/PrivilegedAction;Ljava/security/AccessControlContext;)Ljava/lang/Object; (0 bytes) @ 0x0000000002d1b2a6 [0x0000000002d1b240+0x66]
j  com.sun.javafx.application.PlatformImpl.lambda$runLater$174(Ljava/lang/Runnable;Ljava/security/AccessControlContext;)V+7
j  com.sun.javafx.application.PlatformImpl$$Lambda$51.run()V+8
J 1698 C1 com.sun.glass.ui.InvokeLaterDispatcher$Future.run()V (91 bytes) @ 0x0000000002ce5d4c [0x0000000002ce5c40+0x10c]
v  ~StubRoutines::call_stub
j  com.sun.glass.ui.win.WinApplication._runLoop(Ljava/lang/Runnable;)V+0
j  com.sun.glass.ui.win.WinApplication.lambda$null$148(ILjava/lang/Runnable;)V+8
j  com.sun.glass.ui.win.WinApplication$$Lambda$40.run()V+12
j  java.lang.Thread.run()V+11
v  ~StubRoutines::call_stub

---------------  P R O C E S S  ---------------

Java Threads: ( => current thread )
  0x00000000565ef000 JavaThread "Thread-4" [_thread_blocked, id=5608, stack(0x000000005bb70000,0x000000005bc70000)]
  0x0000000057001000 JavaThread "Prism Font Disposer" daemon [_thread_blocked, id=2108, stack(0x000000005bcf0000,0x000000005bdf0000)]
  0x0000000056d9f000 JavaThread "Thread-3" daemon [_thread_in_native, id=5920, stack(0x00000000591f0000,0x00000000592f0000)]
=>0x0000000056d85800 JavaThread "JavaFX Application Thread" [_thread_in_native, id=5468, stack(0x0000000057850000,0x0000000057950000)]
  0x0000000056d88000 JavaThread "Thread-2" daemon [_thread_blocked, id=5012, stack(0x0000000057a00000,0x0000000057b00000)]
  0x0000000056719000 JavaThread "QuantumRenderer-0" daemon [_thread_blocked, id=5764, stack(0x00000000576f0000,0x00000000577f0000)]
  0x00000000566fa800 JavaThread "JavaFX-Launcher" [_thread_blocked, id=1936, stack(0x0000000056c80000,0x0000000056d80000)]
  0x0000000056459000 JavaThread "Monitor Ctrl-Break" daemon [_thread_in_native, id=6092, stack(0x0000000056a40000,0x0000000056b40000)]
  0x00000000563b0800 JavaThread "Service Thread" daemon [_thread_blocked, id=4700, stack(0x0000000056050000,0x0000000056150000)]
  0x0000000054bfe000 JavaThread "C1 CompilerThread1" daemon [_thread_blocked, id=2520, stack(0x00000000562a0000,0x00000000563a0000)]
  0x0000000054ba9000 JavaThread "C2 CompilerThread0" daemon [_thread_blocked, id=3820, stack(0x00000000561a0000,0x00000000562a0000)]
  0x0000000054ba7000 JavaThread "Attach Listener" daemon [_thread_blocked, id=2624, stack(0x0000000055f40000,0x0000000056040000)]
  0x0000000054ba6000 JavaThread "Signal Dispatcher" daemon [_thread_blocked, id=4504, stack(0x0000000055d60000,0x0000000055e60000)]
  0x0000000054b46800 JavaThread "Finalizer" daemon [_thread_blocked, id=5644, stack(0x0000000055b30000,0x0000000055c30000)]
  0x0000000054b43000 JavaThread "Reference Handler" daemon [_thread_blocked, id=5052, stack(0x0000000055940000,0x0000000055a40000)]
  0x000000000223f800 JavaThread "main" [_thread_blocked, id=5720, stack(0x00000000024d0000,0x00000000025d0000)]

Other Threads:
  0x0000000054b3d800 VMThread [stack: 0x0000000055770000,0x0000000055870000] [id=4952]
  0x0000000054c0f800 WatcherThread [stack: 0x0000000056890000,0x0000000056990000] [id=4016]

VM state:not at safepoint (normal execution)

VM Mutex/Monitor currently owned by a thread: None

Heap:
 PSYoungGen      total 17408K, used 14445K [0x00000000eb400000, 0x00000000ec600000, 0x0000000100000000)
  eden space 16384K, 86% used [0x00000000eb400000,0x00000000ec1ddfe0,0x00000000ec400000)
  from space 1024K, 24% used [0x00000000ec500000,0x00000000ec53d810,0x00000000ec600000)
  to   space 1024K, 0% used [0x00000000ec400000,0x00000000ec400000,0x00000000ec500000)
 ParOldGen       total 44032K, used 30908K [0x00000000c1c00000, 0x00000000c4700000, 0x00000000eb400000)
  object space 44032K, 70% used [0x00000000c1c00000,0x00000000c3a2f130,0x00000000c4700000)
 Metaspace       used 17214K, capacity 17762K, committed 18048K, reserved 1064960K
  class space    used 2213K, capacity 2372K, committed 2432K, reserved 1048576K

Card table byte_map: [0x0000000011c60000,0x0000000011e60000] byte_map_base: 0x0000000011652000

Marking Bits: (ParMarkBitMap*) 0x0000000064960600
 Begin Bits: [0x00000000120f0000, 0x0000000013080000)
 End Bits:   [0x0000000013080000, 0x0000000014010000)

Polling page: 0x0000000000230000

CodeCache: size=245760Kb used=5680Kb max_used=5680Kb free=240079Kb
 bounds [0x00000000028a0000, 0x0000000002e40000, 0x00000000118a0000]
 total_blobs=2683 nmethods=1997 adapters=598
 compilation: enabled

Compilation events (10 events):
Event: 236.553 Thread 0x0000000054bfe000 2167       3       com.sun.javafx.application.PlatformImpl::isCaspian (4 bytes)
Event: 236.554 Thread 0x0000000054bfe000 nmethod 2167 0x0000000002e302d0 code [0x0000000002e30420, 0x0000000002e30570]
Event: 237.561 Thread 0x0000000054bfe000 2168       3       com.sun.javafx.geom.RectBounds::intersectWith (33 bytes)
Event: 237.562 Thread 0x0000000054bfe000 nmethod 2168 0x0000000002e2fe50 code [0x0000000002e2ffc0, 0x0000000002e301e8]
Event: 237.562 Thread 0x0000000054bfe000 2169       3       com.sun.javafx.geom.RectBounds::intersectWith (77 bytes)
Event: 237.563 Thread 0x0000000054bfe000 nmethod 2169 0x0000000002e32210 code [0x0000000002e323c0, 0x0000000002e329d8]
Event: 237.563 Thread 0x0000000054bfe000 2170       3       com.sun.javafx.sg.prism.NGRegion::getPlatformPaint (13 bytes)
Event: 237.564 Thread 0x0000000054bfe000 nmethod 2170 0x0000000002e2f750 code [0x0000000002e2f8e0, 0x0000000002e2fcc8]
Event: 238.505 Thread 0x0000000054bfe000 2171       3       javafx.scene.paint.Color::acc_getPlatformPaint (23 bytes)
Event: 238.506 Thread 0x0000000054bfe000 nmethod 2171 0x0000000002e32b50 code [0x0000000002e32cc0, 0x0000000002e32f58]

GC Heap History (10 events):
Event: 235.442 GC heap before
{Heap before GC invocations=160 (full 0):
 PSYoungGen      total 17408K, used 16819K [0x00000000eb400000, 0x00000000ec600000, 0x0000000100000000)
  eden space 16384K, 99% used [0x00000000eb400000,0x00000000ec3fa720,0x00000000ec400000)
  from space 1024K, 44% used [0x00000000ec400000,0x00000000ec4727d0,0x00000000ec500000)
  to   space 1024K, 0% used [0x00000000ec500000,0x00000000ec500000,0x00000000ec600000)
 ParOldGen       total 44032K, used 29905K [0x00000000c1c00000, 0x00000000c4700000, 0x00000000eb400000)
  object space 44032K, 67% used [0x00000000c1c00000,0x00000000c39347e8,0x00000000c4700000)
 Metaspace       used 17210K, capacity 17762K, committed 18048K, reserved 1064960K
  class space    used 2213K, capacity 2372K, committed 2432K, reserved 1048576K
Event: 235.445 GC heap after
Heap after GC invocations=160 (full 0):
 PSYoungGen      total 17408K, used 681K [0x00000000eb400000, 0x00000000ec600000, 0x0000000100000000)
  eden space 16384K, 0% used [0x00000000eb400000,0x00000000eb400000,0x00000000ec400000)
  from space 1024K, 66% used [0x00000000ec500000,0x00000000ec5aa450,0x00000000ec600000)
  to   space 1024K, 0% used [0x00000000ec400000,0x00000000ec400000,0x00000000ec500000)
 ParOldGen       total 44032K, used 30072K [0x00000000c1c00000, 0x00000000c4700000, 0x00000000eb400000)
  object space 44032K, 68% used [0x00000000c1c00000,0x00000000c395e008,0x00000000c4700000)
 Metaspace       used 17210K, capacity 17762K, committed 18048K, reserved 1064960K
  class space    used 2213K, capacity 2372K, committed 2432K, reserved 1048576K
}
Event: 236.501 GC heap before
{Heap before GC invocations=161 (full 0):
 PSYoungGen      total 17408K, used 17065K [0x00000000eb400000, 0x00000000ec600000, 0x0000000100000000)
  eden space 16384K, 100% used [0x00000000eb400000,0x00000000ec400000,0x00000000ec400000)
  from space 1024K, 66% used [0x00000000ec500000,0x00000000ec5aa450,0x00000000ec600000)
  to   space 1024K, 0% used [0x00000000ec400000,0x00000000ec400000,0x00000000ec500000)
 ParOldGen       total 44032K, used 30072K [0x00000000c1c00000, 0x00000000c4700000, 0x00000000eb400000)
  object space 44032K, 68% used [0x00000000c1c00000,0x00000000c395e008,0x00000000c4700000)
 Metaspace       used 17211K, capacity 17762K, committed 18048K, reserved 1064960K
  class space    used 2213K, capacity 2372K, committed 2432K, reserved 1048576K
Event: 236.504 GC heap after
Heap after GC invocations=161 (full 0):
 PSYoungGen      total 17408K, used 430K [0x00000000eb400000, 0x00000000ec600000, 0x0000000100000000)
  eden space 16384K, 0% used [0x00000000eb400000,0x00000000eb400000,0x00000000ec400000)
  from space 1024K, 42% used [0x00000000ec400000,0x00000000ec46b870,0x00000000ec500000)
  to   space 1024K, 0% used [0x00000000ec500000,0x00000000ec500000,0x00000000ec600000)
 ParOldGen       total 44032K, used 30319K [0x00000000c1c00000, 0x00000000c4700000, 0x00000000eb400000)
  object space 44032K, 68% used [0x00000000c1c00000,0x00000000c399bfa0,0x00000000c4700000)
 Metaspace       used 17211K, capacity 17762K, committed 18048K, reserved 1064960K
  class space    used 2213K, capacity 2372K, committed 2432K, reserved 1048576K
}
Event: 237.540 GC heap before
{Heap before GC invocations=162 (full 0):
 PSYoungGen      total 17408K, used 16814K [0x00000000eb400000, 0x00000000ec600000, 0x0000000100000000)
  eden space 16384K, 100% used [0x00000000eb400000,0x00000000ec400000,0x00000000ec400000)
  from space 1024K, 42% used [0x00000000ec400000,0x00000000ec46b870,0x00000000ec500000)
  to   space 1024K, 0% used [0x00000000ec500000,0x00000000ec500000,0x00000000ec600000)
 ParOldGen       total 44032K, used 30320K [0x00000000c1c00000, 0x00000000c4700000, 0x00000000eb400000)
  object space 44032K, 68% used [0x00000000c1c00000,0x00000000c399c1e8,0x00000000c4700000)
 Metaspace       used 17212K, capacity 17762K, committed 18048K, reserved 1064960K
  class space    used 2213K, capacity 2372K, committed 2432K, reserved 1048576K
Event: 237.542 GC heap after
Heap after GC invocations=162 (full 0):
 PSYoungGen      total 17408K, used 495K [0x00000000eb400000, 0x00000000ec600000, 0x0000000100000000)
  eden space 16384K, 0% used [0x00000000eb400000,0x00000000eb400000,0x00000000ec400000)
  from space 1024K, 48% used [0x00000000ec500000,0x00000000ec57bf60,0x00000000ec600000)
  to   space 1024K, 0% used [0x00000000ec400000,0x00000000ec400000,0x00000000ec500000)
 ParOldGen       total 44032K, used 30494K [0x00000000c1c00000, 0x00000000c4700000, 0x00000000eb400000)
  object space 44032K, 69% used [0x00000000c1c00000,0x00000000c39c7a08,0x00000000c4700000)
 Metaspace       used 17212K, capacity 17762K, committed 18048K, reserved 1064960K
  class space    used 2213K, capacity 2372K, committed 2432K, reserved 1048576K
}
Event: 238.579 GC heap before
{Heap before GC invocations=163 (full 0):
 PSYoungGen      total 17408K, used 16879K [0x00000000eb400000, 0x00000000ec600000, 0x0000000100000000)
  eden space 16384K, 100% used [0x00000000eb400000,0x00000000ec400000,0x00000000ec400000)
  from space 1024K, 48% used [0x00000000ec500000,0x00000000ec57bf60,0x00000000ec600000)
  to   space 1024K, 0% used [0x00000000ec400000,0x00000000ec400000,0x00000000ec500000)
 ParOldGen       total 44032K, used 30499K [0x00000000c1c00000, 0x00000000c4700000, 0x00000000eb400000)
  object space 44032K, 69% used [0x00000000c1c00000,0x00000000c39c8e90,0x00000000c4700000)
 Metaspace       used 17214K, capacity 17762K, committed 18048K, reserved 1064960K
  class space    used 2213K, capacity 2372K, committed 2432K, reserved 1048576K
Event: 238.581 GC heap after
Heap after GC invocations=163 (full 0):
 PSYoungGen      total 17408K, used 314K [0x00000000eb400000, 0x00000000ec600000, 0x0000000100000000)
  eden space 16384K, 0% used [0x00000000eb400000,0x00000000eb400000,0x00000000ec400000)
  from space 1024K, 30% used [0x00000000ec400000,0x00000000ec44ea80,0x00000000ec500000)
  to   space 1024K, 0% used [0x00000000ec500000,0x00000000ec500000,0x00000000ec600000)
 ParOldGen       total 44032K, used 30673K [0x00000000c1c00000, 0x00000000c4700000, 0x00000000eb400000)
  object space 44032K, 69% used [0x00000000c1c00000,0x00000000c39f46b0,0x00000000c4700000)
 Metaspace       used 17214K, capacity 17762K, committed 18048K, reserved 1064960K
  class space    used 2213K, capacity 2372K, committed 2432K, reserved 1048576K
}
Event: 239.639 GC heap before
{Heap before GC invocations=164 (full 0):
 PSYoungGen      total 17408K, used 16686K [0x00000000eb400000, 0x00000000ec600000, 0x0000000100000000)
  eden space 16384K, 99% used [0x00000000eb400000,0x00000000ec3fd060,0x00000000ec400000)
  from space 1024K, 30% used [0x00000000ec400000,0x00000000ec44ea80,0x00000000ec500000)
  to   space 1024K, 0% used [0x00000000ec500000,0x00000000ec500000,0x00000000ec600000)
 ParOldGen       total 44032K, used 30673K [0x00000000c1c00000, 0x00000000c4700000, 0x00000000eb400000)
  object space 44032K, 69% used [0x00000000c1c00000,0x00000000c39f46b0,0x00000000c4700000)
 Metaspace       used 17214K, capacity 17762K, committed 18048K, reserved 1064960K
  class space    used 2213K, capacity 2372K, committed 2432K, reserved 1048576K
Event: 239.641 GC heap after
Heap after GC invocations=164 (full 0):
 PSYoungGen      total 17408K, used 246K [0x00000000eb400000, 0x00000000ec600000, 0x0000000100000000)
  eden space 16384K, 0% used [0x00000000eb400000,0x00000000eb400000,0x00000000ec400000)
  from space 1024K, 24% used [0x00000000ec500000,0x00000000ec53d810,0x00000000ec600000)
  to   space 1024K, 0% used [0x00000000ec400000,0x00000000ec400000,0x00000000ec500000)
 ParOldGen       total 44032K, used 30908K [0x00000000c1c00000, 0x00000000c4700000, 0x00000000eb400000)
  object space 44032K, 70% used [0x00000000c1c00000,0x00000000c3a2f130,0x00000000c4700000)
 Metaspace       used 17214K, capacity 17762K, committed 18048K, reserved 1064960K
  class space    used 2213K, capacity 2372K, committed 2432K, reserved 1048576K
}

Deoptimization events (10 events):
Event: 4.600 Thread 0x0000000056d85800 Uncommon trap: reason=class_check action=maybe_recompile pc=0x0000000002b43810 method=java.io.DataInputStream.readShort()S @ 4
Event: 4.620 Thread 0x0000000056d85800 Uncommon trap: reason=class_check action=maybe_recompile pc=0x00000000029c7460 method=java.lang.String.equals(Ljava/lang/Object;)Z @ 8
Event: 4.620 Thread 0x0000000056d85800 Uncommon trap: reason=class_check action=maybe_recompile pc=0x00000000029c7460 method=java.lang.String.equals(Ljava/lang/Object;)Z @ 8
Event: 4.620 Thread 0x0000000056d85800 Uncommon trap: reason=class_check action=maybe_recompile pc=0x00000000029c7460 method=java.lang.String.equals(Ljava/lang/Object;)Z @ 8
Event: 4.625 Thread 0x0000000056d85800 Uncommon trap: reason=class_check action=maybe_recompile pc=0x00000000029c7460 method=java.lang.String.equals(Ljava/lang/Object;)Z @ 8
Event: 4.795 Thread 0x0000000056d85800 Uncommon trap: reason=unstable_if action=reinterpret pc=0x0000000002bca29c method=java.lang.String.regionMatches(ZILjava/lang/String;II)Z @ 123
Event: 5.762 Thread 0x0000000056d85800 Uncommon trap: reason=unstable_if action=reinterpret pc=0x0000000002b975a8 method=sun.net.www.ParseUtil.encodePath(Ljava/lang/String;Z)Ljava/lang/String; @ 109
Event: 13.206 Thread 0x0000000056d85800 Uncommon trap: reason=unstable_if action=reinterpret pc=0x0000000002d15b68 method=com.sun.imageio.plugins.png.PNGImageWriter.encodePass(Ljavax/imageio/stream/ImageOutputStream;Ljava/awt/image/RenderedImage;IIII)V @ 303
Event: 116.038 Thread 0x0000000054b46800 Uncommon trap: reason=unstable_if action=reinterpret pc=0x0000000002b13a54 method=java.lang.ref.ReferenceQueue.remove(J)Ljava/lang/ref/Reference; @ 70
Event: 171.508 Thread 0x0000000056d9f000 Uncommon trap: reason=unstable_if action=reinterpret pc=0x0000000002d0102c method=com.sun.javafx.tk.quantum.QuantumToolkit.postPulse()V @ 37

Internal exceptions (10 events):
Event: 0.997 Thread 0x00000000566fa800 Exception <a 'java/lang/NullPointerException'> (0x00000000eb7a3de8) thrown at [D:\re\puppet\workspace\8-2-build-windows-amd64-cygwin\jdk8u73\6086\hotspot\src\share\vm\interpreter\linkResolver.cpp, line 1178]
Event: 2.987 Thread 0x0000000056d85800 Exception <a 'java/lang/NullPointerException'> (0x00000000ec0d0de8) thrown at [D:\re\puppet\workspace\8-2-build-windows-amd64-cygwin\jdk8u73\6086\hotspot\src\share\vm\interpreter\linkResolver.cpp, line 1178]
Event: 2.987 Thread 0x0000000056d85800 Exception <a 'java/lang/NullPointerException'> (0x00000000ec0d0de8) thrown at [D:\re\puppet\workspace\8-2-build-windows-amd64-cygwin\jdk8u73\6086\hotspot\src\share\vm\prims\jvm.cpp, line 1390]
Event: 3.604 Thread 0x0000000056d85800 Exception <a 'java/lang/ArrayIndexOutOfBoundsException'> (0x00000000eb4e5b30) thrown at [D:\re\puppet\workspace\8-2-build-windows-amd64-cygwin\jdk8u73\6086\hotspot\src\share\vm\runtime\sharedRuntime.cpp, line 605]
Event: 3.606 Thread 0x0000000056d85800 Exception <a 'java/lang/ArrayIndexOutOfBoundsException'> (0x00000000eb4e6830) thrown at [D:\re\puppet\workspace\8-2-build-windows-amd64-cygwin\jdk8u73\6086\hotspot\src\share\vm\runtime\sharedRuntime.cpp, line 605]
Event: 3.607 Thread 0x0000000056d85800 Exception <a 'java/lang/ArrayIndexOutOfBoundsException'> (0x00000000eb4e7bd8) thrown at [D:\re\puppet\workspace\8-2-build-windows-amd64-cygwin\jdk8u73\6086\hotspot\src\share\vm\runtime\sharedRuntime.cpp, line 605]
Event: 3.879 Thread 0x0000000056d85800 Implicit null exception at 0x0000000002b569e5 to 0x0000000002b56bc9
Event: 10.206 Thread 0x0000000056d85800 Exception <a 'java/io/FileNotFoundException'> (0x00000000ec0ca570) thrown at [D:\re\puppet\workspace\8-2-build-windows-amd64-cygwin\jdk8u73\6086\hotspot\src\share\vm\prims\jni.cpp, line 709]
Event: 10.211 Thread 0x0000000056d85800 Exception <a 'java/lang/IllegalArgumentException'> (0x00000000ec0d0cb0) thrown at [D:\re\puppet\workspace\8-2-build-windows-amd64-cygwin\jdk8u73\6086\hotspot\src\share\vm\prims\jvm.cpp, line 1390]
Event: 116.038 Thread 0x0000000054b46800 Implicit null exception at 0x0000000002b135e5 to 0x0000000002b13a34

Events (10 events):
Event: 240.362 Thread 0x0000000057201800 Thread added: 0x0000000057201800
Event: 240.362 Thread 0x0000000057201800 Thread exited: 0x0000000057201800
Event: 240.377 Thread 0x0000000057201800 Thread added: 0x0000000057201800
Event: 240.377 Thread 0x0000000057201800 Thread exited: 0x0000000057201800
Event: 240.377 Thread 0x0000000057201800 Thread added: 0x0000000057201800
Event: 240.377 Thread 0x0000000057201800 Thread exited: 0x0000000057201800
Event: 240.380 Thread 0x0000000057201800 Thread added: 0x0000000057201800
Event: 240.380 Thread 0x0000000057201800 Thread exited: 0x0000000057201800
Event: 240.380 Thread 0x0000000057201800 Thread added: 0x0000000057201800
Event: 240.380 Thread 0x0000000057201800 Thread exited: 0x0000000057201800


Dynamic libraries:
0x000000013fec0000 - 0x000000013fef7000 	C:\Program Files\Java\jdk1.8.0_73\bin\java.exe
0x0000000077090000 - 0x0000000077239000 	C:\Windows\SYSTEM32\ntdll.dll
0x0000000076e70000 - 0x0000000076f8f000 	C:\Windows\system32\kernel32.dll
0x000007fefd010000 - 0x000007fefd07c000 	C:\Windows\system32\KERNELBASE.dll
0x000007fefd7f0000 - 0x000007fefd8cb000 	C:\Windows\system32\ADVAPI32.dll
0x000007fefe890000 - 0x000007fefe92f000 	C:\Windows\system32\msvcrt.dll
0x000007fefd350000 - 0x000007fefd36f000 	C:\Windows\SYSTEM32\sechost.dll
0x000007fefd220000 - 0x000007fefd34d000 	C:\Windows\system32\RPCRT4.dll
0x0000000076f90000 - 0x000000007708a000 	C:\Windows\system32\USER32.dll
0x000007fefef20000 - 0x000007fefef87000 	C:\Windows\system32\GDI32.dll
0x000007feff030000 - 0x000007feff03e000 	C:\Windows\system32\LPK.dll
0x000007fefd410000 - 0x000007fefd4d9000 	C:\Windows\system32\USP10.dll
0x000007fefb480000 - 0x000007fefb674000 	C:\Windows\WinSxS\amd64_microsoft.windows.common-controls_6595b64144ccf1df_6.0.7601.18807_none_fa381d5f175bfb52\COMCTL32.dll
0x000007fefd4e0000 - 0x000007fefd551000 	C:\Windows\system32\SHLWAPI.dll
0x000007fefd7c0000 - 0x000007fefd7ee000 	C:\Windows\system32\IMM32.DLL
0x000007feff290000 - 0x000007feff399000 	C:\Windows\system32\MSCTF.dll
0x00000000681e0000 - 0x00000000682b2000 	C:\Program Files\Java\jdk1.8.0_73\jre\bin\msvcr100.dll
0x0000000064150000 - 0x00000000649e0000 	C:\Program Files\Java\jdk1.8.0_73\jre\bin\server\jvm.dll
0x000007feefc00000 - 0x000007feefc09000 	C:\Windows\system32\WSOCK32.dll
0x000007fefd560000 - 0x000007fefd5ad000 	C:\Windows\system32\WS2_32.dll
0x000007fefd210000 - 0x000007fefd218000 	C:\Windows\system32\NSI.dll
0x000007fef8870000 - 0x000007fef88ab000 	C:\Windows\system32\WINMM.dll
0x000007fefc0c0000 - 0x000007fefc0cc000 	C:\Windows\system32\VERSION.dll
0x0000000077250000 - 0x0000000077257000 	C:\Windows\system32\PSAPI.DLL
0x000000006c3d0000 - 0x000000006c3df000 	C:\Program Files\Java\jdk1.8.0_73\jre\bin\verify.dll
0x0000000068700000 - 0x0000000068729000 	C:\Program Files\Java\jdk1.8.0_73\jre\bin\java.dll
0x0000000068bd0000 - 0x0000000068be6000 	C:\Program Files\Java\jdk1.8.0_73\jre\bin\zip.dll
0x000007fefd970000 - 0x000007fefe6f9000 	C:\Windows\system32\SHELL32.dll
0x000007fefd5b0000 - 0x000007fefd7b3000 	C:\Windows\system32\ole32.dll
0x000007fefce50000 - 0x000007fefce5f000 	C:\Windows\system32\profapi.dll
0x000007fefb3d0000 - 0x000007fefb3e0000 	C:\Soft\IntelliJ IDEA\bin\breakgen64.dll
0x00000000686e0000 - 0x00000000686fa000 	C:\Program Files\Java\jdk1.8.0_73\jre\bin\net.dll
0x000007fefc5f0000 - 0x000007fefc645000 	C:\Windows\system32\mswsock.dll
0x000007fefc5e0000 - 0x000007fefc5e7000 	C:\Windows\System32\wship6.dll
0x000007fef6720000 - 0x000007fef680f000 	C:\Program Files\Java\jdk1.8.0_73\jre\bin\msvcr120.dll
0x000007fef6670000 - 0x000007fef6716000 	C:\Program Files\Java\jdk1.8.0_73\jre\bin\msvcp120.dll
0x0000000068370000 - 0x0000000068393000 	C:\Program Files\Java\jdk1.8.0_73\jre\bin\prism_d3d.dll
0x000007fee4b60000 - 0x000007fee4d5f000 	C:\Windows\system32\d3d9.dll
0x000007fee4b50000 - 0x000007fee4b57000 	C:\Windows\system32\d3d8thk.dll
0x000007fefb030000 - 0x000007fefb048000 	C:\Windows\system32\dwmapi.dll
0x000007fefb400000 - 0x000007fefb456000 	C:\Windows\system32\uxtheme.dll
0x000007fee3270000 - 0x000007fee4b4c000 	C:\Windows\system32\igdumdim64.dll
0x000007fef4d30000 - 0x000007fef5182000 	C:\Windows\system32\igdusc64.dll
0x0000000068320000 - 0x0000000068363000 	C:\Program Files\Java\jdk1.8.0_73\jre\bin\glass.dll
0x000007fefef90000 - 0x000007feff027000 	C:\Windows\system32\COMDLG32.dll
0x000007fefee40000 - 0x000007fefef17000 	C:\Windows\system32\OLEAUT32.dll
0x000007fefccf0000 - 0x000007fefccff000 	C:\Windows\system32\CRYPTBASE.dll
0x000007fef6d80000 - 0x000007fef6dbd000 	C:\Program Files\LeapSDK\lib\x64\LeapJava.dll
0x000007fede9d0000 - 0x000007feded0b000 	C:\Program Files\LeapSDK\lib\x64\Leap.dll
0x000007fefb7f0000 - 0x000007fefb81d000 	C:\Windows\system32\ntmarta.dll
0x000007fefeb10000 - 0x000007fefeb62000 	C:\Windows\system32\WLDAP32.dll
0x0000000068300000 - 0x0000000068314000 	C:\Program Files\Java\jdk1.8.0_73\jre\bin\javafx_font.dll
0x000007fee72a0000 - 0x000007fee7437000 	C:\Windows\system32\dwrite.dll
0x000007fefd370000 - 0x000007fefd409000 	C:\Windows\system32\CLBCatQ.DLL
0x000007fefae80000 - 0x000007fefafe1000 	C:\Windows\system32\WindowsCodecs.dll
0x000007fefcc90000 - 0x000007fefcce7000 	C:\Windows\system32\apphelp.dll
0x000007fefacc0000 - 0x000007fefacf5000 	C:\Windows\system32\EhStorShell.dll
0x000007fefe930000 - 0x000007fefeb07000 	C:\Windows\system32\SETUPAPI.dll
0x000007fefd180000 - 0x000007fefd1b6000 	C:\Windows\system32\CFGMGR32.dll
0x000007fefd080000 - 0x000007fefd09a000 	C:\Windows\system32\DEVOBJ.dll
0x000007fefb680000 - 0x000007fefb7ac000 	C:\Windows\system32\PROPSYS.dll
0x000007fefaa50000 - 0x000007fefaace000 	C:\Windows\System32\cscui.dll
0x000007fefb7e0000 - 0x000007fefb7ec000 	C:\Windows\System32\CSCDLL.dll
0x000007fefae70000 - 0x000007fefae7f000 	C:\Windows\system32\CSCAPI.dll
0x000007fefa900000 - 0x000007fefa980000 	C:\Windows\system32\ntshrui.dll
0x000007fefc930000 - 0x000007fefc953000 	C:\Windows\system32\srvcli.dll
0x000007fefa660000 - 0x000007fefa66b000 	C:\Windows\system32\slc.dll
0x000007fef68b0000 - 0x000007fef68dd000 	C:\Program Files\Common Files\Microsoft Shared\Ink\rtscom.dll
0x00000000682e0000 - 0x00000000682f1000 	C:\Program Files\Java\jdk1.8.0_73\jre\bin\prism_common.dll
0x00000000671e0000 - 0x0000000067378000 	C:\Program Files\Java\jdk1.8.0_73\jre\bin\awt.dll
0x000007fefc650000 - 0x000007fefc668000 	C:\Windows\system32\CRYPTSP.dll
0x000007fefc350000 - 0x000007fefc397000 	C:\Windows\system32\rsaenh.dll
0x000007fefd140000 - 0x000007fefd15e000 	C:\Windows\system32\USERENV.dll
0x000007fefad80000 - 0x000007fefada7000 	C:\Windows\system32\IPHLPAPI.DLL
0x000007fefad70000 - 0x000007fefad7b000 	C:\Windows\system32\WINNSI.DLL
0x000007fef9af0000 - 0x000007fef9b08000 	C:\Windows\system32\dhcpcsvc.DLL
0x000007fef9ab0000 - 0x000007fef9ac1000 	C:\Windows\system32\dhcpcsvc6.DLL
0x0000000068690000 - 0x00000000686a1000 	C:\Program Files\Java\jdk1.8.0_73\jre\bin\nio.dll
0x000007fef8520000 - 0x000007fef8645000 	C:\Windows\system32\dbghelp.dll

VM Arguments:
jvm_args: -Djava.library.path=C:\Program Files\LeapSDK\lib\x64 -Didea.launcher.port=7536 -Didea.launcher.bin.path=C:\Soft\IntelliJ IDEA\bin -Dfile.encoding=UTF-8 
java_command: com.intellij.rt.execution.application.AppMain sample.Main
java_class_path (initial): C:\Program Files\Java\jdk1.8.0_73\jre\lib\charsets.jar;C:\Program Files\Java\jdk1.8.0_73\jre\lib\deploy.jar;C:\Program Files\Java\jdk1.8.0_73\jre\lib\javaws.jar;C:\Program Files\Java\jdk1.8.0_73\jre\lib\jce.jar;C:\Program Files\Java\jdk1.8.0_73\jre\lib\jfr.jar;C:\Program Files\Java\jdk1.8.0_73\jre\lib\jfxswt.jar;C:\Program Files\Java\jdk1.8.0_73\jre\lib\jsse.jar;C:\Program Files\Java\jdk1.8.0_73\jre\lib\management-agent.jar;C:\Program Files\Java\jdk1.8.0_73\jre\lib\plugin.jar;C:\Program Files\Java\jdk1.8.0_73\jre\lib\resources.jar;C:\Program Files\Java\jdk1.8.0_73\jre\lib\rt.jar;C:\Program Files\Java\jdk1.8.0_73\jre\lib\ext\access-bridge-64.jar;C:\Program Files\Java\jdk1.8.0_73\jre\lib\ext\cldrdata.jar;C:\Program Files\Java\jdk1.8.0_73\jre\lib\ext\dnsns.jar;C:\Program Files\Java\jdk1.8.0_73\jre\lib\ext\jaccess.jar;C:\Program Files\Java\jdk1.8.0_73\jre\lib\ext\jfxrt.jar;C:\Program Files\Java\jdk1.8.0_73\jre\lib\ext\localedata.jar;C:\Program Files\Java\jdk1.8.0_73\jre\lib\ext\nashorn.jar;C:\Program Files\Java\jdk1.8.0_73\jre\lib\ext\sunec.jar;C:\Program Files\Java\jdk1.8.0_73\jre\lib\ext\sunjce_provider.jar;C:\Program Files\Java\jdk1.8.0_73\jre\lib\ext\sunmscapi.jar;C:\Program Files\Java\jdk1.8.0_73\jre\lib\ext\sunpkcs11.jar;C:\Program Files\Java\jdk1.8.0_73\jre\lib\ext\zipfs.jar;D:\Projects\SPb-AU-LeapMotion\LeapMotion\out\production\LeapMotion;C:\Program Files\LeapSDK\lib\LeapJava.jar;C:\Soft\IntelliJ IDEA\lib\idea_rt.jar
Launcher Type: SUN_STANDARD

Environment Variables:
JAVA_HOME=D:\Soft\Java
PATH=C:\Program Files\LeapSDK\lib\x64;th;C:\Program Files\Haskell\bin;C:\Soft\Haskell Platform\lib\extralibs\bin;C:\Soft\Haskell Platform\bin;C:\Windows\system32;C:\Windows;C:\Windows\System32\Wbem;C:\Windows\System32\WindowsPowerShell\v1.0\;C:\Soft\Skype\Phone\;C:\Soft\Java\bin;C:\Users\Anastasia\AppData\Local\Android\sdk\platform-tools;C:\Users\Anastasia\AppData\Local\Android\sdk\tools;D:\Soft\Git\cmd;C:\Soft\Haskell Platform\mingw\bin;C:\Program Files\apache-maven-3.3.3\bin;d:\soft\iverilog\bin;C:\Program Files\LLVM\bin;C:\Users\Anastasia\AppData\Roaming\cabal\bin;C:\Soft\MinGW\msys\1.0\bin;C:\Program Files (x86)\GnuWin32\bin;C:\Program Files (x86)\Atmel\Atmel Toolchain\AVR8 GCC\Native\3.4.2.939\avr8-gnu-toolchain\bin;c:\Program Files\Java\jdk1.8.0_73\binC:\ProgramData\Oracle\Java\javapath;C:\Program Files\Haskell\bin;C:\Soft\Haskell Platform\lib\extralibs\bin;C:\Soft\Haskell Platform\bin;C:\Windows\system32;C:\Windows;C:\Windows\System32\Wbem;C:\Windows\System32\WindowsPowerShell\v1.0\;C:\Soft\Skype\Phone\;C:\Soft\Java\bin;C:\Users\Anastasia\AppData\Local\Android\sdk\platform-tools;C:\Users\Anastasia\AppData\Local\Android\sdk\tools;D:\Soft\Git\cmd;C:\Soft\Haskell Platform\mingw\bin;C:\Program Files\apache-maven-3.3.3\bin;d:\soft\iverilog\bin;C:\Program Files\LLVM\bin;C:\Users\Anastasia\AppData\Roaming\cabal\bin;C:\Soft\MinGW\msys\1.0\bin;C:\Program Files (x86)\GnuWin32\bin;C:\Program Files (x86)\Atmel\Atmel Toolchain\AVR8 GCC\Native\3.4.2.939\avr8-gnu-toolchain\bin;c:\Program Files\Java\jdk1.8.0_73\bin
USERNAME=Anastasia
OS=Windows_NT
PROCESSOR_IDENTIFIER=Intel64 Family 6 Model 55 Stepping 8, GenuineIntel



---------------  S Y S T E M  ---------------

OS: Windows 7 , 64 bit Build 7601 (6.1.7601.18839)

CPU:total 2 (2 cores per cpu, 1 threads per core) family 6 model 55 stepping 8, cmov, cx8, fxsr, mmx, sse, sse2, sse3, ssse3, sse4.1, sse4.2, popcnt, clmul, erms, 3dnowpref, tsc, tscinvbit

Memory: 4k page, physical 4078212k(961008k free), swap 8154588k(3814868k free)

vm_info: Java HotSpot(TM) 64-Bit Server VM (25.73-b02) for windows-amd64 JRE (1.8.0_73-b02), built on Jan 29 2016 17:38:49 by "java_re" with MS VC++ 10.0 (VS2010)

time: Wed Mar 23 16:00:20 2016
elapsed time: 240 seconds (0d 0h 4m 0s)

